<?xml version="1.0"?>
<checkstyle><file name="modules/contrib/acquia_contenthub/modules/acquia_contenthub_publisher/src/Controller/StatusReportController.php"><error line="101" message="Call to deprecated function pager_default_initialize(). Deprecated in drupal:8.8.0 and is removed from drupal:9.0.0. Use&#10;\Drupal\Core\Pager\PagerManagerInterface-&gt;defaultInitialize() instead." severity="warning"/></file><file name="modules/contrib/acquia_contenthub/modules/acquia_contenthub_s3/src/S3FileOriginLocator.php"><error line="82" message="Call to deprecated function file_uri_target(). Deprecated in drupal:8.8.0 and is removed from drupal:9.0.0. Use&#10;\Drupal\Core\StreamWrapper\StreamWrapperManagerInterface::getTarget()&#10;instead." severity="warning"/></file><file name="modules/contrib/acquia_contenthub/modules/acquia_contenthub_s3/src/S3fsStreamDecorator.php"><error line="" message="Class Drupal\s3fs\StreamWrapper\S3fsStream not found and could not be autoloaded." severity="error"/><error line="12" message="Class Drupal\s3fs\StreamWrapper\S3fsStream not found and could not be autoloaded." severity="error"/></file><file name="modules/contrib/acquia_contenthub/modules/acquia_contenthub_s3/tests/src/Kernel/S3FileEntityHandlerTest.php"><error line="" message="Class PHPUnit\Framework\TestCase not found and could not be autoloaded." severity="error"/><error line="22" message="Class PHPUnit\Framework\TestCase not found and could not be autoloaded." severity="error"/></file><file name="modules/contrib/acquia_contenthub/modules/acquia_contenthub_s3/tests/src/Kernel/S3FileKernelTestBase.php"><error line="" message="Class PHPUnit\Framework\TestCase not found and could not be autoloaded." severity="error"/><error line="13" message="Class PHPUnit\Framework\TestCase not found and could not be autoloaded." severity="error"/></file><file name="modules/contrib/acquia_contenthub/modules/acquia_contenthub_s3/tests/src/Kernel/S3FileMapTest.php"><error line="" message="Class PHPUnit\Framework\TestCase not found and could not be autoloaded." severity="error"/><error line="18" message="Class PHPUnit\Framework\TestCase not found and could not be autoloaded." severity="error"/></file><file name="modules/contrib/acquia_contenthub/modules/acquia_contenthub_s3/tests/src/Kernel/S3FileMapperTest.php"><error line="" message="Class PHPUnit\Framework\TestCase not found and could not be autoloaded." severity="error"/><error line="22" message="Class PHPUnit\Framework\TestCase not found and could not be autoloaded." severity="error"/></file><file name="modules/contrib/acquia_contenthub/modules/acquia_contenthub_s3/tests/src/Kernel/S3FileOriginLocatorTest.php"><error line="" message="Class PHPUnit\Framework\TestCase not found and could not be autoloaded." severity="error"/><error line="25" message="Class PHPUnit\Framework\TestCase not found and could not be autoloaded." severity="error"/></file><file name="modules/contrib/acquia_contenthub/modules/acquia_contenthub_s3/tests/src/Kernel/S3FileSchemeHandlerTest.php"><error line="" message="Class PHPUnit\Framework\TestCase not found and could not be autoloaded." severity="error"/><error line="19" message="Class PHPUnit\Framework\TestCase not found and could not be autoloaded." severity="error"/></file><file name="modules/contrib/acquia_contenthub/modules/acquia_contenthub_s3/tests/src/Unit/S3FileEntityHandlerTest.php"><error line="" message="Class PHPUnit\Framework\TestCase not found and could not be autoloaded." severity="error"/><error line="23" message="Class PHPUnit\Framework\TestCase not found and could not be autoloaded." severity="error"/></file><file name="modules/contrib/acquia_contenthub/src/Plugin/FileSchemeHandler/PublicFileSchemeHandler.php"><error line="89" message="Call to deprecated function file_uri_target(). Deprecated in drupal:8.8.0 and is removed from drupal:9.0.0. Use&#10;\Drupal\Core\StreamWrapper\StreamWrapperManagerInterface::getTarget()&#10;instead." severity="warning"/></file><file name="modules/contrib/acquia_contenthub/tests/src/Functional/ContentHubSettingsFormTest.php"><error line="" message="Class PHPUnit\Framework\TestCase not found and could not be autoloaded." severity="error"/><error line="13" message="Class PHPUnit\Framework\TestCase not found and could not be autoloaded." severity="error"/></file><file name="modules/contrib/acquia_contenthub/tests/src/Kernel/BlockTest.php"><error line="" message="Class PHPUnit\Framework\TestCase not found and could not be autoloaded." severity="error"/><error line="12" message="Class PHPUnit\Framework\TestCase not found and could not be autoloaded." severity="error"/></file><file name="modules/contrib/acquia_contenthub/tests/src/Kernel/ClientCDFTest.php"><error line="" message="Class PHPUnit\Framework\TestCase not found and could not be autoloaded." severity="error"/><error line="17" message="Class PHPUnit\Framework\TestCase not found and could not be autoloaded." severity="error"/></file><file name="modules/contrib/acquia_contenthub/tests/src/Kernel/ClientFactoryTest.php"><error line="" message="Class PHPUnit\Framework\TestCase not found and could not be autoloaded." severity="error"/><error line="17" message="Class PHPUnit\Framework\TestCase not found and could not be autoloaded." severity="error"/></file><file name="modules/contrib/acquia_contenthub/tests/src/Kernel/ConfigEntityTranslationTest.php"><error line="" message="Class PHPUnit\Framework\TestCase not found and could not be autoloaded." severity="error"/><error line="15" message="Class PHPUnit\Framework\TestCase not found and could not be autoloaded." severity="error"/></file><file name="modules/contrib/acquia_contenthub/tests/src/Kernel/ContentHubStatusDetailsTest.php"><error line="" message="Class PHPUnit\Framework\TestCase not found and could not be autoloaded." severity="error"/><error line="17" message="Class PHPUnit\Framework\TestCase not found and could not be autoloaded." severity="error"/></file><file name="modules/contrib/acquia_contenthub/tests/src/Kernel/ContentHubStatusReportTest.php"><error line="" message="Class PHPUnit\Framework\TestCase not found and could not be autoloaded." severity="error"/><error line="18" message="Class PHPUnit\Framework\TestCase not found and could not be autoloaded." severity="error"/></file><file name="modules/contrib/acquia_contenthub/tests/src/Kernel/DeleteEntityTest.php"><error line="" message="Class PHPUnit\Framework\TestCase not found and could not be autoloaded." severity="error"/><error line="21" message="Class PHPUnit\Framework\TestCase not found and could not be autoloaded." severity="error"/></file><file name="modules/contrib/acquia_contenthub/tests/src/Kernel/EventSubscriber/ExportUnownedContentOnDualConfigSites/PruneImportedEntitiesFromExportTest.php"><error line="" message="Class PHPUnit\Framework\TestCase not found and could not be autoloaded." severity="error"/><error line="24" message="Class PHPUnit\Framework\TestCase not found and could not be autoloaded." severity="error"/></file><file name="modules/contrib/acquia_contenthub/tests/src/Kernel/EventSubscriber/GetSettings/GetSettingsFromEnvVarTest.php"><error line="" message="Class PHPUnit\Framework\TestCase not found and could not be autoloaded." severity="error"/><error line="19" message="Class PHPUnit\Framework\TestCase not found and could not be autoloaded." severity="error"/></file><file name="modules/contrib/acquia_contenthub/tests/src/Kernel/EventSubscriber/SerializeContentField/LinkFieldSerializerTest.php"><error line="" message="Class PHPUnit\Framework\TestCase not found and could not be autoloaded." severity="error"/><error line="26" message="Class PHPUnit\Framework\TestCase not found and could not be autoloaded." severity="error"/></file><file name="modules/contrib/acquia_contenthub/tests/src/Kernel/EventSubscriber/SerializeContentField/PathFieldSerializerTest.php"><error line="" message="Class PHPUnit\Framework\TestCase not found and could not be autoloaded." severity="error"/><error line="24" message="Class PHPUnit\Framework\TestCase not found and could not be autoloaded." severity="error"/></file><file name="modules/contrib/acquia_contenthub/tests/src/Kernel/ExportTest.php"><error line="" message="Class PHPUnit\Framework\TestCase not found and could not be autoloaded." severity="error"/><error line="31" message="Class PHPUnit\Framework\TestCase not found and could not be autoloaded." severity="error"/></file><file name="modules/contrib/acquia_contenthub/tests/src/Kernel/FileImportExportTest.php"><error line="" message="Class PHPUnit\Framework\TestCase not found and could not be autoloaded." severity="error"/><error line="14" message="Class PHPUnit\Framework\TestCase not found and could not be autoloaded." severity="error"/></file><file name="modules/contrib/acquia_contenthub/tests/src/Kernel/ImportExportTestBase.php"><error line="" message="Class PHPUnit\Framework\TestCase not found and could not be autoloaded." severity="error"/><error line="26" message="Class PHPUnit\Framework\TestCase not found and could not be autoloaded." severity="error"/></file><file name="modules/contrib/acquia_contenthub/tests/src/Kernel/ImportFromFiltersTest.php"><error line="" message="Class PHPUnit\Framework\TestCase not found and could not be autoloaded." severity="error"/><error line="19" message="Class PHPUnit\Framework\TestCase not found and could not be autoloaded." severity="error"/></file><file name="modules/contrib/acquia_contenthub/tests/src/Kernel/ImportTrackingTest.php"><error line="" message="Class PHPUnit\Framework\TestCase not found and could not be autoloaded." severity="error"/><error line="22" message="Class PHPUnit\Framework\TestCase not found and could not be autoloaded." severity="error"/></file><file name="modules/contrib/acquia_contenthub/tests/src/Kernel/MediaImportExportTest.php"><error line="" message="Class PHPUnit\Framework\TestCase not found and could not be autoloaded." severity="error"/><error line="14" message="Class PHPUnit\Framework\TestCase not found and could not be autoloaded." severity="error"/></file><file name="modules/contrib/acquia_contenthub/tests/src/Kernel/MenuTest.php"><error line="" message="Class PHPUnit\Framework\TestCase not found and could not be autoloaded." severity="error"/><error line="13" message="Class PHPUnit\Framework\TestCase not found and could not be autoloaded." severity="error"/></file><file name="modules/contrib/acquia_contenthub/tests/src/Kernel/NodeImportChannelSpecificContentTest.php"><error line="" message="Class PHPUnit\Framework\TestCase not found and could not be autoloaded." severity="error"/><error line="17" message="Class PHPUnit\Framework\TestCase not found and could not be autoloaded." severity="error"/></file><file name="modules/contrib/acquia_contenthub/tests/src/Kernel/NodeImportExportTest.php"><error line="" message="Class PHPUnit\Framework\TestCase not found and could not be autoloaded." severity="error"/><error line="13" message="Class PHPUnit\Framework\TestCase not found and could not be autoloaded." severity="error"/></file><file name="modules/contrib/acquia_contenthub/tests/src/Kernel/NodeImportUpdateExportTest.php"><error line="" message="Class PHPUnit\Framework\TestCase not found and could not be autoloaded." severity="error"/><error line="13" message="Class PHPUnit\Framework\TestCase not found and could not be autoloaded." severity="error"/></file><file name="modules/contrib/acquia_contenthub/tests/src/Kernel/NotConfirmedEntitiesTest.php"><error line="" message="Class PHPUnit\Framework\TestCase not found and could not be autoloaded." severity="error"/><error line="21" message="Class PHPUnit\Framework\TestCase not found and could not be autoloaded." severity="error"/></file><file name="modules/contrib/acquia_contenthub/tests/src/Kernel/ParagraphsImportExportTest.php"><error line="" message="Class PHPUnit\Framework\TestCase not found and could not be autoloaded." severity="error"/><error line="14" message="Class PHPUnit\Framework\TestCase not found and could not be autoloaded." severity="error"/></file><file name="modules/contrib/acquia_contenthub/tests/src/Kernel/PreExistingTermImportExportTest.php"><error line="" message="Class PHPUnit\Framework\TestCase not found and could not be autoloaded." severity="error"/><error line="12" message="Class PHPUnit\Framework\TestCase not found and could not be autoloaded." severity="error"/></file><file name="modules/contrib/acquia_contenthub/tests/src/Kernel/PreExistingTermMultipleParentImportExportTest.php"><error line="" message="Class PHPUnit\Framework\TestCase not found and could not be autoloaded." severity="error"/><error line="12" message="Class PHPUnit\Framework\TestCase not found and could not be autoloaded." severity="error"/></file><file name="modules/contrib/acquia_contenthub/tests/src/Kernel/TermImportExportTest.php"><error line="" message="Class PHPUnit\Framework\TestCase not found and could not be autoloaded." severity="error"/><error line="13" message="Class PHPUnit\Framework\TestCase not found and could not be autoloaded." severity="error"/></file><file name="modules/contrib/acquia_contenthub/tests/src/Kernel/UnserializationTest.php"><error line="" message="Class PHPUnit\Framework\TestCase not found and could not be autoloaded." severity="error"/><error line="28" message="Class PHPUnit\Framework\TestCase not found and could not be autoloaded." severity="error"/></file><file name="modules/contrib/acquia_contenthub/tests/src/Kernel/UserImportExportTest.php"><error line="" message="Class PHPUnit\Framework\TestCase not found and could not be autoloaded." severity="error"/><error line="12" message="Class PHPUnit\Framework\TestCase not found and could not be autoloaded." severity="error"/></file><file name="modules/contrib/acquia_contenthub/tests/src/Kernel/UserImportUpdateExportTest.php"><error line="" message="Class PHPUnit\Framework\TestCase not found and could not be autoloaded." severity="error"/><error line="12" message="Class PHPUnit\Framework\TestCase not found and could not be autoloaded." severity="error"/></file><file name="modules/contrib/acquia_contenthub/tests/src/Kernel/ViewConfigTest.php"><error line="" message="Class PHPUnit\Framework\TestCase not found and could not be autoloaded." severity="error"/><error line="14" message="Class PHPUnit\Framework\TestCase not found and could not be autoloaded." severity="error"/></file><file name="modules/contrib/acquia_contenthub/tests/src/Unit/EventSubscriber/CdfAttributes/HashCdfAttributeTest.php"><error line="" message="Class PHPUnit\Framework\TestCase not found and could not be autoloaded." severity="error"/><error line="23" message="Class PHPUnit\Framework\TestCase not found and could not be autoloaded." severity="error"/></file><file name="modules/contrib/acquia_contenthub/tests/src/Unit/EventSubscriber/CdfAttributes/PublisherSubscriberStatusCdfAttributeTest.php"><error line="" message="Class PHPUnit\Framework\TestCase not found and could not be autoloaded." severity="error"/><error line="25" message="Class PHPUnit\Framework\TestCase not found and could not be autoloaded." severity="error"/></file><file name="modules/contrib/acquia_contenthub/tests/src/Unit/EventSubscriber/CdfAttributes/UserDataCdfAttributeTest.php"><error line="" message="Class PHPUnit\Framework\TestCase not found and could not be autoloaded." severity="error"/><error line="23" message="Class PHPUnit\Framework\TestCase not found and could not be autoloaded." severity="error"/></file><file name="modules/contrib/acquia_contenthub/tests/src/Unit/EventSubscriber/HandleWebhook/DeleteAssetsTest.php"><error line="" message="Class PHPUnit\Framework\TestCase not found and could not be autoloaded." severity="error"/><error line="26" message="Class PHPUnit\Framework\TestCase not found and could not be autoloaded." severity="error"/></file></checkstyle>

source   : [git] https://git.drupalcode.org/project/acquia_contenthub.git 8.x-2.12
source : https://git.drupalcode.org/project/acquia_contenthub
