<?xml version="1.0"?>
<checkstyle><file name="modules/contrib/acquia_lift/modules/acquia_lift_inspector/tests/src/FunctionalJavascript/InspectorJsTest.php"><error line="" message="Class PHPUnit\Framework\TestCase not found and could not be autoloaded." severity="error"/><error line="19" message="Class PHPUnit\Framework\TestCase not found and could not be autoloaded." severity="error"/></file><file name="modules/contrib/acquia_lift/modules/acquia_lift_publisher/tests/src/Kernel/EventSubscriber/EnqueueEligibility/IsExcludedImageStyleTest.php"><error line="" message="Class PHPUnit\Framework\TestCase not found and could not be autoloaded." severity="error"/><error line="23" message="Class PHPUnit\Framework\TestCase not found and could not be autoloaded." severity="error"/></file><file name="modules/contrib/acquia_lift/src/Form/AdminSettingsForm.php"><error line="56" message="Parameter $entity_manager of method Drupal\acquia_lift\Form\AdminSettingsForm::__construct() has typehint with deprecated interface Drupal\Core\Entity\EntityManagerInterface. Deprecated in drupal:8.0.0 and is removed from drupal:9.0.0." severity="error"/><error line="668" message="Call to deprecated function drupal_set_message(). Deprecated in drupal:8.5.0 and is removed from drupal:9.0.0.&#10;Use \Drupal\Core\Messenger\MessengerInterface::addMessage() instead." severity="error"/></file><file name="modules/contrib/acquia_lift/src/Service/Helper/PathMatcher.php"><error line="31" message="Parameter $alias_manager of method Drupal\acquia_lift\Service\Helper\PathMatcher::__construct() has typehint with deprecated interface Drupal\Core\Path\AliasManagerInterface. Deprecated in drupal:8.8.0 and is removed from drupal:9.0.0.&#10;Use \Drupal\path_alias\AliasManagerInterface." severity="warning"/></file><file name="modules/contrib/acquia_lift/src/Tests/LiftLinkTest.php"><error line="12" message="Class Drupal\acquia_lift\Tests\LiftLinkTest extends deprecated class Drupal\simpletest\WebTestBase. Deprecated in drupal:8.8.0 and is removed from drupal:9.0.0. Instead,&#10;use \Drupal\Tests\BrowserTestBase. See https://www.drupal.org/node/3030340. Replacement available from drupal:8.6.0." severity="error"/><error line="27" message="Call to method setUp() of deprecated class Drupal\simpletest\WebTestBase. Deprecated in drupal:8.8.0 and is removed from drupal:9.0.0. Instead,&#10;use \Drupal\Tests\BrowserTestBase. See https://www.drupal.org/node/3030340. Replacement available from drupal:8.6.0." severity="error"/></file><file name="modules/contrib/acquia_lift/src/Tests/SettingsTest.php"><error line="13" message="Class Drupal\acquia_lift\Tests\SettingsTest extends deprecated class Drupal\simpletest\WebTestBase. Deprecated in drupal:8.8.0 and is removed from drupal:9.0.0. Instead,&#10;use \Drupal\Tests\BrowserTestBase. See https://www.drupal.org/node/3030340. Replacement available from drupal:8.6.0." severity="error"/><error line="29" message="Call to method setUp() of deprecated class Drupal\simpletest\WebTestBase. Deprecated in drupal:8.8.0 and is removed from drupal:9.0.0. Instead,&#10;use \Drupal\Tests\BrowserTestBase. See https://www.drupal.org/node/3030340. Replacement available from drupal:8.6.0." severity="error"/><error line="117" message="Call to deprecated function format_string(). Deprecated in drupal:8.0.0 and is removed from drupal:9.0.0.&#10;Use \Drupal\Component\Render\FormattableMarkup instead." severity="error"/></file><file name="modules/contrib/acquia_lift/tests/src/Unit/Service/Context/PageContextTest.php"><error line="" message="Class PHPUnit\Framework\TestCase not found and could not be autoloaded." severity="error"/><error line="15" message="Class PHPUnit\Framework\TestCase not found and could not be autoloaded." severity="error"/></file><file name="modules/contrib/acquia_lift/tests/src/Unit/Service/Context/PathContextTest.php"><error line="" message="Class PHPUnit\Framework\TestCase not found and could not be autoloaded." severity="error"/><error line="15" message="Class PHPUnit\Framework\TestCase not found and could not be autoloaded." severity="error"/></file><file name="modules/contrib/acquia_lift/tests/src/Unit/Service/Helper/HelpMessageHelperTest.php"><error line="" message="Class PHPUnit\Framework\TestCase not found and could not be autoloaded." severity="error"/><error line="14" message="Class PHPUnit\Framework\TestCase not found and could not be autoloaded." severity="error"/></file><file name="modules/contrib/acquia_lift/tests/src/Unit/Service/Helper/PathMatcherTest.php"><error line="" message="Class PHPUnit\Framework\TestCase not found and could not be autoloaded." severity="error"/><error line="14" message="Class PHPUnit\Framework\TestCase not found and could not be autoloaded." severity="error"/></file><file name="modules/contrib/acquia_lift/tests/src/Unit/Service/Helper/SettingsHelperTest.php"><error line="" message="Class PHPUnit\Framework\TestCase not found and could not be autoloaded." severity="error"/><error line="15" message="Class PHPUnit\Framework\TestCase not found and could not be autoloaded." severity="error"/></file><file name="modules/contrib/acquia_lift/acquia_lift.info.yml"><error line="0" message="Add &lt;code&gt;core_version_requirement: ^8 || ^9&lt;/code&gt; to acquia_lift.info.yml to designate that the module is compatible with Drupal 9. See https://www.drupal.org/node/3070687." severity="error"/></file></checkstyle>

source   : [git] https://git.drupalcode.org/project/acquia_lift.git 8.x-4.1
source : https://git.drupalcode.org/project/acquia_lift
