<?xml version="1.0"?>
<checkstyle><file name="modules/contrib/acsf/acsf_init/lib/cloud_hooks/common/pre-web-activate/000-acquia-deployment.php"><error line="" message="Class SimpleRestCreds was not found while trying to analyse it - autoloading is probably not configured properly." severity="error"/></file><file name="modules/contrib/acsf/acsf_init/lib/sites/g/SimpleRest.php"><error line="" message="Class Acquia\SimpleRest\SimpleRestCreds was not found while trying to analyse it - autoloading is probably not configured properly." severity="error"/></file><file name="modules/contrib/acsf/acsf_init/src/Commands/AcsfInitCommands.php"><error line="" message="Class Drush\Commands\AcsfInitCommands was not found while trying to analyse it - autoloading is probably not configured properly." severity="error"/></file><file name="modules/contrib/acsf/acsf_sso/src/EventSubscriber/SamlauthUserSyncSubscriber.php"><error line="98" message="Call to deprecated function drupal_set_message(). Deprecated in drupal:8.5.0 and is removed from drupal:9.0.0.&#10;Use \Drupal\Core\Messenger\MessengerInterface::addMessage() instead." severity="error"/><error line="102" message="Call to deprecated function drupal_set_message(). Deprecated in drupal:8.5.0 and is removed from drupal:9.0.0.&#10;Use \Drupal\Core\Messenger\MessengerInterface::addMessage() instead." severity="error"/></file><file name="modules/contrib/acsf/src/Commands/AcsfExtraCommands.php"><error line="" message="Class Drush\Commands\AcsfExtraCommands was not found while trying to analyse it - autoloading is probably not configured properly." severity="error"/></file><file name="modules/contrib/acsf/src/Event/AcsfDuplicationScrubEntityHandler.php"><error line="63" message="Call to deprecated method entityManager() of class Drupal. Deprecated in drupal:8.0.0 and is removed from drupal:9.0.0.&#10;Use \Drupal::entityTypeManager() instead in most cases. If the needed&#10;method is not on \Drupal\Core\Entity\EntityTypeManagerInterface, see the&#10;deprecated \Drupal\Core\Entity\EntityManager to find the&#10;correct interface or service." severity="error"/></file><file name="modules/contrib/acsf/src/Event/AcsfDuplicationScrubTemporaryFilesHandler.php"><error line="16" message="Call to deprecated method entityManager() of class Drupal. Deprecated in drupal:8.0.0 and is removed from drupal:9.0.0.&#10;Use \Drupal::entityTypeManager() instead in most cases. If the needed&#10;method is not on \Drupal\Core\Entity\EntityTypeManagerInterface, see the&#10;deprecated \Drupal\Core\Entity\EntityManager to find the&#10;correct interface or service." severity="error"/></file><file name="modules/contrib/acsf/src/Event/AcsfDuplicationScrubTruncateTablesHandler.php"><error line="20" message="Call to deprecated function search_index_clear(). Deprecated in drupal:8.8.0 and is removed from drupal:9.0.0. Use&#10;\Drupal\search\SearchIndex::clear() instead." severity="warning"/></file><file name="modules/contrib/acsf/tests/AcsfConfigTest.php"><error line="" message="Class AcsfConfigTest was not found while trying to analyse it - autoloading is probably not configured properly." severity="error"/></file><file name="modules/contrib/acsf/tests/AcsfConfigUnitTest.inc"><error line="" message="Class AcsfConfigUnitTest was not found while trying to analyse it - autoloading is probably not configured properly." severity="error"/></file><file name="modules/contrib/acsf/tests/AcsfConfigUnitTestIncompatible.inc"><error line="" message="Class AcsfConfigUnitTestIncompatible was not found while trying to analyse it - autoloading is probably not configured properly." severity="error"/></file><file name="modules/contrib/acsf/tests/AcsfConfigUnitTestMissingPassword.inc"><error line="" message="Class AcsfConfigUnitTestMissingPassword was not found while trying to analyse it - autoloading is probably not configured properly." severity="error"/></file><file name="modules/contrib/acsf/tests/AcsfConfigUnitTestMissingUrl.inc"><error line="" message="Class AcsfConfigUnitTestMissingUrl was not found while trying to analyse it - autoloading is probably not configured properly." severity="error"/></file><file name="modules/contrib/acsf/tests/AcsfConfigUnitTestMissingUsername.inc"><error line="" message="Class AcsfConfigUnitTestMissingUsername was not found while trying to analyse it - autoloading is probably not configured properly." severity="error"/></file><file name="modules/contrib/acsf/tests/AcsfEventsTest.php"><error line="" message="Class UnitTest was not found while trying to analyse it - autoloading is probably not configured properly." severity="error"/></file><file name="modules/contrib/acsf/tests/AcsfMessageResponseUnitTest.inc"><error line="" message="Class AcsfMessageResponseUnitTest was not found while trying to analyse it - autoloading is probably not configured properly." severity="error"/></file><file name="modules/contrib/acsf/tests/AcsfMessageTest.php"><error line="" message="Class AcsfMessageTest was not found while trying to analyse it - autoloading is probably not configured properly." severity="error"/></file><file name="modules/contrib/acsf/tests/AcsfMessageUnitTestFailure.inc"><error line="" message="Class AcsfMessageUnitTestFailure was not found while trying to analyse it - autoloading is probably not configured properly." severity="error"/></file><file name="modules/contrib/acsf/tests/AcsfMessageUnitTestFailureException.inc"><error line="" message="Class AcsfMessageUnitTestFailureException was not found while trying to analyse it - autoloading is probably not configured properly." severity="error"/></file><file name="modules/contrib/acsf/tests/AcsfMessageUnitTestMissingEndpoint.inc"><error line="" message="Class AcsfMessageUnitTestMissingEndpoint was not found while trying to analyse it - autoloading is probably not configured properly." severity="error"/></file><file name="modules/contrib/acsf/tests/AcsfMessageUnitTestMissingResponse.inc"><error line="" message="Class AcsfMessageUnitTestMissingResponse was not found while trying to analyse it - autoloading is probably not configured properly." severity="error"/></file><file name="modules/contrib/acsf/tests/AcsfMessageUnitTestSuccess.inc"><error line="" message="Class AcsfMessageUnitTestSuccess was not found while trying to analyse it - autoloading is probably not configured properly." severity="error"/></file><file name="modules/contrib/acsf/tests/AcsfSiteTest.php"><error line="" message="Class AcsfSiteTest was not found while trying to analyse it - autoloading is probably not configured properly." severity="error"/></file><file name="modules/contrib/acsf/tests/AcsfVariableStorageMock.php"><error line="" message="Class AcsfVariableStorageMock was not found while trying to analyse it - autoloading is probably not configured properly." severity="error"/></file><file name="modules/contrib/acsf/tests/UnitTestDummyHandler1.php"><error line="" message="Class UnitTestDummyHandler1 was not found while trying to analyse it - autoloading is probably not configured properly." severity="error"/></file><file name="modules/contrib/acsf/tests/UnitTestDummyHandler2.php"><error line="" message="Class UnitTestDummyHandler2 was not found while trying to analyse it - autoloading is probably not configured properly." severity="error"/></file><file name="modules/contrib/acsf/tests/UnitTestDummyHandler3.php"><error line="" message="Class UnitTestDummyHandler3 was not found while trying to analyse it - autoloading is probably not configured properly." severity="error"/></file><file name="modules/contrib/acsf/tests/UnitTestDummyHandlerIncompatible.php"><error line="" message="Class UnitTestDummyHandlerIncompatible was not found while trying to analyse it - autoloading is probably not configured properly." severity="error"/></file><file name="modules/contrib/acsf/tests/UnitTestDummyHandlerInterrupt.php"><error line="" message="Class UnitTestDummyHandlerInterrupt was not found while trying to analyse it - autoloading is probably not configured properly." severity="error"/></file><file name="modules/contrib/acsf/acsf.info.yml"><error line="0" message="Add &lt;code&gt;core_version_requirement: ^8 || ^9&lt;/code&gt; to acsf.info.yml to designate that the module is compatible with Drupal 9. See https://www.drupal.org/node/3070687." severity="error"/></file></checkstyle>

source   : [git] https://git.drupalcode.org/project/acsf.git 8.x-2.63
source : https://git.drupalcode.org/project/acsf
