<?xml version="1.0"?>
<checkstyle><file name="modules/contrib/advancedqueue/src/Command/QueueClearCommand.php"><error line="" message="Class Drupal\Console\Core\Command\Command not found and could not be autoloaded." severity="error"/><error line="26" message="Class Drupal\Console\Core\Command\Command not found and could not be autoloaded." severity="error"/></file><file name="modules/contrib/advancedqueue/src/Command/QueueListCommand.php"><error line="" message="Class Drupal\Console\Core\Command\Command not found and could not be autoloaded." severity="error"/><error line="25" message="Class Drupal\Console\Core\Command\Command not found and could not be autoloaded." severity="error"/></file><file name="modules/contrib/advancedqueue/src/Command/QueueProcessCommand.php"><error line="" message="Class Drupal\Console\Core\Command\Command not found and could not be autoloaded." severity="error"/><error line="24" message="Class Drupal\Console\Core\Command\Command not found and could not be autoloaded." severity="error"/></file><file name="modules/contrib/advancedqueue/tests/src/Functional/QueueTest.php"><error line="" message="Class PHPUnit\Framework\TestCase not found and could not be autoloaded." severity="error"/><error line="14" message="Class PHPUnit\Framework\TestCase not found and could not be autoloaded." severity="error"/></file><file name="modules/contrib/advancedqueue/tests/src/Kernel/DatabaseBackendTest.php"><error line="" message="Class PHPUnit\Framework\TestCase not found and could not be autoloaded." severity="error"/><error line="14" message="Class PHPUnit\Framework\TestCase not found and could not be autoloaded." severity="error"/></file><file name="modules/contrib/advancedqueue/tests/src/Kernel/ProcessorTest.php"><error line="" message="Class PHPUnit\Framework\TestCase not found and could not be autoloaded." severity="error"/><error line="13" message="Class PHPUnit\Framework\TestCase not found and could not be autoloaded." severity="error"/></file><file name="modules/contrib/advancedqueue/tests/src/Unit/JobResultTest.php"><error line="" message="Class PHPUnit\Framework\TestCase not found and could not be autoloaded." severity="error"/><error line="13" message="Class PHPUnit\Framework\TestCase not found and could not be autoloaded." severity="error"/></file><file name="modules/contrib/advancedqueue/tests/src/Unit/JobTest.php"><error line="" message="Class PHPUnit\Framework\TestCase not found and could not be autoloaded." severity="error"/><error line="12" message="Class PHPUnit\Framework\TestCase not found and could not be autoloaded." severity="error"/></file></checkstyle>

