<?xml version="1.0"?>
<checkstyle><file name="modules/contrib/akamai/src/Plugin/Purge/DiagnosticCheck/CredentialCheck.php"><error line="" message="Class Drupal\purge\Plugin\Purge\DiagnosticCheck\DiagnosticCheckBase not found and could not be autoloaded." severity="error"/><error line="20" message="Class Drupal\purge\Plugin\Purge\DiagnosticCheck\DiagnosticCheckBase not found and could not be autoloaded." severity="error"/></file><file name="modules/contrib/akamai/src/Plugin/Purge/DiagnosticCheck/QueueLengthCheck.php"><error line="" message="Class Drupal\purge\Plugin\Purge\DiagnosticCheck\DiagnosticCheckBase not found and could not be autoloaded." severity="error"/><error line="23" message="Class Drupal\purge\Plugin\Purge\DiagnosticCheck\DiagnosticCheckBase not found and could not be autoloaded." severity="error"/></file><file name="modules/contrib/akamai/src/Plugin/Purge/Purger/AkamaiPurger.php"><error line="" message="Class Drupal\purge\Plugin\Purge\Purger\PurgerBase not found and could not be autoloaded." severity="error"/><error line="24" message="Class Drupal\purge\Plugin\Purge\Purger\PurgerBase not found and could not be autoloaded." severity="error"/></file><file name="modules/contrib/akamai/src/Plugin/Purge/Purger/AkamaiTagPurger.php"><error line="" message="Class Drupal\purge\Plugin\Purge\Purger\PurgerBase not found and could not be autoloaded." severity="error"/><error line="24" message="Class Drupal\purge\Plugin\Purge\Purger\PurgerBase not found and could not be autoloaded." severity="error"/></file><file name="modules/contrib/akamai/src/Tests/AkamaiCacheControlFormTest.php"><error line="" message="Class PHPUnit\Framework\TestCase not found and could not be autoloaded." severity="error"/><error line="14" message="Class PHPUnit\Framework\TestCase not found and could not be autoloaded." severity="error"/></file><file name="modules/contrib/akamai/src/Tests/AkamaiConfigFormTest.php"><error line="" message="Class PHPUnit\Framework\TestCase not found and could not be autoloaded." severity="error"/><error line="13" message="Class PHPUnit\Framework\TestCase not found and could not be autoloaded." severity="error"/></file><file name="modules/contrib/akamai/src/Tests/AkamaiHomepageTest.php"><error line="" message="Class PHPUnit\Framework\TestCase not found and could not be autoloaded." severity="error"/><error line="14" message="Class PHPUnit\Framework\TestCase not found and could not be autoloaded." severity="error"/></file><file name="modules/contrib/akamai/src/Tests/AkamaiPurgeStatusTest.php"><error line="" message="Class PHPUnit\Framework\TestCase not found and could not be autoloaded." severity="error"/><error line="12" message="Class PHPUnit\Framework\TestCase not found and could not be autoloaded." severity="error"/></file><file name="modules/contrib/akamai/src/Tests/AkamaiStatusLogTest.php"><error line="" message="Class PHPUnit\Framework\TestCase not found and could not be autoloaded." severity="error"/><error line="15" message="Class PHPUnit\Framework\TestCase not found and could not be autoloaded." severity="error"/></file><file name="modules/contrib/akamai/tests/src/Functional/EdgescapeTest.php"><error line="" message="Class PHPUnit\Framework\TestCase not found and could not be autoloaded." severity="error"/><error line="16" message="Class PHPUnit\Framework\TestCase not found and could not be autoloaded." severity="error"/></file><file name="modules/contrib/akamai/tests/src/Kernel/EdgeCacheTagHeaderTest.php"><error line="" message="Class PHPUnit\Framework\TestCase not found and could not be autoloaded." severity="error"/><error line="14" message="Class PHPUnit\Framework\TestCase not found and could not be autoloaded." severity="error"/></file><file name="modules/contrib/akamai/tests/src/Kernel/EventSubscriber/CacheableResponseSubscriberTest.php"><error line="" message="Class PHPUnit\Framework\TestCase not found and could not be autoloaded." severity="error"/><error line="14" message="Class PHPUnit\Framework\TestCase not found and could not be autoloaded." severity="error"/></file><file name="modules/contrib/akamai/tests/src/Kernel/KeyRepositoryAvailableTest.php"><error line="" message="Class PHPUnit\Framework\TestCase not found and could not be autoloaded." severity="error"/><error line="12" message="Class PHPUnit\Framework\TestCase not found and could not be autoloaded." severity="error"/></file><file name="modules/contrib/akamai/tests/src/Kernel/KeyRepositoryUnavailableTest.php"><error line="" message="Class PHPUnit\Framework\TestCase not found and could not be autoloaded." severity="error"/><error line="12" message="Class PHPUnit\Framework\TestCase not found and could not be autoloaded." severity="error"/></file><file name="modules/contrib/akamai/tests/src/Unit/AkamaiAuthenticationTest.php"><error line="" message="Class PHPUnit\Framework\TestCase not found and could not be autoloaded." severity="error"/><error line="15" message="Class PHPUnit\Framework\TestCase not found and could not be autoloaded." severity="error"/></file><file name="modules/contrib/akamai/tests/src/Unit/AkamaiClientTest.php"><error line="" message="Class PHPUnit\Framework\TestCase not found and could not be autoloaded." severity="error"/><error line="16" message="Class PHPUnit\Framework\TestCase not found and could not be autoloaded." severity="error"/></file><file name="modules/contrib/akamai/tests/src/Unit/AkamaiClientV3Test.php"><error line="" message="Class PHPUnit\Framework\TestCase not found and could not be autoloaded." severity="error"/><error line="15" message="Class PHPUnit\Framework\TestCase not found and could not be autoloaded." severity="error"/></file><file name="modules/contrib/akamai/tests/src/Unit/Helper/CacheTagFormatterTest.php"><error line="" message="Class PHPUnit\Framework\TestCase not found and could not be autoloaded." severity="error"/><error line="13" message="Class PHPUnit\Framework\TestCase not found and could not be autoloaded." severity="error"/></file><file name="modules/contrib/akamai/tests/src/Unit/Helper/EdgescapeTest.php"><error line="" message="Class PHPUnit\Framework\TestCase not found and could not be autoloaded." severity="error"/><error line="15" message="Class PHPUnit\Framework\TestCase not found and could not be autoloaded." severity="error"/></file><file name="modules/contrib/akamai/tests/src/Unit/Plugin/Purge/Purger/AkamaiPurgerTest.php"><error line="" message="Class PHPUnit\Framework\TestCase not found and could not be autoloaded." severity="error"/><error line="13" message="Class PHPUnit\Framework\TestCase not found and could not be autoloaded." severity="error"/></file><file name="modules/contrib/akamai/tests/src/Unit/Plugin/Purge/Purger/AkamaiTagPurgerTest.php"><error line="" message="Class PHPUnit\Framework\TestCase not found and could not be autoloaded." severity="error"/><error line="18" message="Class PHPUnit\Framework\TestCase not found and could not be autoloaded." severity="error"/></file></checkstyle>

