<?xml version="1.0"?>
<checkstyle><file name="modules/contrib/bibcite/modules/bibcite_bibtex/tests/src/Kernel/BibtexCaseDecodeTest.php"><error line="" message="Class PHPUnit\Framework\TestCase not found and could not be autoloaded." severity="error"/><error line="12" message="Class PHPUnit\Framework\TestCase not found and could not be autoloaded." severity="error"/></file><file name="modules/contrib/bibcite/modules/bibcite_bibtex/tests/src/Kernel/BibtexDecodeTest.php"><error line="" message="Class PHPUnit\Framework\TestCase not found and could not be autoloaded." severity="error"/><error line="12" message="Class PHPUnit\Framework\TestCase not found and could not be autoloaded." severity="error"/></file><file name="modules/contrib/bibcite/modules/bibcite_bibtex/tests/src/Kernel/BibtexEncodeTest.php"><error line="" message="Class PHPUnit\Framework\TestCase not found and could not be autoloaded." severity="error"/><error line="12" message="Class PHPUnit\Framework\TestCase not found and could not be autoloaded." severity="error"/></file><file name="modules/contrib/bibcite/modules/bibcite_bibtex/tests/src/Unit/BibtexEncoderTest.php"><error line="" message="Class PHPUnit\Framework\TestCase not found and could not be autoloaded." severity="error"/><error line="12" message="Class PHPUnit\Framework\TestCase not found and could not be autoloaded." severity="error"/></file><file name="modules/contrib/bibcite/modules/bibcite_endnote/tests/src/Kernel/Endnote7DecodeTest.php"><error line="" message="Class PHPUnit\Framework\TestCase not found and could not be autoloaded." severity="error"/><error line="12" message="Class PHPUnit\Framework\TestCase not found and could not be autoloaded." severity="error"/></file><file name="modules/contrib/bibcite/modules/bibcite_endnote/tests/src/Kernel/Endnote7EncodeTest.php"><error line="" message="Class PHPUnit\Framework\TestCase not found and could not be autoloaded." severity="error"/><error line="12" message="Class PHPUnit\Framework\TestCase not found and could not be autoloaded." severity="error"/></file><file name="modules/contrib/bibcite/modules/bibcite_endnote/tests/src/Kernel/Endnote8DecodeTest.php"><error line="" message="Class PHPUnit\Framework\TestCase not found and could not be autoloaded." severity="error"/><error line="12" message="Class PHPUnit\Framework\TestCase not found and could not be autoloaded." severity="error"/></file><file name="modules/contrib/bibcite/modules/bibcite_endnote/tests/src/Kernel/Endnote8EncodeTest.php"><error line="" message="Class PHPUnit\Framework\TestCase not found and could not be autoloaded." severity="error"/><error line="12" message="Class PHPUnit\Framework\TestCase not found and could not be autoloaded." severity="error"/></file><file name="modules/contrib/bibcite/modules/bibcite_endnote/tests/src/Kernel/TaggedDecodeTest.php"><error line="" message="Class PHPUnit\Framework\TestCase not found and could not be autoloaded." severity="error"/><error line="12" message="Class PHPUnit\Framework\TestCase not found and could not be autoloaded." severity="error"/></file><file name="modules/contrib/bibcite/modules/bibcite_endnote/tests/src/Kernel/TaggedEncodeTest.php"><error line="" message="Class PHPUnit\Framework\TestCase not found and could not be autoloaded." severity="error"/><error line="12" message="Class PHPUnit\Framework\TestCase not found and could not be autoloaded." severity="error"/></file><file name="modules/contrib/bibcite/modules/bibcite_entity/src/Normalizer/ReferenceNormalizerBase.php"><error line="119" message="Parameter $entity_manager of method Drupal\bibcite_entity\Normalizer\ReferenceNormalizerBase::__construct() has typehint with deprecated interface Drupal\Core\Entity\EntityManagerInterface. Deprecated in drupal:8.0.0 and is removed from drupal:9.0.0." severity="error"/></file><file name="modules/contrib/bibcite/modules/bibcite_entity/src/ReferenceViewBuilder.php"><error line="37" message="Parameter $entity_manager of method Drupal\bibcite_entity\ReferenceViewBuilder::__construct() has typehint with deprecated interface Drupal\Core\Entity\EntityManagerInterface. Deprecated in drupal:8.0.0 and is removed from drupal:9.0.0." severity="error"/></file><file name="modules/contrib/bibcite/modules/bibcite_entity/tests/src/Functional/BibciteEntityTest.php"><error line="" message="Class PHPUnit\Framework\TestCase not found and could not be autoloaded." severity="error"/><error line="13" message="Class PHPUnit\Framework\TestCase not found and could not be autoloaded." severity="error"/></file><file name="modules/contrib/bibcite/modules/bibcite_entity/tests/src/Kernel/ContributorTest.php"><error line="" message="Class PHPUnit\Framework\TestCase not found and could not be autoloaded." severity="error"/><error line="13" message="Class PHPUnit\Framework\TestCase not found and could not be autoloaded." severity="error"/></file><file name="modules/contrib/bibcite/modules/bibcite_entity/tests/src/Kernel/EntityCitationRenderTest.php"><error line="" message="Class PHPUnit\Framework\TestCase not found and could not be autoloaded." severity="error"/><error line="14" message="Class PHPUnit\Framework\TestCase not found and could not be autoloaded." severity="error"/></file><file name="modules/contrib/bibcite/modules/bibcite_entity/tests/src/Kernel/ReferenceAccessTest.php"><error line="" message="Class PHPUnit\Framework\TestCase not found and could not be autoloaded." severity="error"/><error line="18" message="Class PHPUnit\Framework\TestCase not found and could not be autoloaded." severity="error"/></file><file name="modules/contrib/bibcite/modules/bibcite_entity/tests/src/Kernel/ReferenceFieldAccessTest.php"><error line="" message="Class PHPUnit\Framework\TestCase not found and could not be autoloaded." severity="error"/><error line="14" message="Class PHPUnit\Framework\TestCase not found and could not be autoloaded." severity="error"/></file><file name="modules/contrib/bibcite/modules/bibcite_export/tests/src/Functional/EntityExportTest.php"><error line="" message="Class PHPUnit\Framework\TestCase not found and could not be autoloaded." severity="error"/><error line="13" message="Class PHPUnit\Framework\TestCase not found and could not be autoloaded." severity="error"/></file><file name="modules/contrib/bibcite/modules/bibcite_export/tests/src/Kernel/FormatEncoderTestBase.php"><error line="" message="Class PHPUnit\Framework\TestCase not found and could not be autoloaded." severity="error"/><error line="14" message="Class PHPUnit\Framework\TestCase not found and could not be autoloaded." severity="error"/></file><file name="modules/contrib/bibcite/modules/bibcite_import/tests/src/Fuctional/ImportTest.php"><error line="" message="Class Drupal\Tests\bibcite_import\Functional\ImportTest was not found while trying to analyse it - autoloading is probably not configured properly." severity="error"/></file><file name="modules/contrib/bibcite/modules/bibcite_import/tests/src/Kernel/FormatDecoderTestBase.php"><error line="" message="Class PHPUnit\Framework\TestCase not found and could not be autoloaded." severity="error"/><error line="14" message="Class PHPUnit\Framework\TestCase not found and could not be autoloaded." severity="error"/></file><file name="modules/contrib/bibcite/modules/bibcite_import/tests/src/Kernel/ImportBasicTest.php"><error line="" message="Class PHPUnit\Framework\TestCase not found and could not be autoloaded." severity="error"/><error line="15" message="Class PHPUnit\Framework\TestCase not found and could not be autoloaded." severity="error"/></file><file name="modules/contrib/bibcite/modules/bibcite_marc/tests/src/Kernel/MarcDecodeTest.php"><error line="" message="Class PHPUnit\Framework\TestCase not found and could not be autoloaded." severity="error"/><error line="12" message="Class PHPUnit\Framework\TestCase not found and could not be autoloaded." severity="error"/></file><file name="modules/contrib/bibcite/modules/bibcite_marc/tests/src/Kernel/MarcEncodeTest.php"><error line="" message="Class PHPUnit\Framework\TestCase not found and could not be autoloaded." severity="error"/><error line="12" message="Class PHPUnit\Framework\TestCase not found and could not be autoloaded." severity="error"/></file><file name="modules/contrib/bibcite/modules/bibcite_ris/tests/src/Kernel/RisDecodeTest.php"><error line="" message="Class PHPUnit\Framework\TestCase not found and could not be autoloaded." severity="error"/><error line="12" message="Class PHPUnit\Framework\TestCase not found and could not be autoloaded." severity="error"/></file><file name="modules/contrib/bibcite/modules/bibcite_ris/tests/src/Kernel/RisEncodeTest.php"><error line="" message="Class PHPUnit\Framework\TestCase not found and could not be autoloaded." severity="error"/><error line="12" message="Class PHPUnit\Framework\TestCase not found and could not be autoloaded." severity="error"/></file><file name="modules/contrib/bibcite/src/Plugin/BibciteFormatManager.php"><error line="18" message="Drupal\bibcite\Plugin\BibciteFormatManager must override __construct if using YAML plugins." severity="error"/></file><file name="modules/contrib/bibcite/tests/src/Functional/BibciteTest.php"><error line="" message="Class PHPUnit\Framework\TestCase not found and could not be autoloaded." severity="error"/><error line="13" message="Class PHPUnit\Framework\TestCase not found and could not be autoloaded." severity="error"/></file><file name="modules/contrib/bibcite/bibcite.info.yml"><error line="0" message="Add &lt;code&gt;core_version_requirement: ^8 || ^9&lt;/code&gt; to bibcite.info.yml to designate that the module is compatible with Drupal 9. See https://www.drupal.org/node/3070687." severity="error"/></file></checkstyle>

