<?xml version="1.0"?>
<checkstyle><file name="modules/contrib/block_style_plugins/src/Plugin/BlockStyleBase.php"><error line="105" message="Call to deprecated method formElements() of class Drupal\block_style_plugins\Plugin\BlockStyleBase. Deprecated in 8.x-1.3 and will be removed before 8.x-2.x.&#10;Instead, you should just use buildConfigurationForm()." severity="error"/><error line="261" message="Call to deprecated method defaultStyles() of class Drupal\block_style_plugins\Plugin\BlockStyleBase. Deprecated in 8.x-1.3 and will be removed before 8.x-2.x.&#10;Instead, you should just use defaultConfiguration()." severity="error"/><error line="266" message="Access to deprecated property $styles of class Drupal\block_style_plugins\Plugin\BlockStyleBase. Deprecated in 8.x-1.3 and will be removed before 8.x-2.x.&#10;Instead, you should just use $configuration." severity="error"/></file><file name="modules/contrib/block_style_plugins/src/Plugin/BlockStyleInterface.php"><error line="13" message="Interface Drupal\block_style_plugins\Plugin\BlockStyleInterface extends deprecated interface Drupal\Component\Plugin\ConfigurablePluginInterface:&#10;Drupal\Component\Plugin\ConfigurablePluginInterface is deprecated&#10;in Drupal 8.7.0 and will be removed before Drupal 9.0.0. You should implement&#10;ConfigurableInterface and/or DependentPluginInterface directly as needed. If&#10;you implement ConfigurableInterface you may choose to implement&#10;ConfigurablePluginInterface in Drupal 8 as well for maximum compatibility,&#10;however this must be removed prior to Drupal 9." severity="error"/></file><file name="modules/contrib/block_style_plugins/tests/src/Functional/CheckboxWithExcludeTest.php"><error line="" message="Class PHPUnit\Framework\TestCase not found and could not be autoloaded." severity="error"/><error line="15" message="Class PHPUnit\Framework\TestCase not found and could not be autoloaded." severity="error"/></file><file name="modules/contrib/block_style_plugins/tests/src/Functional/CustomBlockVisibilityTest.php"><error line="" message="Class PHPUnit\Framework\TestCase not found and could not be autoloaded." severity="error"/><error line="15" message="Class PHPUnit\Framework\TestCase not found and could not be autoloaded." severity="error"/></file><file name="modules/contrib/block_style_plugins/tests/src/Functional/DropdownWithIncludeTest.php"><error line="" message="Class PHPUnit\Framework\TestCase not found and could not be autoloaded." severity="error"/><error line="15" message="Class PHPUnit\Framework\TestCase not found and could not be autoloaded." severity="error"/></file><file name="modules/contrib/block_style_plugins/tests/src/Functional/FormFieldsCreatedWithYaml.php"><error line="" message="Class Drupal\Tests\block_style_plugins\Functional\FormFieldsCreatedWithYamlTest was not found while trying to analyse it - autoloading is probably not configured properly." severity="error"/></file><file name="modules/contrib/block_style_plugins/tests/src/Functional/SimpleClassTest.php"><error line="" message="Class PHPUnit\Framework\TestCase not found and could not be autoloaded." severity="error"/><error line="12" message="Class PHPUnit\Framework\TestCase not found and could not be autoloaded." severity="error"/></file><file name="modules/contrib/block_style_plugins/tests/src/Functional/TemplateSetWithYamlTest.php"><error line="" message="Class PHPUnit\Framework\TestCase not found and could not be autoloaded." severity="error"/><error line="15" message="Class PHPUnit\Framework\TestCase not found and could not be autoloaded." severity="error"/></file><file name="modules/contrib/block_style_plugins/tests/src/Kernel/PluginDiscoveryTest.php"><error line="" message="Class PHPUnit\Framework\TestCase not found and could not be autoloaded." severity="error"/><error line="12" message="Class PHPUnit\Framework\TestCase not found and could not be autoloaded." severity="error"/></file><file name="modules/contrib/block_style_plugins/tests/src/Unit/Plugin/BlockStyleBaseTest.php"><error line="" message="Class PHPUnit\Framework\TestCase not found and could not be autoloaded." severity="error"/><error line="21" message="Class PHPUnit\Framework\TestCase not found and could not be autoloaded." severity="error"/></file><file name="modules/contrib/block_style_plugins/tests/src/Unit/Plugin/BlockStyleTest.php"><error line="" message="Class PHPUnit\Framework\TestCase not found and could not be autoloaded." severity="error"/><error line="17" message="Class PHPUnit\Framework\TestCase not found and could not be autoloaded." severity="error"/></file><file name="modules/contrib/block_style_plugins/block_style_plugins.info.yml"><error line="0" message="Add &lt;code&gt;core_version_requirement: ^8 || ^9&lt;/code&gt; to block_style_plugins.info.yml to designate that the module is compatible with Drupal 9. See https://www.drupal.org/node/3070687." severity="error"/></file></checkstyle>

