<?xml version="1.0"?>
<checkstyle><file name="modules/contrib/braintree_cashier/src/Controller/SingleInvoiceController.php"><error line="221" message="Call to deprecated method getUsername() of class Drupal\user\Entity\User. Deprecated in drupal:8.0.0 and is removed from drupal:9.0.0.&#10;Use \Drupal\Core\Session\AccountInterface::getAccountName() or&#10;\Drupal\user\UserInterface::getDisplayName() instead." severity="error"/></file><file name="modules/contrib/braintree_cashier/tests/src/Functional/AdminPagesTest.php"><error line="" message="Class PHPUnit\Framework\TestCase not found and could not be autoloaded." severity="error"/><error line="15" message="Class PHPUnit\Framework\TestCase not found and could not be autoloaded." severity="error"/></file><file name="modules/contrib/braintree_cashier/tests/src/Functional/SignupRedirectTest.php"><error line="" message="Class PHPUnit\Framework\TestCase not found and could not be autoloaded." severity="error"/><error line="12" message="Class PHPUnit\Framework\TestCase not found and could not be autoloaded." severity="error"/></file><file name="modules/contrib/braintree_cashier/tests/src/Functional/WebhookTest.php"><error line="" message="Class PHPUnit\Framework\TestCase not found and could not be autoloaded." severity="error"/><error line="14" message="Class PHPUnit\Framework\TestCase not found and could not be autoloaded." severity="error"/></file><file name="modules/contrib/braintree_cashier/tests/src/FunctionalJavascript/CancelUserTest.php"><error line="" message="Class PHPUnit\Framework\TestCase not found and could not be autoloaded." severity="error"/><error line="13" message="Class PHPUnit\Framework\TestCase not found and could not be autoloaded." severity="error"/></file><file name="modules/contrib/braintree_cashier/tests/src/FunctionalJavascript/CouponTest.php"><error line="" message="Class PHPUnit\Framework\TestCase not found and could not be autoloaded." severity="error"/><error line="12" message="Class PHPUnit\Framework\TestCase not found and could not be autoloaded." severity="error"/></file><file name="modules/contrib/braintree_cashier/tests/src/FunctionalJavascript/CreateMessagesTest.php"><error line="" message="Class PHPUnit\Framework\TestCase not found and could not be autoloaded." severity="error"/><error line="10" message="Class PHPUnit\Framework\TestCase not found and could not be autoloaded." severity="error"/></file><file name="modules/contrib/braintree_cashier/tests/src/FunctionalJavascript/FreeTrialTest.php"><error line="" message="Class PHPUnit\Framework\TestCase not found and could not be autoloaded." severity="error"/><error line="13" message="Class PHPUnit\Framework\TestCase not found and could not be autoloaded." severity="error"/></file><file name="modules/contrib/braintree_cashier/tests/src/FunctionalJavascript/RolesTest.php"><error line="" message="Class PHPUnit\Framework\TestCase not found and could not be autoloaded." severity="error"/><error line="15" message="Class PHPUnit\Framework\TestCase not found and could not be autoloaded." severity="error"/></file><file name="modules/contrib/braintree_cashier/tests/src/FunctionalJavascript/SignupTest.php"><error line="" message="Class PHPUnit\Framework\TestCase not found and could not be autoloaded." severity="error"/><error line="15" message="Class PHPUnit\Framework\TestCase not found and could not be autoloaded." severity="error"/></file><file name="modules/contrib/braintree_cashier/tests/src/FunctionalJavascript/UpdatePlanTest.php"><error line="" message="Class PHPUnit\Framework\TestCase not found and could not be autoloaded." severity="error"/><error line="11" message="Class PHPUnit\Framework\TestCase not found and could not be autoloaded." severity="error"/></file><file name="modules/contrib/braintree_cashier/braintree_cashier.info.yml"><error line="0" message="Add &lt;code&gt;core_version_requirement: ^8 || ^9&lt;/code&gt; to braintree_cashier.info.yml to designate that the module is compatible with Drupal 9. See https://www.drupal.org/node/3070687." severity="error"/></file></checkstyle>

