<?xml version="1.0"?>
<checkstyle><file name="modules/contrib/cas/tests/src/Functional/CasAutoAssignedRolesTest.php"><error line="" message="Class PHPUnit\Framework\TestCase not found and could not be autoloaded." severity="error"/><error line="14" message="Class PHPUnit\Framework\TestCase not found and could not be autoloaded." severity="error"/></file><file name="modules/contrib/cas/tests/src/Functional/CasBrowserTestBase.php"><error line="" message="Class PHPUnit\Framework\TestCase not found and could not be autoloaded." severity="error"/><error line="11" message="Class PHPUnit\Framework\TestCase not found and could not be autoloaded." severity="error"/></file><file name="modules/contrib/cas/tests/src/Functional/CasBulkAddCasUsersTest.php"><error line="" message="Class PHPUnit\Framework\TestCase not found and could not be autoloaded." severity="error"/><error line="10" message="Class PHPUnit\Framework\TestCase not found and could not be autoloaded." severity="error"/></file><file name="modules/contrib/cas/tests/src/Functional/CasEventsTest.php"><error line="" message="Class PHPUnit\Framework\TestCase not found and could not be autoloaded." severity="error"/><error line="12" message="Class PHPUnit\Framework\TestCase not found and could not be autoloaded." severity="error"/></file><file name="modules/contrib/cas/tests/src/Functional/CasForcedLoginControllerTest.php"><error line="" message="Class PHPUnit\Framework\TestCase not found and could not be autoloaded." severity="error"/><error line="12" message="Class PHPUnit\Framework\TestCase not found and could not be autoloaded." severity="error"/></file><file name="modules/contrib/cas/tests/src/Functional/CasLoginFormTest.php"><error line="" message="Class PHPUnit\Framework\TestCase not found and could not be autoloaded." severity="error"/><error line="12" message="Class PHPUnit\Framework\TestCase not found and could not be autoloaded." severity="error"/></file><file name="modules/contrib/cas/tests/src/Functional/CasPasswordResetTest.php"><error line="" message="Class PHPUnit\Framework\TestCase not found and could not be autoloaded." severity="error"/><error line="12" message="Class PHPUnit\Framework\TestCase not found and could not be autoloaded." severity="error"/></file><file name="modules/contrib/cas/tests/src/Functional/CasSubscriberTest.php"><error line="" message="Class PHPUnit\Framework\TestCase not found and could not be autoloaded." severity="error"/><error line="13" message="Class PHPUnit\Framework\TestCase not found and could not be autoloaded." severity="error"/></file><file name="modules/contrib/cas/tests/src/Functional/CasUserFormFieldTest.php"><error line="" message="Class PHPUnit\Framework\TestCase not found and could not be autoloaded." severity="error"/><error line="10" message="Class PHPUnit\Framework\TestCase not found and could not be autoloaded." severity="error"/></file><file name="modules/contrib/cas/tests/src/Functional/CasUserInteractionTest.php"><error line="" message="Class PHPUnit\Framework\TestCase not found and could not be autoloaded." severity="error"/><error line="13" message="Class PHPUnit\Framework\TestCase not found and could not be autoloaded." severity="error"/></file><file name="modules/contrib/cas/tests/src/Unit/CasPropertyBagTest.php"><error line="" message="Class PHPUnit\Framework\TestCase not found and could not be autoloaded." severity="error"/><error line="16" message="Class PHPUnit\Framework\TestCase not found and could not be autoloaded." severity="error"/></file><file name="modules/contrib/cas/tests/src/Unit/CasRedirectDataTest.php"><error line="" message="Class PHPUnit\Framework\TestCase not found and could not be autoloaded." severity="error"/><error line="17" message="Class PHPUnit\Framework\TestCase not found and could not be autoloaded." severity="error"/></file><file name="modules/contrib/cas/tests/src/Unit/Controller/ServiceControllerTest.php"><error line="" message="Class PHPUnit\Framework\TestCase not found and could not be autoloaded." severity="error"/><error line="29" message="Class PHPUnit\Framework\TestCase not found and could not be autoloaded." severity="error"/></file><file name="modules/contrib/cas/tests/src/Unit/Routing/CasRouteEnhancerTest.php"><error line="" message="Class PHPUnit\Framework\TestCase not found and could not be autoloaded." severity="error"/><error line="16" message="Class PHPUnit\Framework\TestCase not found and could not be autoloaded." severity="error"/></file><file name="modules/contrib/cas/tests/src/Unit/Service/CasHelperTest.php"><error line="" message="Class PHPUnit\Framework\TestCase not found and could not be autoloaded." severity="error"/><error line="21" message="Class PHPUnit\Framework\TestCase not found and could not be autoloaded." severity="error"/></file><file name="modules/contrib/cas/tests/src/Unit/Service/CasProxyHelperTest.php"><error line="" message="Class PHPUnit\Framework\TestCase not found and could not be autoloaded." severity="error"/><error line="20" message="Class PHPUnit\Framework\TestCase not found and could not be autoloaded." severity="error"/></file><file name="modules/contrib/cas/tests/src/Unit/Service/CasRedirectorTest.php"><error line="" message="Class PHPUnit\Framework\TestCase not found and could not be autoloaded." severity="error"/><error line="21" message="Class PHPUnit\Framework\TestCase not found and could not be autoloaded." severity="error"/></file><file name="modules/contrib/cas/tests/src/Unit/Service/CasUserManagerTest.php"><error line="" message="Class PHPUnit\Framework\TestCase not found and could not be autoloaded." severity="error"/><error line="21" message="Class PHPUnit\Framework\TestCase not found and could not be autoloaded." severity="error"/></file><file name="modules/contrib/cas/tests/src/Unit/Service/CasValidatorTest.php"><error line="" message="Class PHPUnit\Framework\TestCase not found and could not be autoloaded." severity="error"/><error line="26" message="Class PHPUnit\Framework\TestCase not found and could not be autoloaded." severity="error"/></file><file name="modules/contrib/cas/cas.info.yml"><error line="0" message="Add &lt;code&gt;core_version_requirement: ^8 || ^9&lt;/code&gt; to cas.info.yml to designate that the module is compatible with Drupal 9. See https://www.drupal.org/node/3070687." severity="error"/></file></checkstyle>

