<?xml version="1.0"?>
<checkstyle><file name="modules/contrib/cas_attributes/tests/src/Unit/Subscriber/CasAttributeSubscriberTest.php"><error line="" message="Class Drupal\Tests\cas_attributes\Unit\Subscriber\CasAttributesSubscriberTest was not found while trying to analyse it - autoloading is probably not configured properly." severity="error"/></file><file name="modules/contrib/cas_attributes/cas_attributes.info.yml"><error line="0" message="Add &lt;code&gt;core_version_requirement: ^8 || ^9&lt;/code&gt; to cas_attributes.info.yml to designate that the module is compatible with Drupal 9. See https://www.drupal.org/node/3070687." severity="error"/></file></checkstyle>

