<?xml version="1.0"?>
<checkstyle><file name="modules/contrib/date_recur/src/Plugin/DateRecurInterpreterPluginInterface.php"><error line="13" message="Interface Drupal\date_recur\Plugin\DateRecurInterpreterPluginInterface extends deprecated interface Drupal\Component\Plugin\ConfigurablePluginInterface:&#10;Drupal\Component\Plugin\ConfigurablePluginInterface is deprecated&#10;in Drupal 8.7.0 and will be removed before Drupal 9.0.0. You should implement&#10;ConfigurableInterface and/or DependentPluginInterface directly as needed. If&#10;you implement ConfigurableInterface you may choose to implement&#10;ConfigurablePluginInterface in Drupal 8 as well for maximum compatibility,&#10;however this must be removed prior to Drupal 9." severity="error"/></file><file name="modules/contrib/date_recur/src/Plugin/Field/FieldType/DateRecurFieldItemList.php"><error line="206" message="Call to deprecated function drupal_get_user_timezone(). Deprecated in drupal:8.8.0 and is removed from drupal:9.0.0. Use&#10;date_default_timezone_get() instead." severity="warning"/></file><file name="modules/contrib/date_recur/src/Plugin/Field/FieldWidget/DateRecurBasicWidget.php"><error line="221" message="Call to deprecated function drupal_get_user_timezone(). Deprecated in drupal:8.8.0 and is removed from drupal:9.0.0. Use&#10;date_default_timezone_get() instead." severity="warning"/></file><file name="modules/contrib/date_recur/tests/src/Functional/DateRecurBasicWidgetTest.php"><error line="" message="Class PHPUnit\Framework\TestCase not found and could not be autoloaded." severity="error"/><error line="22" message="Class PHPUnit\Framework\TestCase not found and could not be autoloaded." severity="error"/></file><file name="modules/contrib/date_recur/tests/src/Functional/DateRecurFieldSettingsTest.php"><error line="" message="Class PHPUnit\Framework\TestCase not found and could not be autoloaded." severity="error"/><error line="16" message="Class PHPUnit\Framework\TestCase not found and could not be autoloaded." severity="error"/></file><file name="modules/contrib/date_recur/tests/src/Functional/DateRecurInterpreterTest.php"><error line="" message="Class PHPUnit\Framework\TestCase not found and could not be autoloaded." severity="error"/><error line="13" message="Class PHPUnit\Framework\TestCase not found and could not be autoloaded." severity="error"/></file><file name="modules/contrib/date_recur/tests/src/Kernel/DateRecurBaseFieldTest.php"><error line="" message="Class PHPUnit\Framework\TestCase not found and could not be autoloaded." severity="error"/><error line="13" message="Class PHPUnit\Framework\TestCase not found and could not be autoloaded." severity="error"/></file><file name="modules/contrib/date_recur/tests/src/Kernel/DateRecurBasicFormatterTest.php"><error line="" message="Class PHPUnit\Framework\TestCase not found and could not be autoloaded." severity="error"/><error line="17" message="Class PHPUnit\Framework\TestCase not found and could not be autoloaded." severity="error"/></file><file name="modules/contrib/date_recur/tests/src/Kernel/DateRecurDefaultInterpreterTest.php"><error line="" message="Class PHPUnit\Framework\TestCase not found and could not be autoloaded." severity="error"/><error line="12" message="Class PHPUnit\Framework\TestCase not found and could not be autoloaded." severity="error"/></file><file name="modules/contrib/date_recur/tests/src/Kernel/DateRecurFieldItemDefaultValuesTest.php"><error line="" message="Class PHPUnit\Framework\TestCase not found and could not be autoloaded." severity="error"/><error line="24" message="Class PHPUnit\Framework\TestCase not found and could not be autoloaded." severity="error"/></file><file name="modules/contrib/date_recur/tests/src/Kernel/DateRecurFieldItemListTest.php"><error line="" message="Class PHPUnit\Framework\TestCase not found and could not be autoloaded." severity="error"/><error line="25" message="Class PHPUnit\Framework\TestCase not found and could not be autoloaded." severity="error"/></file><file name="modules/contrib/date_recur/tests/src/Kernel/DateRecurFieldItemTest.php"><error line="" message="Class PHPUnit\Framework\TestCase not found and could not be autoloaded." severity="error"/><error line="19" message="Class PHPUnit\Framework\TestCase not found and could not be autoloaded." severity="error"/></file><file name="modules/contrib/date_recur/tests/src/Kernel/DateRecurFieldTest.php"><error line="" message="Class PHPUnit\Framework\TestCase not found and could not be autoloaded." severity="error"/><error line="18" message="Class PHPUnit\Framework\TestCase not found and could not be autoloaded." severity="error"/></file><file name="modules/contrib/date_recur/tests/src/Kernel/DateRecurOccurrenceTableAttachedTest.php"><error line="" message="Class PHPUnit\Framework\TestCase not found and could not be autoloaded." severity="error"/><error line="17" message="Class PHPUnit\Framework\TestCase not found and could not be autoloaded." severity="error"/></file><file name="modules/contrib/date_recur/tests/src/Kernel/DateRecurOccurrenceTableSchemaTest.php"><error line="" message="Class PHPUnit\Framework\TestCase not found and could not be autoloaded." severity="error"/><error line="13" message="Class PHPUnit\Framework\TestCase not found and could not be autoloaded." severity="error"/></file><file name="modules/contrib/date_recur/tests/src/Kernel/DateRecurOccurrenceTableTest.php"><error line="" message="Class PHPUnit\Framework\TestCase not found and could not be autoloaded." severity="error"/><error line="18" message="Class PHPUnit\Framework\TestCase not found and could not be autoloaded." severity="error"/></file><file name="modules/contrib/date_recur/tests/src/Kernel/DateRecurPartGridTest.php"><error line="" message="Class PHPUnit\Framework\TestCase not found and could not be autoloaded." severity="error"/><error line="16" message="Class PHPUnit\Framework\TestCase not found and could not be autoloaded." severity="error"/></file><file name="modules/contrib/date_recur/tests/src/Kernel/DateRecurSubFieldTest.php"><error line="" message="Class PHPUnit\Framework\TestCase not found and could not be autoloaded." severity="error"/><error line="17" message="Class PHPUnit\Framework\TestCase not found and could not be autoloaded." severity="error"/></file><file name="modules/contrib/date_recur/tests/src/Kernel/DateRecurTest.php"><error line="" message="Class PHPUnit\Framework\TestCase not found and could not be autoloaded." severity="error"/><error line="20" message="Class PHPUnit\Framework\TestCase not found and could not be autoloaded." severity="error"/></file><file name="modules/contrib/date_recur/tests/src/Kernel/DateRecurTokenTest.php"><error line="" message="Class PHPUnit\Framework\TestCase not found and could not be autoloaded." severity="error"/><error line="15" message="Class PHPUnit\Framework\TestCase not found and could not be autoloaded." severity="error"/></file><file name="modules/contrib/date_recur/tests/src/Kernel/DateRecurUtilityTest.php"><error line="" message="Class PHPUnit\Framework\TestCase not found and could not be autoloaded." severity="error"/><error line="14" message="Class PHPUnit\Framework\TestCase not found and could not be autoloaded." severity="error"/></file><file name="modules/contrib/date_recur/tests/src/Kernel/DateRecurViewsFieldAttachedTest.php"><error line="" message="Class PHPUnit\Framework\TestCase not found and could not be autoloaded." severity="error"/><error line="19" message="Class PHPUnit\Framework\TestCase not found and could not be autoloaded." severity="error"/></file><file name="modules/contrib/date_recur/tests/src/Kernel/DateRecurViewsFieldTest.php"><error line="" message="Class PHPUnit\Framework\TestCase not found and could not be autoloaded." severity="error"/><error line="22" message="Class PHPUnit\Framework\TestCase not found and could not be autoloaded." severity="error"/></file><file name="modules/contrib/date_recur/tests/src/Kernel/DateRecurViewsOccurrenceFilterAttachedTest.php"><error line="" message="Class PHPUnit\Framework\TestCase not found and could not be autoloaded." severity="error"/><error line="18" message="Class PHPUnit\Framework\TestCase not found and could not be autoloaded." severity="error"/></file><file name="modules/contrib/date_recur/tests/src/Kernel/DateRecurViewsOccurrenceFilterTest.php"><error line="" message="Class PHPUnit\Framework\TestCase not found and could not be autoloaded." severity="error"/><error line="20" message="Class PHPUnit\Framework\TestCase not found and could not be autoloaded." severity="error"/></file><file name="modules/contrib/date_recur/tests/src/Unit/DateRecurDateRangeUnitTest.php"><error line="" message="Class PHPUnit\Framework\TestCase not found and could not be autoloaded." severity="error"/><error line="14" message="Class PHPUnit\Framework\TestCase not found and could not be autoloaded." severity="error"/></file><file name="modules/contrib/date_recur/tests/src/Unit/DateRecurNonRecurringHelperUnitTest.php"><error line="" message="Class PHPUnit\Framework\TestCase not found and could not be autoloaded." severity="error"/><error line="14" message="Class PHPUnit\Framework\TestCase not found and could not be autoloaded." severity="error"/></file><file name="modules/contrib/date_recur/tests/src/Unit/DateRecurPartGridUnitTest.php"><error line="" message="Class PHPUnit\Framework\TestCase not found and could not be autoloaded." severity="error"/><error line="15" message="Class PHPUnit\Framework\TestCase not found and could not be autoloaded." severity="error"/></file><file name="modules/contrib/date_recur/tests/src/Unit/DateRecurRlHelperUnitTest.php"><error line="" message="Class PHPUnit\Framework\TestCase not found and could not be autoloaded." severity="error"/><error line="19" message="Class PHPUnit\Framework\TestCase not found and could not be autoloaded." severity="error"/></file><file name="modules/contrib/date_recur/tests/src/Unit/DateRecurRlInterpretationUnitTest.php"><error line="" message="Class PHPUnit\Framework\TestCase not found and could not be autoloaded." severity="error"/><error line="24" message="Class PHPUnit\Framework\TestCase not found and could not be autoloaded." severity="error"/></file><file name="modules/contrib/date_recur/tests/src/Unit/DateRecurRruleUnitTest.php"><error line="" message="Class PHPUnit\Framework\TestCase not found and could not be autoloaded." severity="error"/><error line="18" message="Class PHPUnit\Framework\TestCase not found and could not be autoloaded." severity="error"/></file><file name="modules/contrib/date_recur/date_recur.info.yml"><error line="0" message="Add &lt;code&gt;core_version_requirement: ^8 || ^9&lt;/code&gt; to date_recur.info.yml to designate that the module is compatible with Drupal 9. See https://www.drupal.org/node/3070687." severity="error"/></file></checkstyle>

