<?xml version="1.0"?>
<checkstyle><file name="modules/contrib/decoupled_auth/src/Plugin/Validation/Constraint/DecoupledAuthUserMailUniqueValidator.php"><error line="102" message="Call to deprecated method getLowercaseLabel() of class Drupal\Core\Entity\EntityTypeInterface. Deprecated in drupal:8.8.0 and is removed from drupal:9.0.0.&#10;Instead, you should call getSingularLabel().&#10;See https://www.drupal.org/node/3075567" severity="warning"/><error line="103" message="Call to deprecated method strtolower() of class Drupal\Component\Utility\Unicode. Deprecated in drupal:8.6.0 and is removed from drupal:9.0.0. Use&#10;mb_strtolower() instead." severity="error"/></file><file name="modules/contrib/decoupled_auth/src/Tests/DecoupledAuthUserCreationTrait.php (in context of class Drupal\decoupled_auth\Tests\RegistrationTest)"><error line="30" message="Call to deprecated method format() of class Drupal\Component\Utility\SafeMarkup. Deprecated in drupal:8.0.0 and is removed from drupal:9.0.0.&#10;Use \Drupal\Component\Render\FormattableMarkup." severity="error"/><error line="30" message="Call to method format() of deprecated class Drupal\Component\Utility\SafeMarkup:&#10;Will be removed before Drupal 9.0.0. Use the appropriate" severity="error"/></file><file name="modules/contrib/decoupled_auth/src/Tests/RegistrationTest.php"><error line="12" message="Class Drupal\decoupled_auth\Tests\RegistrationTest extends deprecated class Drupal\simpletest\WebTestBase. Deprecated in drupal:8.8.0 and is removed from drupal:9.0.0. Instead,&#10;use \Drupal\Tests\BrowserTestBase. See https://www.drupal.org/node/3030340. Replacement available from drupal:8.6.0." severity="error"/><error line="39" message="Call to method setUp() of deprecated class Drupal\simpletest\WebTestBase. Deprecated in drupal:8.8.0 and is removed from drupal:9.0.0. Instead,&#10;use \Drupal\Tests\BrowserTestBase. See https://www.drupal.org/node/3030340. Replacement available from drupal:8.6.0." severity="error"/></file><file name="modules/contrib/decoupled_auth/tests/src/Functional/UserLoginFormTest.php"><error line="" message="Class PHPUnit\Framework\TestCase not found and could not be autoloaded." severity="error"/><error line="17" message="Class PHPUnit\Framework\TestCase not found and could not be autoloaded." severity="error"/></file><file name="modules/contrib/decoupled_auth/tests/src/Functional/UserPasswordFormTest.php"><error line="" message="Class PHPUnit\Framework\TestCase not found and could not be autoloaded." severity="error"/><error line="17" message="Class PHPUnit\Framework\TestCase not found and could not be autoloaded." severity="error"/></file><file name="modules/contrib/decoupled_auth/tests/src/Functional/UserProfileFormTest.php"><error line="" message="Class PHPUnit\Framework\TestCase not found and could not be autoloaded." severity="error"/><error line="15" message="Class PHPUnit\Framework\TestCase not found and could not be autoloaded." severity="error"/></file><file name="modules/contrib/decoupled_auth/tests/src/Kernel/AcquisitionApiTest.php"><error line="" message="Class PHPUnit\Framework\TestCase not found and could not be autoloaded." severity="error"/><error line="17" message="Class PHPUnit\Framework\TestCase not found and could not be autoloaded." severity="error"/></file><file name="modules/contrib/decoupled_auth/tests/src/Kernel/SimplenewsSubscriberTest.php"><error line="" message="Class PHPUnit\Framework\TestCase not found and could not be autoloaded." severity="error"/><error line="15" message="Class PHPUnit\Framework\TestCase not found and could not be autoloaded." severity="error"/></file><file name="modules/contrib/decoupled_auth/tests/src/Kernel/UniqueEmailTest.php"><error line="" message="Class PHPUnit\Framework\TestCase not found and could not be autoloaded." severity="error"/><error line="16" message="Class PHPUnit\Framework\TestCase not found and could not be autoloaded." severity="error"/></file><file name="modules/contrib/decoupled_auth/tests/src/Kernel/UserEntityTest.php"><error line="" message="Class PHPUnit\Framework\TestCase not found and could not be autoloaded." severity="error"/><error line="19" message="Class PHPUnit\Framework\TestCase not found and could not be autoloaded." severity="error"/></file><file name="modules/contrib/decoupled_auth/tests/src/Kernel/UserProfileFieldTest.php"><error line="" message="Class PHPUnit\Framework\TestCase not found and could not be autoloaded." severity="error"/><error line="17" message="Class PHPUnit\Framework\TestCase not found and could not be autoloaded." severity="error"/></file><file name="modules/contrib/decoupled_auth/decoupled_auth.info.yml"><error line="0" message="Add &lt;code&gt;core_version_requirement: ^8 || ^9&lt;/code&gt; to decoupled_auth.info.yml to designate that the module is compatible with Drupal 9. See https://www.drupal.org/node/3070687." severity="error"/></file></checkstyle>

