<?xml version="1.0"?>
<checkstyle><file name="modules/contrib/depcalc/tests/src/Kernel/DependencyCalculatorTest.php"><error line="" message="Class PHPUnit\Framework\TestCase not found and could not be autoloaded." severity="error"/><error line="20" message="Class PHPUnit\Framework\TestCase not found and could not be autoloaded." severity="error"/></file><file name="modules/contrib/depcalc/tests/src/Kernel/EventSubscriber/DependencyCollector/ConfigEntityDependencyCollectorTest.php"><error line="" message="Class PHPUnit\Framework\TestCase not found and could not be autoloaded." severity="error"/><error line="25" message="Class PHPUnit\Framework\TestCase not found and could not be autoloaded." severity="error"/></file><file name="modules/contrib/depcalc/tests/src/Kernel/EventSubscriber/DependencyCollector/EmbeddedImagesCollectorTest.php"><error line="" message="Class PHPUnit\Framework\TestCase not found and could not be autoloaded." severity="error"/><error line="20" message="Class PHPUnit\Framework\TestCase not found and could not be autoloaded." severity="error"/></file><file name="modules/contrib/depcalc/tests/src/Kernel/EventSubscriber/DependencyCollector/EntityEmbedCollectorTest.php"><error line="" message="Class Drupal\Tests\entity_embed\Kernel\EntityEmbedFilterTestBase not found and could not be autoloaded." severity="error"/><error line="18" message="Class Drupal\Tests\entity_embed\Kernel\EntityEmbedFilterTestBase not found and could not be autoloaded." severity="error"/></file><file name="modules/contrib/depcalc/tests/src/Kernel/EventSubscriber/DependencyCollector/EntityFormDisplayDependencyCollectorTest.php"><error line="" message="Class PHPUnit\Framework\TestCase not found and could not be autoloaded." severity="error"/><error line="22" message="Class PHPUnit\Framework\TestCase not found and could not be autoloaded." severity="error"/></file><file name="modules/contrib/depcalc/tests/src/Kernel/EventSubscriber/DependencyCollector/EntityReferenceFieldDependencyCollectorTest.php"><error line="" message="Class PHPUnit\Framework\TestCase not found and could not be autoloaded." severity="error"/><error line="23" message="Class PHPUnit\Framework\TestCase not found and could not be autoloaded." severity="error"/></file><file name="modules/contrib/depcalc/tests/src/Kernel/EventSubscriber/DependencyCollector/EntityViewDisplayDependencyCollectorTest.php"><error line="" message="Class PHPUnit\Framework\TestCase not found and could not be autoloaded." severity="error"/><error line="20" message="Class PHPUnit\Framework\TestCase not found and could not be autoloaded." severity="error"/></file><file name="modules/contrib/depcalc/tests/src/Kernel/EventSubscriber/DependencyCollector/LinkFieldCollectorTest.php"><error line="" message="Class PHPUnit\Framework\TestCase not found and could not be autoloaded." severity="error"/><error line="22" message="Class PHPUnit\Framework\TestCase not found and could not be autoloaded." severity="error"/></file><file name="modules/contrib/depcalc/tests/src/Kernel/EventSubscriber/DependencyCollector/TermParentCollectorTest.php"><error line="" message="Class PHPUnit\Framework\TestCase not found and could not be autoloaded." severity="error"/><error line="17" message="Class PHPUnit\Framework\TestCase not found and could not be autoloaded." severity="error"/></file><file name="modules/contrib/depcalc/tests/src/Kernel/EventSubscriber/DependencyCollector/TextItemFieldDependencyCollectorTest.php"><error line="" message="Class PHPUnit\Framework\TestCase not found and could not be autoloaded." severity="error"/><error line="20" message="Class PHPUnit\Framework\TestCase not found and could not be autoloaded." severity="error"/></file><file name="modules/contrib/depcalc/tests/src/Kernel/EventSubscriber/DependencyCollector/WorkflowCollectorTest.php"><error line="" message="Class PHPUnit\Framework\TestCase not found and could not be autoloaded." severity="error"/><error line="20" message="Class PHPUnit\Framework\TestCase not found and could not be autoloaded." severity="error"/></file></checkstyle>

