<?xml version="1.0"?>
<checkstyle><file name="modules/contrib/domain/domain/domain.drush.inc"><error line="301" message="Call to deprecated function db_query(). Deprecated in drupal:8.0.0 and is removed from drupal:9.0.0. Instead,&#10;get a database connection injected into your service from the container&#10;and call query() on it. For example," severity="error"/></file><file name="modules/contrib/domain/domain/src/Commands/DomainCommands.php"><error line="238" message="Call to deprecated method entityManager() of class Drupal. Deprecated in drupal:8.0.0 and is removed from drupal:9.0.0.&#10;Use \Drupal::entityTypeManager() instead in most cases. If the needed&#10;method is not on \Drupal\Core\Entity\EntityTypeManagerInterface, see the&#10;deprecated \Drupal\Core\Entity\EntityManager to find the&#10;correct interface or service." severity="error"/><error line="1181" message="Call to deprecated method entityManager() of class Drupal. Deprecated in drupal:8.0.0 and is removed from drupal:9.0.0.&#10;Use \Drupal::entityTypeManager() instead in most cases. If the needed&#10;method is not on \Drupal\Core\Entity\EntityTypeManagerInterface, see the&#10;deprecated \Drupal\Core\Entity\EntityManager to find the&#10;correct interface or service." severity="error"/></file><file name="modules/contrib/domain/domain/src/DomainListBuilder.php"><error line="234" message="Call to deprecated method getLabel() of class Drupal\Core\Entity\EntityListBuilder. Deprecated in drupal:8.0.0 and is removed from drupal:9.0.0.&#10;Use $entity-&gt;label() instead. This method used to escape the entity&#10;label. The render system's autoescape is now relied upon." severity="error"/></file><file name="modules/contrib/domain/domain/src/Tests/DomainTestBase.php"><error line="20" message="Class Drupal\domain\Tests\DomainTestBase extends deprecated class Drupal\simpletest\WebTestBase. Deprecated in drupal:8.8.0 and is removed from drupal:9.0.0. Instead,&#10;use \Drupal\Tests\BrowserTestBase. See https://www.drupal.org/node/3030340. Replacement available from drupal:8.6.0." severity="error"/></file><file name="modules/contrib/domain/domain/tests/src/Functional/Condition/DomainConditionTest.php"><error line="" message="Class PHPUnit\Framework\TestCase not found and could not be autoloaded." severity="error"/><error line="12" message="Class PHPUnit\Framework\TestCase not found and could not be autoloaded." severity="error"/></file><file name="modules/contrib/domain/domain/tests/src/Functional/DomainActionsTest.php"><error line="" message="Class PHPUnit\Framework\TestCase not found and could not be autoloaded." severity="error"/><error line="10" message="Class PHPUnit\Framework\TestCase not found and could not be autoloaded." severity="error"/></file><file name="modules/contrib/domain/domain/tests/src/Functional/DomainAdminElementTest.php"><error line="" message="Class PHPUnit\Framework\TestCase not found and could not be autoloaded." severity="error"/><error line="10" message="Class PHPUnit\Framework\TestCase not found and could not be autoloaded." severity="error"/></file><file name="modules/contrib/domain/domain/tests/src/Functional/DomainCSSTest.php"><error line="" message="Class PHPUnit\Framework\TestCase not found and could not be autoloaded." severity="error"/><error line="12" message="Class PHPUnit\Framework\TestCase not found and could not be autoloaded." severity="error"/></file><file name="modules/contrib/domain/domain/tests/src/Functional/DomainCheckResponseTest.php"><error line="" message="Class PHPUnit\Framework\TestCase not found and could not be autoloaded." severity="error"/><error line="10" message="Class PHPUnit\Framework\TestCase not found and could not be autoloaded." severity="error"/></file><file name="modules/contrib/domain/domain/tests/src/Functional/DomainCreateTest.php"><error line="" message="Class PHPUnit\Framework\TestCase not found and could not be autoloaded." severity="error"/><error line="10" message="Class PHPUnit\Framework\TestCase not found and could not be autoloaded." severity="error"/></file><file name="modules/contrib/domain/domain/tests/src/Functional/DomainEntityReferenceTest.php"><error line="" message="Class PHPUnit\Framework\TestCase not found and could not be autoloaded." severity="error"/><error line="10" message="Class PHPUnit\Framework\TestCase not found and could not be autoloaded." severity="error"/></file><file name="modules/contrib/domain/domain/tests/src/Functional/DomainFormsTest.php"><error line="" message="Class PHPUnit\Framework\TestCase not found and could not be autoloaded." severity="error"/><error line="10" message="Class PHPUnit\Framework\TestCase not found and could not be autoloaded." severity="error"/></file><file name="modules/contrib/domain/domain/tests/src/Functional/DomainGetResponseTest.php"><error line="" message="Class PHPUnit\Framework\TestCase not found and could not be autoloaded." severity="error"/><error line="10" message="Class PHPUnit\Framework\TestCase not found and could not be autoloaded." severity="error"/></file><file name="modules/contrib/domain/domain/tests/src/Functional/DomainInactiveTest.php"><error line="" message="Class PHPUnit\Framework\TestCase not found and could not be autoloaded." severity="error"/><error line="13" message="Class PHPUnit\Framework\TestCase not found and could not be autoloaded." severity="error"/></file><file name="modules/contrib/domain/domain/tests/src/Functional/DomainListBuilderTest.php"><error line="" message="Class PHPUnit\Framework\TestCase not found and could not be autoloaded." severity="error"/><error line="10" message="Class PHPUnit\Framework\TestCase not found and could not be autoloaded." severity="error"/></file><file name="modules/contrib/domain/domain/tests/src/Functional/DomainListWeightTest.php"><error line="" message="Class PHPUnit\Framework\TestCase not found and could not be autoloaded." severity="error"/><error line="10" message="Class PHPUnit\Framework\TestCase not found and could not be autoloaded." severity="error"/></file><file name="modules/contrib/domain/domain/tests/src/Functional/DomainNavBlockTest.php"><error line="" message="Class PHPUnit\Framework\TestCase not found and could not be autoloaded." severity="error"/><error line="12" message="Class PHPUnit\Framework\TestCase not found and could not be autoloaded." severity="error"/></file><file name="modules/contrib/domain/domain/tests/src/Functional/DomainNegotiatorTest.php"><error line="" message="Class PHPUnit\Framework\TestCase not found and could not be autoloaded." severity="error"/><error line="12" message="Class PHPUnit\Framework\TestCase not found and could not be autoloaded." severity="error"/></file><file name="modules/contrib/domain/domain/tests/src/Functional/DomainReferencesTest.php"><error line="" message="Class PHPUnit\Framework\TestCase not found and could not be autoloaded." severity="error"/><error line="13" message="Class PHPUnit\Framework\TestCase not found and could not be autoloaded." severity="error"/></file><file name="modules/contrib/domain/domain/tests/src/Functional/DomainTestBase.php"><error line="" message="Class PHPUnit\Framework\TestCase not found and could not be autoloaded." severity="error"/><error line="16" message="Class PHPUnit\Framework\TestCase not found and could not be autoloaded." severity="error"/></file><file name="modules/contrib/domain/domain/tests/src/Functional/DomainTokenTest.php"><error line="" message="Class PHPUnit\Framework\TestCase not found and could not be autoloaded." severity="error"/><error line="12" message="Class PHPUnit\Framework\TestCase not found and could not be autoloaded." severity="error"/></file><file name="modules/contrib/domain/domain/tests/src/Functional/DomainValidatorTest.php"><error line="" message="Class PHPUnit\Framework\TestCase not found and could not be autoloaded." severity="error"/><error line="12" message="Class PHPUnit\Framework\TestCase not found and could not be autoloaded." severity="error"/></file><file name="modules/contrib/domain/domain/tests/src/Functional/DomainViewsAccessTest.php"><error line="" message="Class PHPUnit\Framework\TestCase not found and could not be autoloaded." severity="error"/><error line="10" message="Class PHPUnit\Framework\TestCase not found and could not be autoloaded." severity="error"/></file><file name="modules/contrib/domain/domain/tests/src/Kernel/DomainConfigTest.php"><error line="" message="Class PHPUnit\Framework\TestCase not found and could not be autoloaded." severity="error"/><error line="12" message="Class PHPUnit\Framework\TestCase not found and could not be autoloaded." severity="error"/></file><file name="modules/contrib/domain/domain/tests/src/Kernel/DomainHookTest.php"><error line="" message="Class PHPUnit\Framework\TestCase not found and could not be autoloaded." severity="error"/><error line="21" message="Class PHPUnit\Framework\TestCase not found and could not be autoloaded." severity="error"/></file><file name="modules/contrib/domain/domain/tests/src/Kernel/DomainVariableSchemeTest.php"><error line="" message="Class PHPUnit\Framework\TestCase not found and could not be autoloaded." severity="error"/><error line="13" message="Class PHPUnit\Framework\TestCase not found and could not be autoloaded." severity="error"/></file><file name="modules/contrib/domain/domain/domain.info.yml"><error line="0" message="Add &lt;code&gt;core_version_requirement: ^8 || ^9&lt;/code&gt; to domain.info.yml to designate that the module is compatible with Drupal 9. See https://www.drupal.org/node/3070687." severity="error"/></file></checkstyle>

