<?xml version="1.0"?>
<checkstyle><file name="modules/contrib/eck/eck.install"><error line="27" message="Call to deprecated method applyUpdates() of class Drupal\Core\Entity\EntityDefinitionUpdateManagerInterface. Deprecated in drupal:8.7.0 and is removed from drupal:9.0.0. Use&#10;\Drupal\Core\Entity\EntityDefinitionUpdateManagerInterface::getChangeList()&#10;and execute each entity type and field storage update manually instead." severity="error"/><error line="45" message="Call to deprecated method applyUpdates() of class Drupal\Core\Entity\EntityDefinitionUpdateManagerInterface. Deprecated in drupal:8.7.0 and is removed from drupal:9.0.0. Use&#10;\Drupal\Core\Entity\EntityDefinitionUpdateManagerInterface::getChangeList()&#10;and execute each entity type and field storage update manually instead." severity="error"/></file><file name="modules/contrib/eck/src/Controller/EckEntityBundleListBuilder.php"><error line="75" message="Call to deprecated method getLabel() of class Drupal\Core\Entity\EntityListBuilder. Deprecated in drupal:8.0.0 and is removed from drupal:9.0.0.&#10;Use $entity-&gt;label() instead. This method used to escape the entity&#10;label. The render system's autoescape is now relied upon." severity="error"/></file><file name="modules/contrib/eck/src/Entity/EckEntityType.php"><error line="98" message="Call to deprecated method link() of class Drupal\Core\Config\Entity\ConfigEntityBase. Deprecated in drupal:8.0.0 and is removed from drupal:9.0.0.&#10;Use \Drupal\Core\EntityInterface::toLink()-&gt;toString() instead." severity="error"/><error line="121" message="Call to deprecated method applyUpdates() of class Drupal\Core\Entity\EntityDefinitionUpdateManagerInterface. Deprecated in drupal:8.7.0 and is removed from drupal:9.0.0. Use&#10;\Drupal\Core\Entity\EntityDefinitionUpdateManagerInterface::getChangeList()&#10;and execute each entity type and field storage update manually instead." severity="error"/></file><file name="modules/contrib/eck/src/Form/EntityType/EckEntityTypeEditForm.php"><error line="34" message="Call to deprecated method getFieldStorageDefinitions() of class Drupal\Core\Entity\Sql\SqlContentEntityStorage. Deprecated in drupal:8.7.0 and is removed from drupal:9.0.0.&#10;Use \Drupal\Core\Entity\EntityFieldManagerInterface::getActiveFieldStorageDefinitions()&#10;instead." severity="error"/></file><file name="modules/contrib/eck/tests/src/Functional/AccessTest.php"><error line="" message="Class PHPUnit\Framework\TestCase not found and could not be autoloaded." severity="error"/><error line="12" message="Class PHPUnit\Framework\TestCase not found and could not be autoloaded." severity="error"/></file><file name="modules/contrib/eck/tests/src/Functional/BundleCRUDTest.php"><error line="" message="Class PHPUnit\Framework\TestCase not found and could not be autoloaded." severity="error"/><error line="12" message="Class PHPUnit\Framework\TestCase not found and could not be autoloaded." severity="error"/></file><file name="modules/contrib/eck/tests/src/Functional/ConfigImportTest.php"><error line="" message="Class PHPUnit\Framework\TestCase not found and could not be autoloaded." severity="error"/><error line="13" message="Class PHPUnit\Framework\TestCase not found and could not be autoloaded." severity="error"/></file><file name="modules/contrib/eck/tests/src/Functional/DynamicBaseFieldTest.php"><error line="" message="Class PHPUnit\Framework\TestCase not found and could not be autoloaded." severity="error"/><error line="12" message="Class PHPUnit\Framework\TestCase not found and could not be autoloaded." severity="error"/></file><file name="modules/contrib/eck/tests/src/Functional/EntityCRUDTest.php"><error line="" message="Class PHPUnit\Framework\TestCase not found and could not be autoloaded." severity="error"/><error line="12" message="Class PHPUnit\Framework\TestCase not found and could not be autoloaded." severity="error"/></file><file name="modules/contrib/eck/tests/src/Functional/EntityTypeCRUDTest.php"><error line="" message="Class PHPUnit\Framework\TestCase not found and could not be autoloaded." severity="error"/><error line="12" message="Class PHPUnit\Framework\TestCase not found and could not be autoloaded." severity="error"/></file><file name="modules/contrib/eck/tests/src/Functional/FunctionalTestBase.php"><error line="" message="Class PHPUnit\Framework\TestCase not found and could not be autoloaded." severity="error"/><error line="11" message="Class PHPUnit\Framework\TestCase not found and could not be autoloaded." severity="error"/></file><file name="modules/contrib/eck/tests/src/Functional/LocalTaskEntityTest.php"><error line="" message="Class PHPUnit\Framework\TestCase not found and could not be autoloaded." severity="error"/><error line="12" message="Class PHPUnit\Framework\TestCase not found and could not be autoloaded." severity="error"/></file><file name="modules/contrib/eck/tests/src/Functional/NavigationalStructureTest.php"><error line="" message="Class PHPUnit\Framework\TestCase not found and could not be autoloaded." severity="error"/><error line="18" message="Class PHPUnit\Framework\TestCase not found and could not be autoloaded." severity="error"/></file><file name="modules/contrib/eck/tests/src/Functional/UITest.php"><error line="" message="Class PHPUnit\Framework\TestCase not found and could not be autoloaded." severity="error"/><error line="14" message="Class PHPUnit\Framework\TestCase not found and could not be autoloaded." severity="error"/></file><file name="modules/contrib/eck/tests/src/Functional/WorkspacesIntegrationTest.php"><error line="" message="Class PHPUnit\Framework\TestCase not found and could not be autoloaded." severity="error"/><error line="13" message="Class PHPUnit\Framework\TestCase not found and could not be autoloaded." severity="error"/></file><file name="modules/contrib/eck/tests/src/Unit/EckEntityTest.php"><error line="" message="Class PHPUnit\Framework\TestCase not found and could not be autoloaded." severity="error"/><error line="14" message="Class PHPUnit\Framework\TestCase not found and could not be autoloaded." severity="error"/></file><file name="modules/contrib/eck/tests/src/Unit/EntityTypeBundleInfoTest.php"><error line="" message="Class PHPUnit\Framework\TestCase not found and could not be autoloaded." severity="error"/><error line="21" message="Class PHPUnit\Framework\TestCase not found and could not be autoloaded." severity="error"/></file><file name="modules/contrib/eck/tests/src/Unit/PermissionsGeneratorTest.php"><error line="" message="Class PHPUnit\Framework\TestCase not found and could not be autoloaded." severity="error"/><error line="12" message="Class PHPUnit\Framework\TestCase not found and could not be autoloaded." severity="error"/></file><file name="modules/contrib/eck/tests/src/Unit/UnitTestBase.php"><error line="" message="Class PHPUnit\Framework\TestCase not found and could not be autoloaded." severity="error"/><error line="14" message="Class PHPUnit\Framework\TestCase not found and could not be autoloaded." severity="error"/></file><file name="modules/contrib/eck/eck.info.yml"><error line="0" message="Add &lt;code&gt;core_version_requirement: ^8 || ^9&lt;/code&gt; to eck.info.yml to designate that the module is compatible with Drupal 9. See https://www.drupal.org/node/3070687." severity="error"/></file></checkstyle>

