<?xml version="1.0"?>
<checkstyle><file name="modules/contrib/elasticsearch_connector/modules/elasticsearch_connector_views/src/Plugin/views/field/ElasticsearchViewsEntity.php"><error line="86" message="Call to deprecated method getEntityManager() of class Drupal\elasticsearch_connector_views\Plugin\views\field\ElasticsearchViewsEntity. Deprecated in drupal:8.8.0 and is removed from drupal:9.0.0. Use&#10;\Drupal\views\FieldAPIHandlerTrait::getEntityFieldManager() instead." severity="warning"/><error line="197" message="Call to deprecated method getEntityManager() of class Drupal\elasticsearch_connector_views\Plugin\views\field\ElasticsearchViewsEntity. Deprecated in drupal:8.8.0 and is removed from drupal:9.0.0. Use&#10;\Drupal\views\FieldAPIHandlerTrait::getEntityFieldManager() instead." severity="warning"/><error line="275" message="Call to deprecated method getEntityManager() of class Drupal\elasticsearch_connector_views\Plugin\views\field\ElasticsearchViewsEntity. Deprecated in drupal:8.8.0 and is removed from drupal:9.0.0. Use&#10;\Drupal\views\FieldAPIHandlerTrait::getEntityFieldManager() instead." severity="warning"/></file><file name="modules/contrib/elasticsearch_connector/src/Exception/ElasticSearchConnectorException.php"><error line="" message="Class Drupal\search_api\SearchApiException not found and could not be autoloaded." severity="error"/><error line="10" message="Class Drupal\search_api\SearchApiException not found and could not be autoloaded." severity="error"/></file><file name="modules/contrib/elasticsearch_connector/src/Plugin/search_api/backend/SearchApiElasticsearchBackend.php"><error line="" message="Class Drupal\search_api\Backend\BackendPluginBase not found and could not be autoloaded." severity="error"/><error line="47" message="Class Drupal\search_api\Backend\BackendPluginBase not found and could not be autoloaded." severity="error"/></file><file name="modules/contrib/elasticsearch_connector/src/Plugin/search_api/data_type/ObjectDataType.php"><error line="" message="Class Drupal\search_api\DataType\DataTypePluginBase not found and could not be autoloaded." severity="error"/><error line="17" message="Class Drupal\search_api\DataType\DataTypePluginBase not found and could not be autoloaded." severity="error"/></file><file name="modules/contrib/elasticsearch_connector/src/Plugin/search_api/processor/ExcludeSourceFields.php"><error line="" message="Class Drupal\search_api\Processor\ProcessorPluginBase not found and could not be autoloaded." severity="error"/><error line="27" message="Class Drupal\search_api\Processor\ProcessorPluginBase not found and could not be autoloaded." severity="error"/></file><file name="modules/contrib/elasticsearch_connector/tests/src/Behat/features/bootstrap/ElasticsearchConnectorFeatureContext.php"><error line="" message="Class ElasticsearchConnectorFeatureContext was not found while trying to analyse it - autoloading is probably not configured properly." severity="error"/></file><file name="modules/contrib/elasticsearch_connector/tests/src/Kernel/ElasticsearchTest.php"><error line="" message="Class Drupal\elasticsearch_connector\Tests\Kernel\ElasticsearchTest was not found while trying to analyse it - autoloading is probably not configured properly." severity="error"/></file><file name="modules/contrib/elasticsearch_connector/tests/src/Unit/ClusterManagerTest.php"><error line="" message="Class PHPUnit\Framework\TestCase not found and could not be autoloaded." severity="error"/><error line="17" message="Class PHPUnit\Framework\TestCase not found and could not be autoloaded." severity="error"/></file><file name="modules/contrib/elasticsearch_connector/tests/src/Unit/ElasticSearch/ClientManagerTest.php"><error line="" message="Class PHPUnit\Framework\TestCase not found and could not be autoloaded." severity="error"/><error line="18" message="Class PHPUnit\Framework\TestCase not found and could not be autoloaded." severity="error"/></file><file name="modules/contrib/elasticsearch_connector/tests/src/Unit/ElasticSearch/Parameters/Builder/SearchBuilderTest.php"><error line="" message="Class PHPUnit\Framework\TestCase not found and could not be autoloaded." severity="error"/><error line="15" message="Class PHPUnit\Framework\TestCase not found and could not be autoloaded." severity="error"/></file><file name="modules/contrib/elasticsearch_connector/tests/src/Unit/ElasticSearch/Parameters/Factory/FilterFactoryTest.php"><error line="" message="Class PHPUnit\Framework\TestCase not found and could not be autoloaded." severity="error"/><error line="18" message="Class PHPUnit\Framework\TestCase not found and could not be autoloaded." severity="error"/></file><file name="modules/contrib/elasticsearch_connector/tests/src/Unit/ElasticSearch/Parameters/Factory/IndexFactoryTest.php"><error line="" message="Class PHPUnit\Framework\TestCase not found and could not be autoloaded." severity="error"/><error line="13" message="Class PHPUnit\Framework\TestCase not found and could not be autoloaded." severity="error"/></file><file name="modules/contrib/elasticsearch_connector/tests/src/Unit/ElasticSearch/Parameters/Factory/MappingFactoryTest.php"><error line="" message="Class PHPUnit\Framework\TestCase not found and could not be autoloaded." severity="error"/><error line="14" message="Class PHPUnit\Framework\TestCase not found and could not be autoloaded." severity="error"/></file><file name="modules/contrib/elasticsearch_connector/tests/src/Unit/Entity/ClusterRouteProviderTest.php"><error line="" message="Class PHPUnit\Framework\TestCase not found and could not be autoloaded." severity="error"/><error line="14" message="Class PHPUnit\Framework\TestCase not found and could not be autoloaded." severity="error"/></file><file name="modules/contrib/elasticsearch_connector/tests/src/Unit/Entity/IndexRouteProviderTest.php"><error line="" message="Class PHPUnit\Framework\TestCase not found and could not be autoloaded." severity="error"/><error line="14" message="Class PHPUnit\Framework\TestCase not found and could not be autoloaded." severity="error"/></file><file name="modules/contrib/elasticsearch_connector/tests/src/Unit/Entity/IndexTest.php"><error line="" message="Class PHPUnit\Framework\TestCase not found and could not be autoloaded." severity="error"/><error line="13" message="Class PHPUnit\Framework\TestCase not found and could not be autoloaded." severity="error"/></file><file name="modules/contrib/elasticsearch_connector/elasticsearch_connector.info.yml"><error line="0" message="Add &lt;code&gt;core_version_requirement: ^8 || ^9&lt;/code&gt; to elasticsearch_connector.info.yml to designate that the module is compatible with Drupal 9. See https://www.drupal.org/node/3070687." severity="error"/></file></checkstyle>

