<?xml version="1.0"?>
<checkstyle><file name="modules/contrib/entityqueue/src/Plugin/RulesAction/AddItemToSubqueue.php"><error line="" message="Class Drupal\rules\Core\RulesActionBase not found and could not be autoloaded." severity="error"/><error line="28" message="Class Drupal\rules\Core\RulesActionBase not found and could not be autoloaded." severity="error"/></file><file name="modules/contrib/entityqueue/src/Plugin/RulesAction/ClearSubqueueItems.php"><error line="" message="Class Drupal\rules\Core\RulesActionBase not found and could not be autoloaded." severity="error"/><error line="23" message="Class Drupal\rules\Core\RulesActionBase not found and could not be autoloaded." severity="error"/></file><file name="modules/contrib/entityqueue/src/Plugin/RulesAction/RemoveItemFromSubqueue.php"><error line="" message="Class Drupal\rules\Core\RulesActionBase not found and could not be autoloaded." severity="error"/><error line="28" message="Class Drupal\rules\Core\RulesActionBase not found and could not be autoloaded." severity="error"/></file><file name="modules/contrib/entityqueue/src/Plugin/RulesAction/ReverseSubqueueItems.php"><error line="" message="Class Drupal\rules\Core\RulesActionBase not found and could not be autoloaded." severity="error"/><error line="23" message="Class Drupal\rules\Core\RulesActionBase not found and could not be autoloaded." severity="error"/></file><file name="modules/contrib/entityqueue/src/Plugin/RulesAction/ShuffleSubqueueItems.php"><error line="" message="Class Drupal\rules\Core\RulesActionBase not found and could not be autoloaded." severity="error"/><error line="23" message="Class Drupal\rules\Core\RulesActionBase not found and could not be autoloaded." severity="error"/></file><file name="modules/contrib/entityqueue/tests/src/Functional/EntityQueueUiTest.php"><error line="" message="Class PHPUnit\Framework\TestCase not found and could not be autoloaded." severity="error"/><error line="12" message="Class PHPUnit\Framework\TestCase not found and could not be autoloaded." severity="error"/></file><file name="modules/contrib/entityqueue/tests/src/Kernel/EntityQueueCacheTagsTest.php"><error line="" message="Class PHPUnit\Framework\TestCase not found and could not be autoloaded." severity="error"/><error line="15" message="Class PHPUnit\Framework\TestCase not found and could not be autoloaded." severity="error"/></file><file name="modules/contrib/entityqueue/tests/src/Kernel/EntityQueueCrudTest.php"><error line="" message="Class PHPUnit\Framework\TestCase not found and could not be autoloaded." severity="error"/><error line="13" message="Class PHPUnit\Framework\TestCase not found and could not be autoloaded." severity="error"/></file></checkstyle>

