<?xml version="1.0"?>
<checkstyle><file name="modules/contrib/entity_clone/src/EntityClone/Content/FileEntityClone.php"><error line="17" message="Call to deprecated constant FILE_EXISTS_RENAME: Deprecated in drupal:8.7.0 and is removed from drupal:9.0.0. Use \Drupal\Core\File\FileSystemInterface::EXISTS_RENAME." severity="error"/></file><file name="modules/contrib/entity_clone/src/Tests/EntityCloneActionTest.php"><error line="12" message="Class Drupal\entity_clone\Tests\EntityCloneActionTest extends deprecated class Drupal\simpletest\WebTestBase. Deprecated in drupal:8.8.0 and is removed from drupal:9.0.0. Instead,&#10;use \Drupal\Tests\BrowserTestBase. See https://www.drupal.org/node/3030340. Replacement available from drupal:8.6.0." severity="error"/><error line="42" message="Call to method setUp() of deprecated class Drupal\simpletest\WebTestBase. Deprecated in drupal:8.8.0 and is removed from drupal:9.0.0. Instead,&#10;use \Drupal\Tests\BrowserTestBase. See https://www.drupal.org/node/3030340. Replacement available from drupal:8.6.0." severity="error"/></file><file name="modules/contrib/entity_clone/src/Tests/EntityCloneBlockTest.php"><error line="13" message="Class Drupal\entity_clone\Tests\EntityCloneBlockTest extends deprecated class Drupal\simpletest\WebTestBase. Deprecated in drupal:8.8.0 and is removed from drupal:9.0.0. Instead,&#10;use \Drupal\Tests\BrowserTestBase. See https://www.drupal.org/node/3030340. Replacement available from drupal:8.6.0." severity="error"/><error line="43" message="Call to method setUp() of deprecated class Drupal\simpletest\WebTestBase. Deprecated in drupal:8.8.0 and is removed from drupal:9.0.0. Instead,&#10;use \Drupal\Tests\BrowserTestBase. See https://www.drupal.org/node/3030340. Replacement available from drupal:8.6.0." severity="error"/></file><file name="modules/contrib/entity_clone/src/Tests/EntityCloneCommentTest.php"><error line="13" message="Class Drupal\entity_clone\Tests\EntityCloneCommentTest extends deprecated class Drupal\comment\Tests\CommentTestBase. Deprecated in drupal:8.4.0 and is removed from drupal:9.0.0.&#10;Use \Drupal\Tests\comment\Functional\CommentTestBase instead." severity="error"/><error line="55" message="Call to method setUp() of deprecated class Drupal\comment\Tests\CommentTestBase. Deprecated in drupal:8.4.0 and is removed from drupal:9.0.0.&#10;Use \Drupal\Tests\comment\Functional\CommentTestBase instead." severity="error"/></file><file name="modules/contrib/entity_clone/src/Tests/EntityCloneContentRecursiveCircularTest.php"><error line="14" message="Class Drupal\entity_clone\Tests\EntityCloneContentRecursiveCircularTest extends deprecated class Drupal\node\Tests\NodeTestBase. Deprecated in drupal:8.?.? and is removed from drupal:9.0.0.&#10;Use \Drupal\Tests\node\Functional\NodeTestBase instead." severity="error"/><error line="54" message="Call to method setUp() of deprecated class Drupal\node\Tests\NodeTestBase. Deprecated in drupal:8.?.? and is removed from drupal:9.0.0.&#10;Use \Drupal\Tests\node\Functional\NodeTestBase instead." severity="error"/></file><file name="modules/contrib/entity_clone/src/Tests/EntityCloneContentRecursiveTest.php"><error line="14" message="Class Drupal\entity_clone\Tests\EntityCloneContentRecursiveTest extends deprecated class Drupal\node\Tests\NodeTestBase. Deprecated in drupal:8.?.? and is removed from drupal:9.0.0.&#10;Use \Drupal\Tests\node\Functional\NodeTestBase instead." severity="error"/><error line="52" message="Call to method setUp() of deprecated class Drupal\node\Tests\NodeTestBase. Deprecated in drupal:8.?.? and is removed from drupal:9.0.0.&#10;Use \Drupal\Tests\node\Functional\NodeTestBase instead." severity="error"/></file><file name="modules/contrib/entity_clone/src/Tests/EntityCloneContentTest.php"><error line="13" message="Class Drupal\entity_clone\Tests\EntityCloneContentTest extends deprecated class Drupal\node\Tests\NodeTestBase. Deprecated in drupal:8.?.? and is removed from drupal:9.0.0.&#10;Use \Drupal\Tests\node\Functional\NodeTestBase instead." severity="error"/><error line="44" message="Call to method setUp() of deprecated class Drupal\node\Tests\NodeTestBase. Deprecated in drupal:8.?.? and is removed from drupal:9.0.0.&#10;Use \Drupal\Tests\node\Functional\NodeTestBase instead." severity="error"/></file><file name="modules/contrib/entity_clone/src/Tests/EntityCloneCustomBlockTest.php"><error line="12" message="Class Drupal\entity_clone\Tests\EntityCloneCustomBlockTest extends deprecated class Drupal\block_content\Tests\BlockContentTestBase. Deprecated in drupal:8.?.? and is removed from drupal:9.0.0.&#10;Use \Drupal\Tests\block_content\Functional\BlockContentTestBase instead." severity="error"/><error line="35" message="Call to method setUp() of deprecated class Drupal\block_content\Tests\BlockContentTestBase. Deprecated in drupal:8.?.? and is removed from drupal:9.0.0.&#10;Use \Drupal\Tests\block_content\Functional\BlockContentTestBase instead." severity="error"/></file><file name="modules/contrib/entity_clone/src/Tests/EntityCloneDateFormatTest.php"><error line="12" message="Class Drupal\entity_clone\Tests\EntityCloneDateFormatTest extends deprecated class Drupal\simpletest\WebTestBase. Deprecated in drupal:8.8.0 and is removed from drupal:9.0.0. Instead,&#10;use \Drupal\Tests\BrowserTestBase. See https://www.drupal.org/node/3030340. Replacement available from drupal:8.6.0." severity="error"/><error line="42" message="Call to method setUp() of deprecated class Drupal\simpletest\WebTestBase. Deprecated in drupal:8.8.0 and is removed from drupal:9.0.0. Instead,&#10;use \Drupal\Tests\BrowserTestBase. See https://www.drupal.org/node/3030340. Replacement available from drupal:8.6.0." severity="error"/></file><file name="modules/contrib/entity_clone/src/Tests/EntityCloneEntityFormModeTest.php"><error line="12" message="Class Drupal\entity_clone\Tests\EntityCloneEntityFormModeTest extends deprecated class Drupal\simpletest\WebTestBase. Deprecated in drupal:8.8.0 and is removed from drupal:9.0.0. Instead,&#10;use \Drupal\Tests\BrowserTestBase. See https://www.drupal.org/node/3030340. Replacement available from drupal:8.6.0." severity="error"/><error line="43" message="Call to method setUp() of deprecated class Drupal\simpletest\WebTestBase. Deprecated in drupal:8.8.0 and is removed from drupal:9.0.0. Instead,&#10;use \Drupal\Tests\BrowserTestBase. See https://www.drupal.org/node/3030340. Replacement available from drupal:8.6.0." severity="error"/></file><file name="modules/contrib/entity_clone/src/Tests/EntityCloneEntityViewModeTest.php"><error line="12" message="Class Drupal\entity_clone\Tests\EntityCloneEntityViewModeTest extends deprecated class Drupal\simpletest\WebTestBase. Deprecated in drupal:8.8.0 and is removed from drupal:9.0.0. Instead,&#10;use \Drupal\Tests\BrowserTestBase. See https://www.drupal.org/node/3030340. Replacement available from drupal:8.6.0." severity="error"/><error line="43" message="Call to method setUp() of deprecated class Drupal\simpletest\WebTestBase. Deprecated in drupal:8.8.0 and is removed from drupal:9.0.0. Instead,&#10;use \Drupal\Tests\BrowserTestBase. See https://www.drupal.org/node/3030340. Replacement available from drupal:8.6.0." severity="error"/></file><file name="modules/contrib/entity_clone/src/Tests/EntityCloneFileTest.php"><error line="13" message="Class Drupal\entity_clone\Tests\EntityCloneFileTest extends deprecated class Drupal\simpletest\WebTestBase. Deprecated in drupal:8.8.0 and is removed from drupal:9.0.0. Instead,&#10;use \Drupal\Tests\BrowserTestBase. See https://www.drupal.org/node/3030340. Replacement available from drupal:8.6.0." severity="error"/><error line="42" message="Call to method setUp() of deprecated class Drupal\simpletest\WebTestBase. Deprecated in drupal:8.8.0 and is removed from drupal:9.0.0. Instead,&#10;use \Drupal\Tests\BrowserTestBase. See https://www.drupal.org/node/3030340. Replacement available from drupal:8.6.0." severity="error"/></file><file name="modules/contrib/entity_clone/src/Tests/EntityCloneFilterFormatTest.php"><error line="12" message="Class Drupal\entity_clone\Tests\EntityCloneFilterFormatTest extends deprecated class Drupal\simpletest\WebTestBase. Deprecated in drupal:8.8.0 and is removed from drupal:9.0.0. Instead,&#10;use \Drupal\Tests\BrowserTestBase. See https://www.drupal.org/node/3030340. Replacement available from drupal:8.6.0." severity="error"/><error line="44" message="Call to method setUp() of deprecated class Drupal\simpletest\WebTestBase. Deprecated in drupal:8.8.0 and is removed from drupal:9.0.0. Instead,&#10;use \Drupal\Tests\BrowserTestBase. See https://www.drupal.org/node/3030340. Replacement available from drupal:8.6.0." severity="error"/></file><file name="modules/contrib/entity_clone/src/Tests/EntityCloneImageStyleTest.php"><error line="12" message="Class Drupal\entity_clone\Tests\EntityCloneImageStyleTest extends deprecated class Drupal\simpletest\WebTestBase. Deprecated in drupal:8.8.0 and is removed from drupal:9.0.0. Instead,&#10;use \Drupal\Tests\BrowserTestBase. See https://www.drupal.org/node/3030340. Replacement available from drupal:8.6.0." severity="error"/><error line="42" message="Call to method setUp() of deprecated class Drupal\simpletest\WebTestBase. Deprecated in drupal:8.8.0 and is removed from drupal:9.0.0. Instead,&#10;use \Drupal\Tests\BrowserTestBase. See https://www.drupal.org/node/3030340. Replacement available from drupal:8.6.0." severity="error"/></file><file name="modules/contrib/entity_clone/src/Tests/EntityCloneLanguageTest.php"><error line="12" message="Class Drupal\entity_clone\Tests\EntityCloneLanguageTest extends deprecated class Drupal\simpletest\WebTestBase. Deprecated in drupal:8.8.0 and is removed from drupal:9.0.0. Instead,&#10;use \Drupal\Tests\BrowserTestBase. See https://www.drupal.org/node/3030340. Replacement available from drupal:8.6.0." severity="error"/><error line="42" message="Call to method setUp() of deprecated class Drupal\simpletest\WebTestBase. Deprecated in drupal:8.8.0 and is removed from drupal:9.0.0. Instead,&#10;use \Drupal\Tests\BrowserTestBase. See https://www.drupal.org/node/3030340. Replacement available from drupal:8.6.0." severity="error"/></file><file name="modules/contrib/entity_clone/src/Tests/EntityCloneMenuTest.php"><error line="12" message="Class Drupal\entity_clone\Tests\EntityCloneMenuTest extends deprecated class Drupal\simpletest\WebTestBase. Deprecated in drupal:8.8.0 and is removed from drupal:9.0.0. Instead,&#10;use \Drupal\Tests\BrowserTestBase. See https://www.drupal.org/node/3030340. Replacement available from drupal:8.6.0." severity="error"/><error line="42" message="Call to method setUp() of deprecated class Drupal\simpletest\WebTestBase. Deprecated in drupal:8.8.0 and is removed from drupal:9.0.0. Instead,&#10;use \Drupal\Tests\BrowserTestBase. See https://www.drupal.org/node/3030340. Replacement available from drupal:8.6.0." severity="error"/></file><file name="modules/contrib/entity_clone/src/Tests/EntityCloneResponsiveImageStyleTest.php"><error line="12" message="Class Drupal\entity_clone\Tests\EntityCloneResponsiveImageStyleTest extends deprecated class Drupal\simpletest\WebTestBase. Deprecated in drupal:8.8.0 and is removed from drupal:9.0.0. Instead,&#10;use \Drupal\Tests\BrowserTestBase. See https://www.drupal.org/node/3030340. Replacement available from drupal:8.6.0." severity="error"/><error line="42" message="Call to method setUp() of deprecated class Drupal\simpletest\WebTestBase. Deprecated in drupal:8.8.0 and is removed from drupal:9.0.0. Instead,&#10;use \Drupal\Tests\BrowserTestBase. See https://www.drupal.org/node/3030340. Replacement available from drupal:8.6.0." severity="error"/></file><file name="modules/contrib/entity_clone/src/Tests/EntityCloneRoleTest.php"><error line="12" message="Class Drupal\entity_clone\Tests\EntityCloneRoleTest extends deprecated class Drupal\simpletest\WebTestBase. Deprecated in drupal:8.8.0 and is removed from drupal:9.0.0. Instead,&#10;use \Drupal\Tests\BrowserTestBase. See https://www.drupal.org/node/3030340. Replacement available from drupal:8.6.0." severity="error"/><error line="42" message="Call to method setUp() of deprecated class Drupal\simpletest\WebTestBase. Deprecated in drupal:8.8.0 and is removed from drupal:9.0.0. Instead,&#10;use \Drupal\Tests\BrowserTestBase. See https://www.drupal.org/node/3030340. Replacement available from drupal:8.6.0." severity="error"/></file><file name="modules/contrib/entity_clone/src/Tests/EntityCloneSearchPageTest.php"><error line="12" message="Class Drupal\entity_clone\Tests\EntityCloneSearchPageTest extends deprecated class Drupal\simpletest\WebTestBase. Deprecated in drupal:8.8.0 and is removed from drupal:9.0.0. Instead,&#10;use \Drupal\Tests\BrowserTestBase. See https://www.drupal.org/node/3030340. Replacement available from drupal:8.6.0." severity="error"/><error line="42" message="Call to method setUp() of deprecated class Drupal\simpletest\WebTestBase. Deprecated in drupal:8.8.0 and is removed from drupal:9.0.0. Instead,&#10;use \Drupal\Tests\BrowserTestBase. See https://www.drupal.org/node/3030340. Replacement available from drupal:8.6.0." severity="error"/></file><file name="modules/contrib/entity_clone/src/Tests/EntityCloneShortcutSetTest.php"><error line="12" message="Class Drupal\entity_clone\Tests\EntityCloneShortcutSetTest extends deprecated class Drupal\simpletest\WebTestBase. Deprecated in drupal:8.8.0 and is removed from drupal:9.0.0. Instead,&#10;use \Drupal\Tests\BrowserTestBase. See https://www.drupal.org/node/3030340. Replacement available from drupal:8.6.0." severity="error"/><error line="41" message="Call to method setUp() of deprecated class Drupal\simpletest\WebTestBase. Deprecated in drupal:8.8.0 and is removed from drupal:9.0.0. Instead,&#10;use \Drupal\Tests\BrowserTestBase. See https://www.drupal.org/node/3030340. Replacement available from drupal:8.6.0." severity="error"/></file><file name="modules/contrib/entity_clone/src/Tests/EntityCloneUserTest.php"><error line="12" message="Class Drupal\entity_clone\Tests\EntityCloneUserTest extends deprecated class Drupal\simpletest\WebTestBase. Deprecated in drupal:8.8.0 and is removed from drupal:9.0.0. Instead,&#10;use \Drupal\Tests\BrowserTestBase. See https://www.drupal.org/node/3030340. Replacement available from drupal:8.6.0." severity="error"/><error line="41" message="Call to method setUp() of deprecated class Drupal\simpletest\WebTestBase. Deprecated in drupal:8.8.0 and is removed from drupal:9.0.0. Instead,&#10;use \Drupal\Tests\BrowserTestBase. See https://www.drupal.org/node/3030340. Replacement available from drupal:8.6.0." severity="error"/></file><file name="modules/contrib/entity_clone/src/Tests/EntityCloneViewTest.php"><error line="12" message="Class Drupal\entity_clone\Tests\EntityCloneViewTest extends deprecated class Drupal\simpletest\WebTestBase. Deprecated in drupal:8.8.0 and is removed from drupal:9.0.0. Instead,&#10;use \Drupal\Tests\BrowserTestBase. See https://www.drupal.org/node/3030340. Replacement available from drupal:8.6.0." severity="error"/><error line="41" message="Call to method setUp() of deprecated class Drupal\simpletest\WebTestBase. Deprecated in drupal:8.8.0 and is removed from drupal:9.0.0. Instead,&#10;use \Drupal\Tests\BrowserTestBase. See https://www.drupal.org/node/3030340. Replacement available from drupal:8.6.0." severity="error"/></file><file name="modules/contrib/entity_clone/entity_clone.info.yml"><error line="0" message="Add &lt;code&gt;core_version_requirement: ^8 || ^9&lt;/code&gt; to entity_clone.info.yml to designate that the module is compatible with Drupal 9. See https://www.drupal.org/node/3070687." severity="error"/></file></checkstyle>

