<?xml version="1.0"?>
<checkstyle><file name="modules/contrib/entity_visibility_preview/modules/entity_visibility_preview_simple_grants/tests/src/FunctionalJavascript/EntityVisibilityPreviewListFunctionalJavascriptTestBase.php"><error line="" message="Class PHPUnit\Framework\TestCase not found and could not be autoloaded." severity="error"/><error line="19" message="Class PHPUnit\Framework\TestCase not found and could not be autoloaded." severity="error"/></file><file name="modules/contrib/entity_visibility_preview/modules/entity_visibility_preview_simple_grants/tests/src/FunctionalJavascript/EntityVisibilityPreviewListFunctionalJavascriptTestBaseMultipleSegments.php"><error line="" message="Class PHPUnit\Framework\TestCase not found and could not be autoloaded." severity="error"/><error line="21" message="Class PHPUnit\Framework\TestCase not found and could not be autoloaded." severity="error"/></file><file name="modules/contrib/entity_visibility_preview/modules/entity_visibility_preview_simple_grants/tests/src/FunctionalJavascript/NodeListAccessTest.php"><error line="" message="Class PHPUnit\Framework\TestCase not found and could not be autoloaded." severity="error"/><error line="13" message="Class PHPUnit\Framework\TestCase not found and could not be autoloaded." severity="error"/></file><file name="modules/contrib/entity_visibility_preview/modules/entity_visibility_preview_simple_grants/tests/src/FunctionalJavascript/NodeListMultipleSegmentAccessTest.php"><error line="" message="Class PHPUnit\Framework\TestCase not found and could not be autoloaded." severity="error"/><error line="16" message="Class PHPUnit\Framework\TestCase not found and could not be autoloaded." severity="error"/></file><file name="modules/contrib/entity_visibility_preview/modules/entity_visibility_preview_simple_grants/tests/src/FunctionalJavascript/NodeListMultipleSegmentPreviewAccessTest.php"><error line="" message="Class PHPUnit\Framework\TestCase not found and could not be autoloaded." severity="error"/><error line="15" message="Class PHPUnit\Framework\TestCase not found and could not be autoloaded." severity="error"/></file><file name="modules/contrib/entity_visibility_preview/modules/entity_visibility_preview_simple_grants/tests/src/FunctionalJavascript/NodeListMultipleSegmentPreviewSearchApiDbAccessTest.php"><error line="" message="Class PHPUnit\Framework\TestCase not found and could not be autoloaded." severity="error"/><error line="19" message="Class PHPUnit\Framework\TestCase not found and could not be autoloaded." severity="error"/></file><file name="modules/contrib/entity_visibility_preview/modules/entity_visibility_preview_simple_grants/tests/src/FunctionalJavascript/NodeListMultipleSegmentSearchApiDbAccessTest.php"><error line="" message="Class PHPUnit\Framework\TestCase not found and could not be autoloaded." severity="error"/><error line="17" message="Class PHPUnit\Framework\TestCase not found and could not be autoloaded." severity="error"/></file><file name="modules/contrib/entity_visibility_preview/modules/entity_visibility_preview_simple_grants/tests/src/FunctionalJavascript/NodeListPreviewAccessTest.php"><error line="" message="Class PHPUnit\Framework\TestCase not found and could not be autoloaded." severity="error"/><error line="15" message="Class PHPUnit\Framework\TestCase not found and could not be autoloaded." severity="error"/></file><file name="modules/contrib/entity_visibility_preview/modules/entity_visibility_preview_simple_grants/tests/src/FunctionalJavascript/NodeListPreviewSearchApiDbAccessTest.php"><error line="" message="Class PHPUnit\Framework\TestCase not found and could not be autoloaded." severity="error"/><error line="19" message="Class PHPUnit\Framework\TestCase not found and could not be autoloaded." severity="error"/></file><file name="modules/contrib/entity_visibility_preview/modules/entity_visibility_preview_simple_grants/tests/src/FunctionalJavascript/NodeListSearchApiDbAccessTest.php"><error line="" message="Class PHPUnit\Framework\TestCase not found and could not be autoloaded." severity="error"/><error line="17" message="Class PHPUnit\Framework\TestCase not found and could not be autoloaded." severity="error"/></file><file name="modules/contrib/entity_visibility_preview/src/Plugin/jsonapi/FieldEnhancer/EntityVisibilityPreviewEnhancer.php"><error line="" message="Class Drupal\jsonapi_extras\Plugin\ResourceFieldEnhancerBase not found and could not be autoloaded." severity="error"/><error line="19" message="Class Drupal\jsonapi_extras\Plugin\ResourceFieldEnhancerBase not found and could not be autoloaded." severity="error"/></file><file name="modules/contrib/entity_visibility_preview/tests/src/Functional/DateRangeConditionTest.php"><error line="" message="Class PHPUnit\Framework\TestCase not found and could not be autoloaded." severity="error"/><error line="15" message="Class PHPUnit\Framework\TestCase not found and could not be autoloaded." severity="error"/></file><file name="modules/contrib/entity_visibility_preview/tests/src/Functional/EntityVisibilityPreviewFunctionalTestBase.php"><error line="" message="Class PHPUnit\Framework\TestCase not found and could not be autoloaded." severity="error"/><error line="13" message="Class PHPUnit\Framework\TestCase not found and could not be autoloaded." severity="error"/></file><file name="modules/contrib/entity_visibility_preview/tests/src/Functional/TaxonomyConditionTest.php"><error line="" message="Class PHPUnit\Framework\TestCase not found and could not be autoloaded." severity="error"/><error line="19" message="Class PHPUnit\Framework\TestCase not found and could not be autoloaded." severity="error"/></file><file name="modules/contrib/entity_visibility_preview/tests/src/Functional/WebsitePreviewFormTest.php"><error line="" message="Class PHPUnit\Framework\TestCase not found and could not be autoloaded." severity="error"/><error line="16" message="Class PHPUnit\Framework\TestCase not found and could not be autoloaded." severity="error"/></file><file name="modules/contrib/entity_visibility_preview/tests/src/FunctionalJavascript/ConfigurablePluginTest.php"><error line="" message="Class PHPUnit\Framework\TestCase not found and could not be autoloaded." severity="error"/><error line="15" message="Class PHPUnit\Framework\TestCase not found and could not be autoloaded." severity="error"/></file><file name="modules/contrib/entity_visibility_preview/tests/src/FunctionalJavascript/EntityVisibilityPreviewFunctionalJavascriptTestBase.php"><error line="" message="Class PHPUnit\Framework\TestCase not found and could not be autoloaded." severity="error"/><error line="13" message="Class PHPUnit\Framework\TestCase not found and could not be autoloaded." severity="error"/></file><file name="modules/contrib/entity_visibility_preview/tests/src/FunctionalJavascript/WebsitePreviewFormModalTest.php"><error line="" message="Class PHPUnit\Framework\TestCase not found and could not be autoloaded." severity="error"/><error line="12" message="Class PHPUnit\Framework\TestCase not found and could not be autoloaded." severity="error"/></file><file name="modules/contrib/entity_visibility_preview/tests/src/FunctionalJavascript/WebsitePreviewMessageTest.php"><error line="" message="Class PHPUnit\Framework\TestCase not found and could not be autoloaded." severity="error"/><error line="15" message="Class PHPUnit\Framework\TestCase not found and could not be autoloaded." severity="error"/></file><file name="modules/contrib/entity_visibility_preview/tests/src/Kernel/DependencyTest.php"><error line="" message="Class PHPUnit\Framework\TestCase not found and could not be autoloaded." severity="error"/><error line="14" message="Class PHPUnit\Framework\TestCase not found and could not be autoloaded." severity="error"/></file><file name="modules/contrib/entity_visibility_preview/entity_visibility_preview.info.yml"><error line="0" message="Add &lt;code&gt;core_version_requirement: ^8 || ^9&lt;/code&gt; to entity_visibility_preview.info.yml to designate that the module is compatible with Drupal 9. See https://www.drupal.org/node/3070687." severity="error"/></file></checkstyle>

