<?xml version="1.0"?>
<checkstyle><file name="modules/contrib/entity_share/modules/entity_share_async/tests/src/Functional/EntityShareAsyncFunctionalTest.php"><error line="" message="Class PHPUnit\Framework\TestCase not found and could not be autoloaded." severity="error"/><error line="16" message="Class PHPUnit\Framework\TestCase not found and could not be autoloaded." severity="error"/></file><file name="modules/contrib/entity_share/modules/entity_share_client/src/Command/PullCommand.php"><error line="29" message="Class Drupal\Console\Core\Command\Shared\CommandTrait not found and could not be autoloaded." severity="error"/></file><file name="modules/contrib/entity_share/modules/entity_share_client/src/Controller/DiffController.php"><error line="" message="Class Drupal\diff\Controller\PluginRevisionController not found and could not be autoloaded." severity="error"/><error line="19" message="Class Drupal\diff\Controller\PluginRevisionController not found and could not be autoloaded." severity="error"/></file><file name="modules/contrib/entity_share/modules/entity_share_client/src/Drush8Io.php"><error line="23" message="Call to deprecated function drush_log()." severity="error"/><error line="27" message="Call to deprecated function drush_log()." severity="error"/><error line="31" message="Call to deprecated function drush_log()." severity="error"/></file><file name="modules/contrib/entity_share/modules/entity_share_client/src/Form/PullForm.php"><error line="594" message="Call to deprecated function pager_default_initialize(). Deprecated in drupal:8.8.0 and is removed from drupal:9.0.0. Use&#10;\Drupal\Core\Pager\PagerManagerInterface-&gt;defaultInitialize() instead." severity="warning"/></file><file name="modules/contrib/entity_share/modules/entity_share_client/src/Service/JsonapiHelper.php"><error line="372" message="Call to deprecated constant FILE_CREATE_DIRECTORY: Deprecated in drupal:8.7.0 and is removed from drupal:9.0.0. Use \Drupal\Core\File\FileSystemInterface::CREATE_DIRECTORY." severity="error"/><error line="372" message="Call to deprecated function file_prepare_directory(). Deprecated in drupal:8.7.0 and is removed from drupal:9.0.0.&#10;Use \Drupal\Core\File\FileSystemInterface::prepareDirectory()." severity="error"/></file><file name="modules/contrib/entity_share/modules/entity_share_client/tests/src/Functional/BasicFieldsTest.php"><error line="" message="Class PHPUnit\Framework\TestCase not found and could not be autoloaded." severity="error"/><error line="16" message="Class PHPUnit\Framework\TestCase not found and could not be autoloaded." severity="error"/></file><file name="modules/contrib/entity_share/modules/entity_share_client/tests/src/Functional/BcTimestampNormalizerUnixTest.php"><error line="" message="Class PHPUnit\Framework\TestCase not found and could not be autoloaded." severity="error"/><error line="17" message="Class PHPUnit\Framework\TestCase not found and could not be autoloaded." severity="error"/></file><file name="modules/contrib/entity_share/modules/entity_share_client/tests/src/Functional/BlockFieldTest.php"><error line="" message="Class PHPUnit\Framework\TestCase not found and could not be autoloaded." severity="error"/><error line="17" message="Class PHPUnit\Framework\TestCase not found and could not be autoloaded." severity="error"/></file><file name="modules/contrib/entity_share/modules/entity_share_client/tests/src/Functional/ChangedRemovedTest.php"><error line="" message="Class PHPUnit\Framework\TestCase not found and could not be autoloaded." severity="error"/><error line="18" message="Class PHPUnit\Framework\TestCase not found and could not be autoloaded." severity="error"/></file><file name="modules/contrib/entity_share/modules/entity_share_client/tests/src/Functional/CliTest.php"><error line="" message="Class PHPUnit\Framework\TestCase not found and could not be autoloaded." severity="error"/><error line="16" message="Class PHPUnit\Framework\TestCase not found and could not be autoloaded." severity="error"/></file><file name="modules/contrib/entity_share/modules/entity_share_client/tests/src/Functional/ContentEntityReferenceTest.php"><error line="" message="Class PHPUnit\Framework\TestCase not found and could not be autoloaded." severity="error"/><error line="18" message="Class PHPUnit\Framework\TestCase not found and could not be autoloaded." severity="error"/></file><file name="modules/contrib/entity_share/modules/entity_share_client/tests/src/Functional/EntityNotTranslatableEmptyLangcodeTest.php"><error line="" message="Class PHPUnit\Framework\TestCase not found and could not be autoloaded." severity="error"/><error line="15" message="Class PHPUnit\Framework\TestCase not found and could not be autoloaded." severity="error"/></file><file name="modules/contrib/entity_share/modules/entity_share_client/tests/src/Functional/EntityNotTranslatableTest.php"><error line="" message="Class PHPUnit\Framework\TestCase not found and could not be autoloaded." severity="error"/><error line="15" message="Class PHPUnit\Framework\TestCase not found and could not be autoloaded." severity="error"/></file><file name="modules/contrib/entity_share/modules/entity_share_client/tests/src/Functional/EntityShareClientFunctionalTestBase.php"><error line="" message="Class PHPUnit\Framework\TestCase not found and could not be autoloaded." severity="error"/><error line="29" message="Class PHPUnit\Framework\TestCase not found and could not be autoloaded." severity="error"/></file><file name="modules/contrib/entity_share/modules/entity_share_client/tests/src/Functional/FileDeletedTest.php"><error line="" message="Class PHPUnit\Framework\TestCase not found and could not be autoloaded." severity="error"/><error line="15" message="Class PHPUnit\Framework\TestCase not found and could not be autoloaded." severity="error"/></file><file name="modules/contrib/entity_share/modules/entity_share_client/tests/src/Functional/FileTest.php"><error line="" message="Class PHPUnit\Framework\TestCase not found and could not be autoloaded." severity="error"/><error line="16" message="Class PHPUnit\Framework\TestCase not found and could not be autoloaded." severity="error"/></file><file name="modules/contrib/entity_share/modules/entity_share_client/tests/src/Functional/InfiniteLoopTest.php"><error line="" message="Class PHPUnit\Framework\TestCase not found and could not be autoloaded." severity="error"/><error line="17" message="Class PHPUnit\Framework\TestCase not found and could not be autoloaded." severity="error"/></file><file name="modules/contrib/entity_share/modules/entity_share_client/tests/src/Functional/JsonApiExtrasTest.php"><error line="" message="Class PHPUnit\Framework\TestCase not found and could not be autoloaded." severity="error"/><error line="17" message="Class PHPUnit\Framework\TestCase not found and could not be autoloaded." severity="error"/></file><file name="modules/contrib/entity_share/modules/entity_share_client/tests/src/Functional/LinkFieldTest.php"><error line="" message="Class PHPUnit\Framework\TestCase not found and could not be autoloaded." severity="error"/><error line="18" message="Class PHPUnit\Framework\TestCase not found and could not be autoloaded." severity="error"/></file><file name="modules/contrib/entity_share/modules/entity_share_client/tests/src/Functional/MediaEntityReferenceTest.php"><error line="" message="Class PHPUnit\Framework\TestCase not found and could not be autoloaded." severity="error"/><error line="18" message="Class PHPUnit\Framework\TestCase not found and could not be autoloaded." severity="error"/></file><file name="modules/contrib/entity_share/modules/entity_share_client/tests/src/Functional/MetatagTest.php"><error line="" message="Class PHPUnit\Framework\TestCase not found and could not be autoloaded." severity="error"/><error line="15" message="Class PHPUnit\Framework\TestCase not found and could not be autoloaded." severity="error"/></file><file name="modules/contrib/entity_share/modules/entity_share_client/tests/src/Functional/MissingEntityReferenceTest.php"><error line="" message="Class PHPUnit\Framework\TestCase not found and could not be autoloaded." severity="error"/><error line="15" message="Class PHPUnit\Framework\TestCase not found and could not be autoloaded." severity="error"/></file><file name="modules/contrib/entity_share/modules/entity_share_client/tests/src/Functional/MultilingualTest.php"><error line="" message="Class PHPUnit\Framework\TestCase not found and could not be autoloaded." severity="error"/><error line="17" message="Class PHPUnit\Framework\TestCase not found and could not be autoloaded." severity="error"/></file><file name="modules/contrib/entity_share/modules/entity_share_client/tests/src/Functional/ParagraphEntityReferenceTest.php"><error line="" message="Class PHPUnit\Framework\TestCase not found and could not be autoloaded." severity="error"/><error line="15" message="Class PHPUnit\Framework\TestCase not found and could not be autoloaded." severity="error"/></file><file name="modules/contrib/entity_share/modules/entity_share_client/tests/src/Functional/PathautoTest.php"><error line="" message="Class PHPUnit\Framework\TestCase not found and could not be autoloaded." severity="error"/><error line="16" message="Class PHPUnit\Framework\TestCase not found and could not be autoloaded." severity="error"/></file><file name="modules/contrib/entity_share/modules/entity_share_client/tests/src/Functional/TaxonomyEntityReferenceTest.php"><error line="" message="Class PHPUnit\Framework\TestCase not found and could not be autoloaded." severity="error"/><error line="18" message="Class PHPUnit\Framework\TestCase not found and could not be autoloaded." severity="error"/></file><file name="modules/contrib/entity_share/modules/entity_share_client/tests/src/Kernel/RemoteUrlTest.php"><error line="" message="Class PHPUnit\Framework\TestCase not found and could not be autoloaded." severity="error"/><error line="15" message="Class PHPUnit\Framework\TestCase not found and could not be autoloaded." severity="error"/></file><file name="modules/contrib/entity_share/modules/entity_share_server/tests/src/Functional/EntityShareServerFunctionalTest.php"><error line="" message="Class PHPUnit\Framework\TestCase not found and could not be autoloaded." severity="error"/><error line="19" message="Class PHPUnit\Framework\TestCase not found and could not be autoloaded." severity="error"/></file><file name="modules/contrib/entity_share/modules/entity_share_server/tests/src/Functional/EntityShareServerFunctionalTestBase.php"><error line="" message="Class PHPUnit\Framework\TestCase not found and could not be autoloaded." severity="error"/><error line="14" message="Class PHPUnit\Framework\TestCase not found and could not be autoloaded." severity="error"/></file><file name="modules/contrib/entity_share/src/Plugin/jsonapi/FieldEnhancer/EntityShareBlockFieldEnhancer.php"><error line="" message="Class Drupal\jsonapi_extras\Plugin\ResourceFieldEnhancerBase not found and could not be autoloaded." severity="error"/><error line="25" message="Class Drupal\jsonapi_extras\Plugin\ResourceFieldEnhancerBase not found and could not be autoloaded." severity="error"/></file><file name="modules/contrib/entity_share/src/Plugin/jsonapi/FieldEnhancer/EntityShareMetatagEnhancer.php"><error line="" message="Class Drupal\jsonapi_extras\Plugin\ResourceFieldEnhancerBase not found and could not be autoloaded." severity="error"/><error line="25" message="Class Drupal\jsonapi_extras\Plugin\ResourceFieldEnhancerBase not found and could not be autoloaded." severity="error"/></file><file name="modules/contrib/entity_share/src/Plugin/jsonapi/FieldEnhancer/EntitySharePathautoEnhancer.php"><error line="" message="Class Drupal\jsonapi_extras\Plugin\ResourceFieldEnhancerBase not found and could not be autoloaded." severity="error"/><error line="24" message="Class Drupal\jsonapi_extras\Plugin\ResourceFieldEnhancerBase not found and could not be autoloaded." severity="error"/></file><file name="modules/contrib/entity_share/tests/modules/entity_share_test/entity_share_test.install"><error line="17" message="Call to deprecated method applyUpdates() of class Drupal\Core\Entity\EntityDefinitionUpdateManagerInterface. Deprecated in drupal:8.7.0 and is removed from drupal:9.0.0. Use&#10;\Drupal\Core\Entity\EntityDefinitionUpdateManagerInterface::getChangeList()&#10;and execute each entity type and field storage update manually instead." severity="error"/></file><file name="modules/contrib/entity_share/entity_share.info.yml"><error line="0" message="Add &lt;code&gt;core_version_requirement: ^8 || ^9&lt;/code&gt; to entity_share.info.yml to designate that the module is compatible with Drupal 9. See https://www.drupal.org/node/3070687." severity="error"/></file></checkstyle>

