<?xml version="1.0"?>
<checkstyle><file name="modules/contrib/entity_embed/src/EntityEmbedDisplay/EntityEmbedDisplayManager.php"><error line="33" message="config:entity_view_mode_list cache tag might be unclear and does not contain the cache key in it." severity="error"/></file><file name="modules/contrib/entity_embed/tests/src/Functional/EntityEmbedDialogTest.php"><error line="" message="Class PHPUnit\Framework\TestCase not found and could not be autoloaded." severity="error"/><error line="12" message="Class PHPUnit\Framework\TestCase not found and could not be autoloaded." severity="error"/></file><file name="modules/contrib/entity_embed/tests/src/Functional/EntityEmbedDisplayManagerTest.php"><error line="" message="Class PHPUnit\Framework\TestCase not found and could not be autoloaded." severity="error"/><error line="11" message="Class PHPUnit\Framework\TestCase not found and could not be autoloaded." severity="error"/></file><file name="modules/contrib/entity_embed/tests/src/Functional/EntityEmbedEntityBrowserTest.php"><error line="" message="Class PHPUnit\Framework\TestCase not found and could not be autoloaded." severity="error"/><error line="15" message="Class PHPUnit\Framework\TestCase not found and could not be autoloaded." severity="error"/></file><file name="modules/contrib/entity_embed/tests/src/Functional/EntityEmbedHooksTest.php"><error line="" message="Class PHPUnit\Framework\TestCase not found and could not be autoloaded." severity="error"/><error line="10" message="Class PHPUnit\Framework\TestCase not found and could not be autoloaded." severity="error"/></file><file name="modules/contrib/entity_embed/tests/src/Functional/EntityEmbedTestBase.php"><error line="" message="Class PHPUnit\Framework\TestCase not found and could not be autoloaded." severity="error"/><error line="15" message="Class PHPUnit\Framework\TestCase not found and could not be autoloaded." severity="error"/></file><file name="modules/contrib/entity_embed/tests/src/Functional/EntityEmbedTwigTest.php"><error line="" message="Class PHPUnit\Framework\TestCase not found and could not be autoloaded." severity="error"/><error line="12" message="Class PHPUnit\Framework\TestCase not found and could not be autoloaded." severity="error"/></file><file name="modules/contrib/entity_embed/tests/src/Functional/EntityEmbedUpdateHookTest.php"><error line="" message="Class PHPUnit\Framework\TestCase not found and could not be autoloaded." severity="error"/><error line="12" message="Class PHPUnit\Framework\TestCase not found and could not be autoloaded." severity="error"/></file><file name="modules/contrib/entity_embed/tests/src/Functional/EntityReferenceFieldFormatterTest.php"><error line="" message="Class PHPUnit\Framework\TestCase not found and could not be autoloaded." severity="error"/><error line="12" message="Class PHPUnit\Framework\TestCase not found and could not be autoloaded." severity="error"/></file><file name="modules/contrib/entity_embed/tests/src/Functional/FileFieldFormatterTest.php"><error line="" message="Class PHPUnit\Framework\TestCase not found and could not be autoloaded." severity="error"/><error line="13" message="Class PHPUnit\Framework\TestCase not found and could not be autoloaded." severity="error"/></file><file name="modules/contrib/entity_embed/tests/src/Functional/ImageFieldFormatterTest.php"><error line="" message="Class PHPUnit\Framework\TestCase not found and could not be autoloaded." severity="error"/><error line="13" message="Class PHPUnit\Framework\TestCase not found and could not be autoloaded." severity="error"/></file><file name="modules/contrib/entity_embed/tests/src/Functional/RecursionProtectionTest.php"><error line="" message="Class PHPUnit\Framework\TestCase not found and could not be autoloaded." severity="error"/><error line="14" message="Class PHPUnit\Framework\TestCase not found and could not be autoloaded." severity="error"/></file><file name="modules/contrib/entity_embed/tests/src/Functional/ViewModeFieldFormatterTest.php"><error line="" message="Class PHPUnit\Framework\TestCase not found and could not be autoloaded." severity="error"/><error line="12" message="Class PHPUnit\Framework\TestCase not found and could not be autoloaded." severity="error"/></file><file name="modules/contrib/entity_embed/tests/src/FunctionalJavascript/ButtonAdminTest.php"><error line="" message="Class PHPUnit\Framework\TestCase not found and could not be autoloaded." severity="error"/><error line="13" message="Class PHPUnit\Framework\TestCase not found and could not be autoloaded." severity="error"/></file><file name="modules/contrib/entity_embed/tests/src/FunctionalJavascript/CKEditorIntegrationTest.php"><error line="" message="Class PHPUnit\Framework\TestCase not found and could not be autoloaded." severity="error"/><error line="13" message="Class PHPUnit\Framework\TestCase not found and could not be autoloaded." severity="error"/></file><file name="modules/contrib/entity_embed/tests/src/FunctionalJavascript/ConfigurationUiTest.php"><error line="" message="Class PHPUnit\Framework\TestCase not found and could not be autoloaded." severity="error"/><error line="13" message="Class PHPUnit\Framework\TestCase not found and could not be autoloaded." severity="error"/></file><file name="modules/contrib/entity_embed/tests/src/FunctionalJavascript/ContentTranslationTest.php"><error line="" message="Class PHPUnit\Framework\TestCase not found and could not be autoloaded." severity="error"/><error line="14" message="Class PHPUnit\Framework\TestCase not found and could not be autoloaded." severity="error"/></file><file name="modules/contrib/entity_embed/tests/src/FunctionalJavascript/EntityEmbedDialogTest.php"><error line="" message="Class PHPUnit\Framework\TestCase not found and could not be autoloaded." severity="error"/><error line="14" message="Class PHPUnit\Framework\TestCase not found and could not be autoloaded." severity="error"/></file><file name="modules/contrib/entity_embed/tests/src/FunctionalJavascript/EntityEmbedTestBase.php"><error line="" message="Class PHPUnit\Framework\TestCase not found and could not be autoloaded." severity="error"/><error line="10" message="Class PHPUnit\Framework\TestCase not found and could not be autoloaded." severity="error"/></file><file name="modules/contrib/entity_embed/tests/src/FunctionalJavascript/ImageFieldFormatterTest.php"><error line="" message="Class PHPUnit\Framework\TestCase not found and could not be autoloaded." severity="error"/><error line="14" message="Class PHPUnit\Framework\TestCase not found and could not be autoloaded." severity="error"/></file><file name="modules/contrib/entity_embed/tests/src/FunctionalJavascript/MediaImageTest.php"><error line="" message="Class PHPUnit\Framework\TestCase not found and could not be autoloaded." severity="error"/><error line="19" message="Class PHPUnit\Framework\TestCase not found and could not be autoloaded." severity="error"/></file><file name="modules/contrib/entity_embed/tests/src/Kernel/EntityEmbedFilterDisabledIntegrationsTest.php"><error line="" message="Class PHPUnit\Framework\TestCase not found and could not be autoloaded." severity="error"/><error line="11" message="Class PHPUnit\Framework\TestCase not found and could not be autoloaded." severity="error"/></file><file name="modules/contrib/entity_embed/tests/src/Kernel/EntityEmbedFilterLegacyTest.php"><error line="" message="Class PHPUnit\Framework\TestCase not found and could not be autoloaded." severity="error"/><error line="10" message="Class PHPUnit\Framework\TestCase not found and could not be autoloaded." severity="error"/></file><file name="modules/contrib/entity_embed/tests/src/Kernel/EntityEmbedFilterOverridesTest.php"><error line="" message="Class PHPUnit\Framework\TestCase not found and could not be autoloaded." severity="error"/><error line="17" message="Class PHPUnit\Framework\TestCase not found and could not be autoloaded." severity="error"/></file><file name="modules/contrib/entity_embed/tests/src/Kernel/EntityEmbedFilterTest.php"><error line="" message="Class PHPUnit\Framework\TestCase not found and could not be autoloaded." severity="error"/><error line="12" message="Class PHPUnit\Framework\TestCase not found and could not be autoloaded." severity="error"/></file><file name="modules/contrib/entity_embed/tests/src/Kernel/EntityEmbedFilterTestBase.php"><error line="" message="Class PHPUnit\Framework\TestCase not found and could not be autoloaded." severity="error"/><error line="18" message="Class PHPUnit\Framework\TestCase not found and could not be autoloaded." severity="error"/></file><file name="modules/contrib/entity_embed/tests/src/Kernel/EntityEmbedFilterTranslationTest.php"><error line="" message="Class PHPUnit\Framework\TestCase not found and could not be autoloaded." severity="error"/><error line="13" message="Class PHPUnit\Framework\TestCase not found and could not be autoloaded." severity="error"/></file></checkstyle>

