<?xml version="1.0"?>
<checkstyle><file name="modules/contrib/entity_print/entity_print.module"><error line="38" message="Call to deprecated method isSubclassOf() of class Drupal\Core\Entity\EntityTypeInterface. Deprecated in drupal:8.3.0 and is removed from drupal:9.0.0.&#10;Use Drupal\Core\Entity\EntityTypeInterface::entityClassImplements()&#10;instead." severity="error"/></file><file name="modules/contrib/entity_print/modules/entity_print_views/src/Controller/ViewPrintController.php"><error line="110" message="Call to deprecated function drupal_set_message(). Deprecated in drupal:8.5.0 and is removed from drupal:9.0.0.&#10;Use \Drupal\Core\Messenger\MessengerInterface::addMessage() instead." severity="error"/></file><file name="modules/contrib/entity_print/modules/entity_print_views/tests/src/Functional/PrintViewsTest.php"><error line="" message="Class PHPUnit\Framework\TestCase not found and could not be autoloaded." severity="error"/><error line="13" message="Class PHPUnit\Framework\TestCase not found and could not be autoloaded." severity="error"/></file><file name="modules/contrib/entity_print/modules/entity_print_views/tests/src/Kernel/ViewsAccessTest.php"><error line="" message="Class PHPUnit\Framework\TestCase not found and could not be autoloaded." severity="error"/><error line="16" message="Class PHPUnit\Framework\TestCase not found and could not be autoloaded." severity="error"/></file><file name="modules/contrib/entity_print/modules/entity_print_views/tests/src/Kernel/ViewsRendererTest.php"><error line="" message="Class PHPUnit\Framework\TestCase not found and could not be autoloaded." severity="error"/><error line="14" message="Class PHPUnit\Framework\TestCase not found and could not be autoloaded." severity="error"/></file><file name="modules/contrib/entity_print/src/EventSubscriber/PostRenderSubscriber.php"><error line="75" message="Call to deprecated method substr() of class Drupal\Component\Utility\Unicode. Deprecated in drupal:8.6.0 and is removed from drupal:9.0.0. Use&#10;mb_substr() instead." severity="error"/><error line="76" message="Call to deprecated method substr() of class Drupal\Component\Utility\Unicode. Deprecated in drupal:8.6.0 and is removed from drupal:9.0.0. Use&#10;mb_substr() instead." severity="error"/><error line="78" message="Call to deprecated method substr() of class Drupal\Component\Utility\Unicode. Deprecated in drupal:8.6.0 and is removed from drupal:9.0.0. Use&#10;mb_substr() instead." severity="error"/></file><file name="modules/contrib/entity_print/src/EventSubscriber/PrintEngineExceptionSubscriber.php"><error line="56" message="Call to deprecated function drupal_set_message(). Deprecated in drupal:8.5.0 and is removed from drupal:9.0.0.&#10;Use \Drupal\Core\Messenger\MessengerInterface::addMessage() instead." severity="error"/></file><file name="modules/contrib/entity_print/src/Form/SettingsForm.php"><error line="107" message="Call to deprecated function drupal_set_message(). Deprecated in drupal:8.5.0 and is removed from drupal:9.0.0.&#10;Use \Drupal\Core\Messenger\MessengerInterface::addMessage() instead." severity="error"/><error line="238" message="Call to deprecated function drupal_set_message(). Deprecated in drupal:8.5.0 and is removed from drupal:9.0.0.&#10;Use \Drupal\Core\Messenger\MessengerInterface::addMessage() instead." severity="error"/></file><file name="modules/contrib/entity_print/src/Plugin/Action/PrintDownload.php"><error line="124" message="Call to deprecated function drupal_set_message(). Deprecated in drupal:8.5.0 and is removed from drupal:9.0.0.&#10;Use \Drupal\Core\Messenger\MessengerInterface::addMessage() instead." severity="error"/></file><file name="modules/contrib/entity_print/src/Plugin/EntityPrint/PrintEngine/DomPdf.php"><error line="60" message="Call to deprecated function file_directory_temp(). Deprecated in drupal:8.8.0 and is removed from drupal:9.0.0. Use&#10;\Drupal\Core\File\FileSystemInterface::getTempDirectory() instead." severity="warning"/><error line="60" message="Call to deprecated method set_option() of class Dompdf\Dompdf." severity="error"/><error line="61" message="Call to deprecated function file_directory_temp(). Deprecated in drupal:8.8.0 and is removed from drupal:9.0.0. Use&#10;\Drupal\Core\File\FileSystemInterface::getTempDirectory() instead." severity="warning"/><error line="61" message="Call to deprecated method set_option() of class Dompdf\Dompdf." severity="error"/><error line="63" message="Call to deprecated method set_option() of class Dompdf\Dompdf." severity="error"/></file><file name="modules/contrib/entity_print/src/Plugin/ExportTypeManager.php"><error line="15" message="Drupal\entity_print\Plugin\ExportTypeManager must override __construct if using YAML plugins." severity="error"/></file><file name="modules/contrib/entity_print/src/Plugin/PrintEngineInterface.php"><error line="12" message="Interface Drupal\entity_print\Plugin\PrintEngineInterface extends deprecated interface Drupal\Component\Plugin\ConfigurablePluginInterface:&#10;Drupal\Component\Plugin\ConfigurablePluginInterface is deprecated&#10;in Drupal 8.7.0 and will be removed before Drupal 9.0.0. You should implement&#10;ConfigurableInterface and/or DependentPluginInterface directly as needed. If&#10;you implement ConfigurableInterface you may choose to implement&#10;ConfigurablePluginInterface in Drupal 8 as well for maximum compatibility,&#10;however this must be removed prior to Drupal 9." severity="error"/></file><file name="modules/contrib/entity_print/src/PrintBuilder.php"><error line="99" message="Call to deprecated constant FILE_EXISTS_REPLACE: Deprecated in drupal:8.7.0 and is removed from drupal:9.0.0. Use \Drupal\Core\File\FileSystemInterface::EXISTS_REPLACE." severity="error"/><error line="99" message="Call to deprecated function file_unmanaged_save_data(). Deprecated in drupal:8.7.0 and is removed from drupal:9.0.0.&#10;Use \Drupal\Core\File\FileSystemInterface::saveData()." severity="error"/></file><file name="modules/contrib/entity_print/src/Tests/EntityPrintActionTest.php"><error line="12" message="Class Drupal\entity_print\Tests\EntityPrintActionTest extends deprecated class Drupal\simpletest\WebTestBase. Deprecated in drupal:8.8.0 and is removed from drupal:9.0.0. Instead,&#10;use \Drupal\Tests\BrowserTestBase. See https://www.drupal.org/node/3030340. Replacement available from drupal:8.6.0." severity="error"/><error line="25" message="Call to method setUp() of deprecated class Drupal\simpletest\WebTestBase. Deprecated in drupal:8.8.0 and is removed from drupal:9.0.0. Instead,&#10;use \Drupal\Tests\BrowserTestBase. See https://www.drupal.org/node/3030340. Replacement available from drupal:8.6.0." severity="error"/></file><file name="modules/contrib/entity_print/src/Tests/EntityPrintAdminTest.php"><error line="13" message="Class Drupal\entity_print\Tests\EntityPrintAdminTest extends deprecated class Drupal\simpletest\WebTestBase. Deprecated in drupal:8.8.0 and is removed from drupal:9.0.0. Instead,&#10;use \Drupal\Tests\BrowserTestBase. See https://www.drupal.org/node/3030340. Replacement available from drupal:8.6.0." severity="error"/><error line="33" message="Call to method setUp() of deprecated class Drupal\simpletest\WebTestBase. Deprecated in drupal:8.8.0 and is removed from drupal:9.0.0. Instead,&#10;use \Drupal\Tests\BrowserTestBase. See https://www.drupal.org/node/3030340. Replacement available from drupal:8.6.0." severity="error"/></file><file name="modules/contrib/entity_print/src/Tests/Update/EntityPrintUpdateTest.php"><error line="12" message="Class Drupal\entity_print\Tests\Update\EntityPrintUpdateTest extends deprecated class Drupal\system\Tests\Update\UpdatePathTestBase. Deprecated in drupal:8.4.0 and is removed from drupal:9.0.0.&#10;Use \Drupal\FunctionalTests\Update\UpdatePathTestBase." severity="error"/><error line="25" message="Call to method setUp() of deprecated class Drupal\system\Tests\Update\UpdatePathTestBase. Deprecated in drupal:8.4.0 and is removed from drupal:9.0.0.&#10;Use \Drupal\FunctionalTests\Update\UpdatePathTestBase." severity="error"/></file><file name="modules/contrib/entity_print/tests/src/Functional/Base64ImageTest.php"><error line="" message="Class PHPUnit\Framework\TestCase not found and could not be autoloaded." severity="error"/><error line="18" message="Class PHPUnit\Framework\TestCase not found and could not be autoloaded." severity="error"/></file><file name="modules/contrib/entity_print/tests/src/Functional/EntityPrintTest.php"><error line="" message="Class PHPUnit\Framework\TestCase not found and could not be autoloaded." severity="error"/><error line="13" message="Class PHPUnit\Framework\TestCase not found and could not be autoloaded." severity="error"/></file><file name="modules/contrib/entity_print/tests/src/Functional/InstallationTest.php"><error line="" message="Class PHPUnit\Framework\TestCase not found and could not be autoloaded." severity="error"/><error line="12" message="Class PHPUnit\Framework\TestCase not found and could not be autoloaded." severity="error"/></file><file name="modules/contrib/entity_print/tests/src/Kernel/EntityPrintAccessTest.php"><error line="" message="Class PHPUnit\Framework\TestCase not found and could not be autoloaded." severity="error"/><error line="16" message="Class PHPUnit\Framework\TestCase not found and could not be autoloaded." severity="error"/></file><file name="modules/contrib/entity_print/tests/src/Kernel/EntityPrintPluginManagerTest.php"><error line="" message="Class PHPUnit\Framework\TestCase not found and could not be autoloaded." severity="error"/><error line="11" message="Class PHPUnit\Framework\TestCase not found and could not be autoloaded." severity="error"/></file><file name="modules/contrib/entity_print/tests/src/Kernel/ExtraFieldsTest.php"><error line="" message="Class PHPUnit\Framework\TestCase not found and could not be autoloaded." severity="error"/><error line="18" message="Class PHPUnit\Framework\TestCase not found and could not be autoloaded." severity="error"/></file><file name="modules/contrib/entity_print/tests/src/Kernel/FilenameGeneratorTest.php"><error line="" message="Class PHPUnit\Framework\TestCase not found and could not be autoloaded." severity="error"/><error line="13" message="Class PHPUnit\Framework\TestCase not found and could not be autoloaded." severity="error"/></file><file name="modules/contrib/entity_print/tests/src/Kernel/NodePreviewTest.php"><error line="" message="Class PHPUnit\Framework\TestCase not found and could not be autoloaded." severity="error"/><error line="15" message="Class PHPUnit\Framework\TestCase not found and could not be autoloaded." severity="error"/></file><file name="modules/contrib/entity_print/tests/src/Kernel/PostRenderSubscriberTest.php"><error line="" message="Class PHPUnit\Framework\TestCase not found and could not be autoloaded." severity="error"/><error line="12" message="Class PHPUnit\Framework\TestCase not found and could not be autoloaded." severity="error"/></file><file name="modules/contrib/entity_print/tests/src/Kernel/PrintBuilderTest.php"><error line="" message="Class PHPUnit\Framework\TestCase not found and could not be autoloaded." severity="error"/><error line="13" message="Class PHPUnit\Framework\TestCase not found and could not be autoloaded." severity="error"/></file><file name="modules/contrib/entity_print/tests/src/Kernel/PrintLinkTest.php"><error line="" message="Class PHPUnit\Framework\TestCase not found and could not be autoloaded." severity="error"/><error line="16" message="Class PHPUnit\Framework\TestCase not found and could not be autoloaded." severity="error"/></file><file name="modules/contrib/entity_print/tests/src/Kernel/TranslationTest.php"><error line="" message="Class PHPUnit\Framework\TestCase not found and could not be autoloaded." severity="error"/><error line="15" message="Class PHPUnit\Framework\TestCase not found and could not be autoloaded." severity="error"/></file><file name="modules/contrib/entity_print/tests/src/Unit/AssetCollectorTest.php"><error line="" message="Class PHPUnit\Framework\TestCase not found and could not be autoloaded." severity="error"/><error line="18" message="Class PHPUnit\Framework\TestCase not found and could not be autoloaded." severity="error"/></file><file name="modules/contrib/entity_print/tests/src/Unit/PrintEngineExceptionTest.php"><error line="" message="Class PHPUnit\Framework\TestCase not found and could not be autoloaded." severity="error"/><error line="14" message="Class PHPUnit\Framework\TestCase not found and could not be autoloaded." severity="error"/></file><file name="modules/contrib/entity_print/entity_print.info.yml"><error line="0" message="Add &lt;code&gt;core_version_requirement: ^8 || ^9&lt;/code&gt; to entity_print.info.yml to designate that the module is compatible with Drupal 9. See https://www.drupal.org/node/3070687." severity="error"/></file></checkstyle>

