<?xml version="1.0"?>
<checkstyle><file name="modules/contrib/feeds_ex/feeds_ex.pages.inc"><error line="31" message="Call to deprecated method strtolower() of class Drupal\Component\Utility\Unicode. Deprecated in drupal:8.6.0 and is removed from drupal:9.0.0. Use&#10;mb_strtolower() instead." severity="error"/><error line="43" message="Call to deprecated method checkPlain() of class Drupal\Component\Utility\SafeMarkup:&#10;Will be removed before Drupal 9.0.0. Rely on Twig's&#10;auto-escaping feature, or use the @link theme_render #plain_text @endlink&#10;key when constructing a render array that contains plain text in order to&#10;use the renderer's auto-escaping feature. If neither of these are&#10;possible, \Drupal\Component\Utility\Html::escape() can be used in places&#10;where explicit escaping is needed." severity="error"/><error line="43" message="Call to method checkPlain() of deprecated class Drupal\Component\Utility\SafeMarkup:&#10;Will be removed before Drupal 9.0.0. Use the appropriate" severity="error"/><error line="51" message="Call to deprecated method checkPlain() of class Drupal\Component\Utility\SafeMarkup:&#10;Will be removed before Drupal 9.0.0. Rely on Twig's&#10;auto-escaping feature, or use the @link theme_render #plain_text @endlink&#10;key when constructing a render array that contains plain text in order to&#10;use the renderer's auto-escaping feature. If neither of these are&#10;possible, \Drupal\Component\Utility\Html::escape() can be used in places&#10;where explicit escaping is needed." severity="error"/><error line="51" message="Call to method checkPlain() of deprecated class Drupal\Component\Utility\SafeMarkup:&#10;Will be removed before Drupal 9.0.0. Use the appropriate" severity="error"/></file><file name="modules/contrib/feeds_ex/feeds_ex.theme.inc"><error line="22" message="Call to deprecated function drupal_render(). Deprecated in drupal:8.0.0 and is removed from drupal:9.0.0. Use the" severity="error"/><error line="32" message="Call to deprecated function drupal_render(). Deprecated in drupal:8.0.0 and is removed from drupal:9.0.0. Use the" severity="error"/><error line="41" message="Call to deprecated function drupal_render(). Deprecated in drupal:8.0.0 and is removed from drupal:9.0.0. Use the" severity="error"/><error line="53" message="Call to deprecated function drupal_render_children(). Deprecated in drupal:8.0.0 and is removed from drupal:9.0.0. Avoid early&#10;rendering when possible or loop through the elements and render them as&#10;they are available." severity="error"/></file><file name="modules/contrib/feeds_ex/src/Controller/DefaultController.php"><error line="34" message="Call to deprecated method strtolower() of class Drupal\Component\Utility\Unicode. Deprecated in drupal:8.6.0 and is removed from drupal:9.0.0. Use&#10;mb_strtolower() instead." severity="error"/><error line="46" message="Call to deprecated method checkPlain() of class Drupal\Component\Utility\SafeMarkup:&#10;Will be removed before Drupal 9.0.0. Rely on Twig's&#10;auto-escaping feature, or use the @link theme_render #plain_text @endlink&#10;key when constructing a render array that contains plain text in order to&#10;use the renderer's auto-escaping feature. If neither of these are&#10;possible, \Drupal\Component\Utility\Html::escape() can be used in places&#10;where explicit escaping is needed." severity="error"/><error line="46" message="Call to method checkPlain() of deprecated class Drupal\Component\Utility\SafeMarkup:&#10;Will be removed before Drupal 9.0.0. Use the appropriate" severity="error"/><error line="54" message="Call to deprecated method checkPlain() of class Drupal\Component\Utility\SafeMarkup:&#10;Will be removed before Drupal 9.0.0. Rely on Twig's&#10;auto-escaping feature, or use the @link theme_render #plain_text @endlink&#10;key when constructing a render array that contains plain text in order to&#10;use the renderer's auto-escaping feature. If neither of these are&#10;possible, \Drupal\Component\Utility\Html::escape() can be used in places&#10;where explicit escaping is needed." severity="error"/><error line="54" message="Call to method checkPlain() of deprecated class Drupal\Component\Utility\SafeMarkup:&#10;Will be removed before Drupal 9.0.0. Use the appropriate" severity="error"/></file><file name="modules/contrib/feeds_ex/src/Feeds/Parser/JmesPathParser.php"><error line="152" message="Call to deprecated method checkPlain() of class Drupal\Component\Utility\SafeMarkup:&#10;Will be removed before Drupal 9.0.0. Rely on Twig's&#10;auto-escaping feature, or use the @link theme_render #plain_text @endlink&#10;key when constructing a render array that contains plain text in order to&#10;use the renderer's auto-escaping feature. If neither of these are&#10;possible, \Drupal\Component\Utility\Html::escape() can be used in places&#10;where explicit escaping is needed." severity="error"/><error line="152" message="Call to method checkPlain() of deprecated class Drupal\Component\Utility\SafeMarkup:&#10;Will be removed before Drupal 9.0.0. Use the appropriate" severity="error"/></file><file name="modules/contrib/feeds_ex/src/Feeds/Parser/ParserBase.php"><error line="402" message="Call to deprecated method checkPlain() of class Drupal\Component\Utility\SafeMarkup:&#10;Will be removed before Drupal 9.0.0. Rely on Twig's&#10;auto-escaping feature, or use the @link theme_render #plain_text @endlink&#10;key when constructing a render array that contains plain text in order to&#10;use the renderer's auto-escaping feature. If neither of these are&#10;possible, \Drupal\Component\Utility\Html::escape() can be used in places&#10;where explicit escaping is needed." severity="error"/><error line="402" message="Call to method checkPlain() of deprecated class Drupal\Component\Utility\SafeMarkup:&#10;Will be removed before Drupal 9.0.0. Use the appropriate" severity="error"/></file><file name="modules/contrib/feeds_ex/src/Feeds/Parser/QueryPathXmlParser.php"><error line="123" message="Call to deprecated method checkPlain() of class Drupal\Component\Utility\SafeMarkup:&#10;Will be removed before Drupal 9.0.0. Rely on Twig's&#10;auto-escaping feature, or use the @link theme_render #plain_text @endlink&#10;key when constructing a render array that contains plain text in order to&#10;use the renderer's auto-escaping feature. If neither of these are&#10;possible, \Drupal\Component\Utility\Html::escape() can be used in places&#10;where explicit escaping is needed." severity="error"/><error line="123" message="Call to method checkPlain() of deprecated class Drupal\Component\Utility\SafeMarkup:&#10;Will be removed before Drupal 9.0.0. Use the appropriate" severity="error"/></file><file name="modules/contrib/feeds_ex/src/Feeds/Parser/XmlParser.php"><error line="196" message="Call to deprecated method checkPlain() of class Drupal\Component\Utility\SafeMarkup:&#10;Will be removed before Drupal 9.0.0. Rely on Twig's&#10;auto-escaping feature, or use the @link theme_render #plain_text @endlink&#10;key when constructing a render array that contains plain text in order to&#10;use the renderer's auto-escaping feature. If neither of these are&#10;possible, \Drupal\Component\Utility\Html::escape() can be used in places&#10;where explicit escaping is needed." severity="error"/><error line="196" message="Call to method checkPlain() of deprecated class Drupal\Component\Utility\SafeMarkup:&#10;Will be removed before Drupal 9.0.0. Use the appropriate" severity="error"/><error line="245" message="Call to deprecated method checkPlain() of class Drupal\Component\Utility\SafeMarkup:&#10;Will be removed before Drupal 9.0.0. Rely on Twig's&#10;auto-escaping feature, or use the @link theme_render #plain_text @endlink&#10;key when constructing a render array that contains plain text in order to&#10;use the renderer's auto-escaping feature. If neither of these are&#10;possible, \Drupal\Component\Utility\Html::escape() can be used in places&#10;where explicit escaping is needed." severity="error"/><error line="245" message="Call to method checkPlain() of deprecated class Drupal\Component\Utility\SafeMarkup:&#10;Will be removed before Drupal 9.0.0. Use the appropriate" severity="error"/></file><file name="modules/contrib/feeds_ex/src/JmesRuntimeFactory.php"><error line="101" message="Call to deprecated constant FILE_CREATE_DIRECTORY: Deprecated in drupal:8.7.0 and is removed from drupal:9.0.0. Use \Drupal\Core\File\FileSystemInterface::CREATE_DIRECTORY." severity="error"/><error line="101" message="Call to deprecated constant FILE_MODIFY_PERMISSIONS: Deprecated in drupal:8.7.0 and is removed from drupal:9.0.0. Use \Drupal\Core\File\FileSystemInterface::MODIFY_PERMISSIONS." severity="error"/><error line="101" message="Call to deprecated function file_prepare_directory(). Deprecated in drupal:8.7.0 and is removed from drupal:9.0.0.&#10;Use \Drupal\Core\File\FileSystemInterface::prepareDirectory()." severity="error"/></file><file name="modules/contrib/feeds_ex/tests/src/Functional/FeedTypeEditFormTest.php"><error line="" message="Class PHPUnit\Framework\TestCase not found and could not be autoloaded." severity="error"/><error line="12" message="Class PHPUnit\Framework\TestCase not found and could not be autoloaded." severity="error"/></file><file name="modules/contrib/feeds_ex/tests/src/Functional/Feeds/Parser/HtmlParserTest.php"><error line="" message="Class PHPUnit\Framework\TestCase not found and could not be autoloaded." severity="error"/><error line="9" message="Class PHPUnit\Framework\TestCase not found and could not be autoloaded." severity="error"/></file><file name="modules/contrib/feeds_ex/tests/src/Functional/Feeds/Parser/JmesPathLinesParserTest.php"><error line="" message="Class PHPUnit\Framework\TestCase not found and could not be autoloaded." severity="error"/><error line="9" message="Class PHPUnit\Framework\TestCase not found and could not be autoloaded." severity="error"/></file><file name="modules/contrib/feeds_ex/tests/src/Functional/Feeds/Parser/JmesPathParserTest.php"><error line="" message="Class PHPUnit\Framework\TestCase not found and could not be autoloaded." severity="error"/><error line="9" message="Class PHPUnit\Framework\TestCase not found and could not be autoloaded." severity="error"/></file><file name="modules/contrib/feeds_ex/tests/src/Functional/Feeds/Parser/JsonPathLinesParserTest.php"><error line="" message="Class PHPUnit\Framework\TestCase not found and could not be autoloaded." severity="error"/><error line="9" message="Class PHPUnit\Framework\TestCase not found and could not be autoloaded." severity="error"/></file><file name="modules/contrib/feeds_ex/tests/src/Functional/Feeds/Parser/JsonPathParserTest.php"><error line="" message="Class PHPUnit\Framework\TestCase not found and could not be autoloaded." severity="error"/><error line="9" message="Class PHPUnit\Framework\TestCase not found and could not be autoloaded." severity="error"/></file><file name="modules/contrib/feeds_ex/tests/src/Functional/Feeds/Parser/ParserTestBase.php"><error line="" message="Class PHPUnit\Framework\TestCase not found and could not be autoloaded." severity="error"/><error line="10" message="Class PHPUnit\Framework\TestCase not found and could not be autoloaded." severity="error"/></file><file name="modules/contrib/feeds_ex/tests/src/Functional/Feeds/Parser/QueryPathHtmlParserTest.php"><error line="" message="Class PHPUnit\Framework\TestCase not found and could not be autoloaded." severity="error"/><error line="9" message="Class PHPUnit\Framework\TestCase not found and could not be autoloaded." severity="error"/></file><file name="modules/contrib/feeds_ex/tests/src/Functional/Feeds/Parser/QueryPathXmlParserTest.php"><error line="" message="Class PHPUnit\Framework\TestCase not found and could not be autoloaded." severity="error"/><error line="9" message="Class PHPUnit\Framework\TestCase not found and could not be autoloaded." severity="error"/></file><file name="modules/contrib/feeds_ex/tests/src/Functional/Feeds/Parser/XmlParserTest.php"><error line="" message="Class PHPUnit\Framework\TestCase not found and could not be autoloaded." severity="error"/><error line="9" message="Class PHPUnit\Framework\TestCase not found and could not be autoloaded." severity="error"/></file><file name="modules/contrib/feeds_ex/tests/src/Functional/FeedsExBrowserTestBase.php"><error line="" message="Class PHPUnit\Framework\TestCase not found and could not be autoloaded." severity="error"/><error line="11" message="Class PHPUnit\Framework\TestCase not found and could not be autoloaded." severity="error"/></file><file name="modules/contrib/feeds_ex/tests/src/FunctionalJavascript/Feeds/Parser/JsonPathParserTest.php"><error line="" message="Class PHPUnit\Framework\TestCase not found and could not be autoloaded." severity="error"/><error line="12" message="Class PHPUnit\Framework\TestCase not found and could not be autoloaded." severity="error"/></file><file name="modules/contrib/feeds_ex/tests/src/FunctionalJavascript/Feeds/Parser/ParserTestBase.php"><error line="" message="Class PHPUnit\Framework\TestCase not found and could not be autoloaded." severity="error"/><error line="11" message="Class PHPUnit\Framework\TestCase not found and could not be autoloaded." severity="error"/></file><file name="modules/contrib/feeds_ex/tests/src/FunctionalJavascript/Feeds/Parser/XmlParserTest.php"><error line="" message="Class PHPUnit\Framework\TestCase not found and could not be autoloaded." severity="error"/><error line="12" message="Class PHPUnit\Framework\TestCase not found and could not be autoloaded." severity="error"/></file><file name="modules/contrib/feeds_ex/tests/src/Unit/Feeds/Parser/HtmlParserTest.php"><error line="" message="Class PHPUnit\Framework\TestCase not found and could not be autoloaded." severity="error"/><error line="14" message="Class PHPUnit\Framework\TestCase not found and could not be autoloaded." severity="error"/></file><file name="modules/contrib/feeds_ex/tests/src/Unit/Feeds/Parser/JmesPathLinesParserTest.php"><error line="" message="Class PHPUnit\Framework\TestCase not found and could not be autoloaded." severity="error"/><error line="18" message="Class PHPUnit\Framework\TestCase not found and could not be autoloaded." severity="error"/></file><file name="modules/contrib/feeds_ex/tests/src/Unit/Feeds/Parser/JmesPathParserTest.php"><error line="" message="Class PHPUnit\Framework\TestCase not found and could not be autoloaded." severity="error"/><error line="15" message="Class PHPUnit\Framework\TestCase not found and could not be autoloaded." severity="error"/></file><file name="modules/contrib/feeds_ex/tests/src/Unit/Feeds/Parser/JsonPathLinesParserTest.php"><error line="" message="Class PHPUnit\Framework\TestCase not found and could not be autoloaded." severity="error"/><error line="14" message="Class PHPUnit\Framework\TestCase not found and could not be autoloaded." severity="error"/></file><file name="modules/contrib/feeds_ex/tests/src/Unit/Feeds/Parser/JsonPathParserTest.php"><error line="" message="Class PHPUnit\Framework\TestCase not found and could not be autoloaded." severity="error"/><error line="15" message="Class PHPUnit\Framework\TestCase not found and could not be autoloaded." severity="error"/></file><file name="modules/contrib/feeds_ex/tests/src/Unit/Feeds/Parser/ParserTestBase.php"><error line="" message="Class PHPUnit\Framework\TestCase not found and could not be autoloaded." severity="error"/><error line="12" message="Class PHPUnit\Framework\TestCase not found and could not be autoloaded." severity="error"/></file><file name="modules/contrib/feeds_ex/tests/src/Unit/Feeds/Parser/QueryPathHtmlParserTest.php"><error line="" message="Class PHPUnit\Framework\TestCase not found and could not be autoloaded." severity="error"/><error line="14" message="Class PHPUnit\Framework\TestCase not found and could not be autoloaded." severity="error"/></file><file name="modules/contrib/feeds_ex/tests/src/Unit/Feeds/Parser/QueryPathXmlParserTest.php"><error line="" message="Class PHPUnit\Framework\TestCase not found and could not be autoloaded." severity="error"/><error line="14" message="Class PHPUnit\Framework\TestCase not found and could not be autoloaded." severity="error"/></file><file name="modules/contrib/feeds_ex/tests/src/Unit/Feeds/Parser/XmlParserTest.php"><error line="" message="Class PHPUnit\Framework\TestCase not found and could not be autoloaded." severity="error"/><error line="14" message="Class PHPUnit\Framework\TestCase not found and could not be autoloaded." severity="error"/></file><file name="modules/contrib/feeds_ex/tests/src/Unit/File/LineIteratorTest.php"><error line="" message="Class PHPUnit\Framework\TestCase not found and could not be autoloaded." severity="error"/><error line="14" message="Class PHPUnit\Framework\TestCase not found and could not be autoloaded." severity="error"/></file><file name="modules/contrib/feeds_ex/tests/src/Unit/JmesRuntimeFactoryTest.php"><error line="" message="Class PHPUnit\Framework\TestCase not found and could not be autoloaded." severity="error"/><error line="12" message="Class PHPUnit\Framework\TestCase not found and could not be autoloaded." severity="error"/></file><file name="modules/contrib/feeds_ex/tests/src/Unit/UnitTestBase.php"><error line="" message="Class PHPUnit\Framework\TestCase not found and could not be autoloaded." severity="error"/><error line="11" message="Class PHPUnit\Framework\TestCase not found and could not be autoloaded." severity="error"/></file><file name="modules/contrib/feeds_ex/feeds_ex.info.yml"><error line="0" message="Add &lt;code&gt;core_version_requirement: ^8 || ^9&lt;/code&gt; to feeds_ex.info.yml to designate that the module is compatible with Drupal 9. See https://www.drupal.org/node/3070687." severity="error"/></file></checkstyle>

