<?xml version="1.0"?>
<checkstyle><file name="modules/contrib/feeds/src/Element/Uri.php"><error line="28" message="Call to deprecated function file_stream_wrapper_uri_normalize(). Deprecated in drupal:8.8.0 and is removed from drupal:9.0.0. Use&#10;\Drupal\Core\StreamWrapper\StreamWrapperManagerInterface::normalizeUri()&#10;instead." severity="warning"/></file><file name="modules/contrib/feeds/src/FeedForm.php"><error line="40" message="Parameter $entity_manager of method Drupal\feeds\FeedForm::__construct() has typehint with deprecated interface Drupal\Core\Entity\EntityManagerInterface. Deprecated in drupal:8.0.0 and is removed from drupal:9.0.0." severity="error"/></file><file name="modules/contrib/feeds/src/Feeds/Fetcher/Form/UploadFetcherForm.php"><error line="75" message="Call to deprecated constant FILE_CREATE_DIRECTORY: Deprecated in drupal:8.7.0 and is removed from drupal:9.0.0. Use \Drupal\Core\File\FileSystemInterface::CREATE_DIRECTORY." severity="error"/><error line="75" message="Call to deprecated constant FILE_MODIFY_PERMISSIONS: Deprecated in drupal:8.7.0 and is removed from drupal:9.0.0. Use \Drupal\Core\File\FileSystemInterface::MODIFY_PERMISSIONS." severity="error"/><error line="75" message="Call to deprecated function file_prepare_directory(). Deprecated in drupal:8.7.0 and is removed from drupal:9.0.0.&#10;Use \Drupal\Core\File\FileSystemInterface::prepareDirectory()." severity="error"/></file><file name="modules/contrib/feeds/src/Feeds/Processor/EntityProcessorBase.php"><error line="94" message="Parameter $query_factory of method Drupal\feeds\Feeds\Processor\EntityProcessorBase::__construct() has typehint with deprecated class Drupal\Core\Entity\Query\QueryFactory. Deprecated in drupal:8.3.0 and is removed from drupal:9.0.0. Use&#10;\Drupal\Core\Entity\EntityStorageInterface::getQuery() or&#10;\Drupal\Core\Entity\EntityStorageInterface::getAggregateQuery() instead." severity="error"/><error line="563" message="Call to deprecated method isSubclassOf() of class Drupal\Core\Entity\EntityTypeInterface. Deprecated in drupal:8.3.0 and is removed from drupal:9.0.0.&#10;Use Drupal\Core\Entity\EntityTypeInterface::entityClassImplements()&#10;instead." severity="error"/></file><file name="modules/contrib/feeds/src/Feeds/Processor/Form/DefaultEntityProcessorForm.php"><error line="171" message="Fetching class constant class of deprecated class Drupal\Component\Plugin\ConfigurablePluginInterface:&#10;Drupal\Component\Plugin\ConfigurablePluginInterface is deprecated&#10;in Drupal 8.7.0 and will be removed before Drupal 9.0.0. You should implement&#10;ConfigurableInterface and/or DependentPluginInterface directly as needed. If&#10;you implement ConfigurableInterface you may choose to implement&#10;ConfigurablePluginInterface in Drupal 8 as well for maximum compatibility,&#10;however this must be removed prior to Drupal 9." severity="error"/></file><file name="modules/contrib/feeds/src/Feeds/Target/EntityReference.php"><error line="81" message="Parameter $query_factory of method Drupal\feeds\Feeds\Target\EntityReference::__construct() has typehint with deprecated class Drupal\Core\Entity\Query\QueryFactory. Deprecated in drupal:8.3.0 and is removed from drupal:9.0.0. Use&#10;\Drupal\Core\Entity\EntityStorageInterface::getQuery() or&#10;\Drupal\Core\Entity\EntityStorageInterface::getAggregateQuery() instead." severity="error"/></file><file name="modules/contrib/feeds/src/Feeds/Target/File.php"><error line="72" message="Parameter $query_factory of method Drupal\feeds\Feeds\Target\File::__construct() has typehint with deprecated class Drupal\Core\Entity\Query\QueryFactory. Deprecated in drupal:8.3.0 and is removed from drupal:9.0.0. Use&#10;\Drupal\Core\Entity\EntityStorageInterface::getQuery() or&#10;\Drupal\Core\Entity\EntityStorageInterface::getAggregateQuery() instead." severity="error"/><error line="183" message="Call to deprecated constant FILE_EXISTS_ERROR: Deprecated in drupal:8.7.0 and is removed from drupal:9.0.0. Use \Drupal\Core\File\FileSystemInterface::EXISTS_ERROR." severity="error"/><error line="187" message="Call to deprecated constant FILE_EXISTS_REPLACE: Deprecated in drupal:8.7.0 and is removed from drupal:9.0.0. Use \Drupal\Core\File\FileSystemInterface::EXISTS_REPLACE." severity="error"/><error line="214" message="Call to deprecated constant FILE_CREATE_DIRECTORY: Deprecated in drupal:8.7.0 and is removed from drupal:9.0.0. Use \Drupal\Core\File\FileSystemInterface::CREATE_DIRECTORY." severity="error"/><error line="214" message="Call to deprecated constant FILE_MODIFY_PERMISSIONS: Deprecated in drupal:8.7.0 and is removed from drupal:9.0.0. Use \Drupal\Core\File\FileSystemInterface::MODIFY_PERMISSIONS." severity="error"/><error line="214" message="Call to deprecated function file_prepare_directory(). Deprecated in drupal:8.7.0 and is removed from drupal:9.0.0.&#10;Use \Drupal\Core\File\FileSystemInterface::prepareDirectory()." severity="error"/><error line="274" message="Call to deprecated constant FILE_EXISTS_ERROR: Deprecated in drupal:8.7.0 and is removed from drupal:9.0.0. Use \Drupal\Core\File\FileSystemInterface::EXISTS_ERROR." severity="error"/><error line="285" message="Call to deprecated constant FILE_EXISTS_REPLACE: Deprecated in drupal:8.7.0 and is removed from drupal:9.0.0. Use \Drupal\Core\File\FileSystemInterface::EXISTS_REPLACE." severity="error"/><error line="286" message="Call to deprecated constant FILE_EXISTS_RENAME: Deprecated in drupal:8.7.0 and is removed from drupal:9.0.0. Use \Drupal\Core\File\FileSystemInterface::EXISTS_RENAME." severity="error"/><error line="287" message="Call to deprecated constant FILE_EXISTS_ERROR: Deprecated in drupal:8.7.0 and is removed from drupal:9.0.0. Use \Drupal\Core\File\FileSystemInterface::EXISTS_ERROR." severity="error"/><error line="307" message="Call to deprecated constant FILE_EXISTS_REPLACE: Deprecated in drupal:8.7.0 and is removed from drupal:9.0.0. Use \Drupal\Core\File\FileSystemInterface::EXISTS_REPLACE." severity="error"/><error line="311" message="Call to deprecated constant FILE_EXISTS_RENAME: Deprecated in drupal:8.7.0 and is removed from drupal:9.0.0. Use \Drupal\Core\File\FileSystemInterface::EXISTS_RENAME." severity="error"/><error line="315" message="Call to deprecated constant FILE_EXISTS_ERROR: Deprecated in drupal:8.7.0 and is removed from drupal:9.0.0. Use \Drupal\Core\File\FileSystemInterface::EXISTS_ERROR." severity="error"/></file><file name="modules/contrib/feeds/src/FeedsPermissions.php"><error line="15" message="Usage of deprecated trait Drupal\Core\Routing\UrlGeneratorTrait in class Drupal\feeds\FeedsPermissions. Deprecated in drupal:8.0.0 and is removed from drupal:9.0.0.&#10;Use \Drupal\Core\Url instead." severity="error"/><error line="27" message="Call to deprecated method url() of class Drupal\feeds\FeedsPermissions. Deprecated in drupal:8.0.0 and is removed from drupal:9.0.0.&#10;Use \Drupal\Core\Url::fromUri() instead." severity="error"/></file><file name="modules/contrib/feeds/src/Plugin/Type/FeedsPluginInterface.php"><error line="11" message="Interface Drupal\feeds\Plugin\Type\FeedsPluginInterface extends deprecated interface Drupal\Component\Plugin\ConfigurablePluginInterface:&#10;Drupal\Component\Plugin\ConfigurablePluginInterface is deprecated&#10;in Drupal 8.7.0 and will be removed before Drupal 9.0.0. You should implement&#10;ConfigurableInterface and/or DependentPluginInterface directly as needed. If&#10;you implement ConfigurableInterface you may choose to implement&#10;ConfigurablePluginInterface in Drupal 8 as well for maximum compatibility,&#10;however this must be removed prior to Drupal 9." severity="error"/></file><file name="modules/contrib/feeds/src/Plugin/Type/FeedsPluginManager.php"><error line="61" message="Instantiation of deprecated class Drupal\feeds\Plugin\Type\FeedsAnnotationFactory. Deprecated in Feeds 8.x-3.0-alpha6, will be removed before Feeds 8.x-3.0." severity="error"/></file><file name="modules/contrib/feeds/src/Plugin/Type/Target/ConfigurableTargetInterface.php"><error line="10" message="Interface Drupal\feeds\Plugin\Type\Target\ConfigurableTargetInterface extends deprecated interface Drupal\Component\Plugin\ConfigurablePluginInterface:&#10;Drupal\Component\Plugin\ConfigurablePluginInterface is deprecated&#10;in Drupal 8.7.0 and will be removed before Drupal 9.0.0. You should implement&#10;ConfigurableInterface and/or DependentPluginInterface directly as needed. If&#10;you implement ConfigurableInterface you may choose to implement&#10;ConfigurablePluginInterface in Drupal 8 as well for maximum compatibility,&#10;however this must be removed prior to Drupal 9." severity="error"/></file><file name="modules/contrib/feeds/tests/src/Functional/Controller/ItemListControllerTest.php"><error line="" message="Class PHPUnit\Framework\TestCase not found and could not be autoloaded." severity="error"/><error line="12" message="Class PHPUnit\Framework\TestCase not found and could not be autoloaded." severity="error"/></file><file name="modules/contrib/feeds/tests/src/Functional/CronTest.php"><error line="" message="Class PHPUnit\Framework\TestCase not found and could not be autoloaded." severity="error"/><error line="10" message="Class PHPUnit\Framework\TestCase not found and could not be autoloaded." severity="error"/></file><file name="modules/contrib/feeds/tests/src/Functional/FeedListBuilderTest.php"><error line="" message="Class PHPUnit\Framework\TestCase not found and could not be autoloaded." severity="error"/><error line="10" message="Class PHPUnit\Framework\TestCase not found and could not be autoloaded." severity="error"/></file><file name="modules/contrib/feeds/tests/src/Functional/FeedTypeListBuilderTest.php"><error line="" message="Class PHPUnit\Framework\TestCase not found and could not be autoloaded." severity="error"/><error line="10" message="Class PHPUnit\Framework\TestCase not found and could not be autoloaded." severity="error"/></file><file name="modules/contrib/feeds/tests/src/Functional/Feeds/Fetcher/HttpFetcherTest.php"><error line="" message="Class PHPUnit\Framework\TestCase not found and could not be autoloaded." severity="error"/><error line="17" message="Class PHPUnit\Framework\TestCase not found and could not be autoloaded." severity="error"/></file><file name="modules/contrib/feeds/tests/src/Functional/Feeds/Fetcher/UploadFetcherTest.php"><error line="" message="Class PHPUnit\Framework\TestCase not found and could not be autoloaded." severity="error"/><error line="12" message="Class PHPUnit\Framework\TestCase not found and could not be autoloaded." severity="error"/></file><file name="modules/contrib/feeds/tests/src/Functional/Feeds/Parser/Form/CsvParserFeedFormTest.php"><error line="" message="Class PHPUnit\Framework\TestCase not found and could not be autoloaded." severity="error"/><error line="12" message="Class PHPUnit\Framework\TestCase not found and could not be autoloaded." severity="error"/></file><file name="modules/contrib/feeds/tests/src/Functional/Feeds/Target/FileTest.php"><error line="" message="Class PHPUnit\Framework\TestCase not found and could not be autoloaded." severity="error"/><error line="11" message="Class PHPUnit\Framework\TestCase not found and could not be autoloaded." severity="error"/></file><file name="modules/contrib/feeds/tests/src/Functional/FeedsBrowserTestBase.php"><error line="" message="Class PHPUnit\Framework\TestCase not found and could not be autoloaded." severity="error"/><error line="14" message="Class PHPUnit\Framework\TestCase not found and could not be autoloaded." severity="error"/></file><file name="modules/contrib/feeds/tests/src/Functional/FeedsInstallTest.php"><error line="" message="Class PHPUnit\Framework\TestCase not found and could not be autoloaded." severity="error"/><error line="12" message="Class PHPUnit\Framework\TestCase not found and could not be autoloaded." severity="error"/></file><file name="modules/contrib/feeds/tests/src/Functional/FeedsUninstallTest.php"><error line="" message="Class PHPUnit\Framework\TestCase not found and could not be autoloaded." severity="error"/><error line="12" message="Class PHPUnit\Framework\TestCase not found and could not be autoloaded." severity="error"/></file><file name="modules/contrib/feeds/tests/src/Functional/FieldValidationTest.php"><error line="" message="Class PHPUnit\Framework\TestCase not found and could not be autoloaded." severity="error"/><error line="12" message="Class PHPUnit\Framework\TestCase not found and could not be autoloaded." severity="error"/></file><file name="modules/contrib/feeds/tests/src/Functional/Form/MappingFormTest.php"><error line="" message="Class PHPUnit\Framework\TestCase not found and could not be autoloaded." severity="error"/><error line="11" message="Class PHPUnit\Framework\TestCase not found and could not be autoloaded." severity="error"/></file><file name="modules/contrib/feeds/tests/src/Functional/Plugin/Action/DeleteFeedTest.php"><error line="" message="Class PHPUnit\Framework\TestCase not found and could not be autoloaded." severity="error"/><error line="12" message="Class PHPUnit\Framework\TestCase not found and could not be autoloaded." severity="error"/></file><file name="modules/contrib/feeds/tests/src/Functional/Plugin/Field/FieldFormatter/FeedsItemFormatterTestBase.php"><error line="" message="Class PHPUnit\Framework\TestCase not found and could not be autoloaded." severity="error"/><error line="13" message="Class PHPUnit\Framework\TestCase not found and could not be autoloaded." severity="error"/></file><file name="modules/contrib/feeds/tests/src/Functional/Plugin/Field/FieldFormatter/FeedsItemGuidFormatterTest.php"><error line="" message="Class PHPUnit\Framework\TestCase not found and could not be autoloaded." severity="error"/><error line="10" message="Class PHPUnit\Framework\TestCase not found and could not be autoloaded." severity="error"/></file><file name="modules/contrib/feeds/tests/src/Functional/Plugin/Field/FieldFormatter/FeedsItemImportedFormatterTest.php"><error line="" message="Class PHPUnit\Framework\TestCase not found and could not be autoloaded." severity="error"/><error line="10" message="Class PHPUnit\Framework\TestCase not found and could not be autoloaded." severity="error"/></file><file name="modules/contrib/feeds/tests/src/Functional/Plugin/Field/FieldFormatter/FeedsItemTargetEntityFormatterTest.php"><error line="" message="Class PHPUnit\Framework\TestCase not found and could not be autoloaded." severity="error"/><error line="10" message="Class PHPUnit\Framework\TestCase not found and could not be autoloaded." severity="error"/></file><file name="modules/contrib/feeds/tests/src/Functional/Plugin/Field/FieldFormatter/FeedsItemTargetIdFormatterTest.php"><error line="" message="Class PHPUnit\Framework\TestCase not found and could not be autoloaded." severity="error"/><error line="10" message="Class PHPUnit\Framework\TestCase not found and could not be autoloaded." severity="error"/></file><file name="modules/contrib/feeds/tests/src/Functional/Plugin/Field/FieldFormatter/FeedsItemTargetLabelFormatterTest.php"><error line="" message="Class PHPUnit\Framework\TestCase not found and could not be autoloaded." severity="error"/><error line="10" message="Class PHPUnit\Framework\TestCase not found and could not be autoloaded." severity="error"/></file><file name="modules/contrib/feeds/tests/src/Functional/Plugin/Field/FieldFormatter/FeedsItemUrlFormatterTest.php"><error line="" message="Class PHPUnit\Framework\TestCase not found and could not be autoloaded." severity="error"/><error line="10" message="Class PHPUnit\Framework\TestCase not found and could not be autoloaded." severity="error"/></file><file name="modules/contrib/feeds/tests/src/Functional/PrivateFileTest.php"><error line="" message="Class PHPUnit\Runner\Version not found and could not be autoloaded." severity="error"/><error line="13" message="Class PHPUnit\Runner\Version not found and could not be autoloaded." severity="error"/></file><file name="modules/contrib/feeds/tests/src/Functional/QueueTest.php"><error line="" message="Class PHPUnit\Framework\TestCase not found and could not be autoloaded." severity="error"/><error line="10" message="Class PHPUnit\Framework\TestCase not found and could not be autoloaded." severity="error"/></file><file name="modules/contrib/feeds/tests/src/Functional/UpdateExistingTest.php"><error line="" message="Class PHPUnit\Framework\TestCase not found and could not be autoloaded." severity="error"/><error line="13" message="Class PHPUnit\Framework\TestCase not found and could not be autoloaded." severity="error"/></file><file name="modules/contrib/feeds/tests/src/Functional/UpdateNonExistentTest.php"><error line="" message="Class PHPUnit\Framework\TestCase not found and could not be autoloaded." severity="error"/><error line="13" message="Class PHPUnit\Framework\TestCase not found and could not be autoloaded." severity="error"/></file><file name="modules/contrib/feeds/tests/src/FunctionalJavascript/Feeds/Parser/CsvParserTest.php"><error line="" message="Class PHPUnit\Framework\TestCase not found and could not be autoloaded." severity="error"/><error line="12" message="Class PHPUnit\Framework\TestCase not found and could not be autoloaded." severity="error"/></file><file name="modules/contrib/feeds/tests/src/FunctionalJavascript/Feeds/Parser/ParserTestBase.php"><error line="" message="Class PHPUnit\Framework\TestCase not found and could not be autoloaded." severity="error"/><error line="10" message="Class PHPUnit\Framework\TestCase not found and could not be autoloaded." severity="error"/></file><file name="modules/contrib/feeds/tests/src/FunctionalJavascript/FeedsJavascriptTestBase.php"><error line="" message="Class PHPUnit\Framework\TestCase not found and could not be autoloaded." severity="error"/><error line="17" message="Class PHPUnit\Framework\TestCase not found and could not be autoloaded." severity="error"/></file><file name="modules/contrib/feeds/tests/src/Kernel/DependencyTest.php"><error line="" message="Class PHPUnit\Framework\TestCase not found and could not be autoloaded." severity="error"/><error line="15" message="Class PHPUnit\Framework\TestCase not found and could not be autoloaded." severity="error"/></file><file name="modules/contrib/feeds/tests/src/Kernel/Entity/FeedTest.php"><error line="" message="Class PHPUnit\Framework\TestCase not found and could not be autoloaded." severity="error"/><error line="25" message="Class PHPUnit\Framework\TestCase not found and could not be autoloaded." severity="error"/></file><file name="modules/contrib/feeds/tests/src/Kernel/Feeds/Fetcher/DirectoryFetcherTest.php"><error line="" message="Class PHPUnit\Framework\TestCase not found and could not be autoloaded." severity="error"/><error line="11" message="Class PHPUnit\Framework\TestCase not found and could not be autoloaded." severity="error"/></file><file name="modules/contrib/feeds/tests/src/Kernel/Feeds/Parser/CsvParserTest.php"><error line="" message="Class PHPUnit\Framework\TestCase not found and could not be autoloaded." severity="error"/><error line="12" message="Class PHPUnit\Framework\TestCase not found and could not be autoloaded." severity="error"/></file><file name="modules/contrib/feeds/tests/src/Kernel/Feeds/Processor/EntityProcessorBaseTest.php"><error line="" message="Class PHPUnit\Framework\TestCase not found and could not be autoloaded." severity="error"/><error line="23" message="Class PHPUnit\Framework\TestCase not found and could not be autoloaded." severity="error"/></file><file name="modules/contrib/feeds/tests/src/Kernel/Feeds/Processor/GenericContentEntityProcessorTest.php"><error line="" message="Class PHPUnit\Framework\TestCase not found and could not be autoloaded." severity="error"/><error line="13" message="Class PHPUnit\Framework\TestCase not found and could not be autoloaded." severity="error"/></file><file name="modules/contrib/feeds/tests/src/Kernel/Feeds/Source/BasicFieldSourceTest.php"><error line="" message="Class PHPUnit\Framework\TestCase not found and could not be autoloaded." severity="error"/><error line="13" message="Class PHPUnit\Framework\TestCase not found and could not be autoloaded." severity="error"/></file><file name="modules/contrib/feeds/tests/src/Kernel/Feeds/Target/EntityReferenceTest.php"><error line="" message="Class PHPUnit\Framework\TestCase not found and could not be autoloaded." severity="error"/><error line="17" message="Class PHPUnit\Framework\TestCase not found and could not be autoloaded." severity="error"/></file><file name="modules/contrib/feeds/tests/src/Kernel/Feeds/Target/FileTest.php"><error line="" message="Class PHPUnit\Framework\TestCase not found and could not be autoloaded." severity="error"/><error line="13" message="Class PHPUnit\Framework\TestCase not found and could not be autoloaded." severity="error"/></file><file name="modules/contrib/feeds/tests/src/Kernel/Feeds/Target/FileTestBase.php"><error line="" message="Class PHPUnit\Framework\TestCase not found and could not be autoloaded." severity="error"/><error line="24" message="Class PHPUnit\Framework\TestCase not found and could not be autoloaded." severity="error"/></file><file name="modules/contrib/feeds/tests/src/Kernel/Feeds/Target/ImageTest.php"><error line="" message="Class PHPUnit\Framework\TestCase not found and could not be autoloaded." severity="error"/><error line="11" message="Class PHPUnit\Framework\TestCase not found and could not be autoloaded." severity="error"/></file><file name="modules/contrib/feeds/tests/src/Kernel/Feeds/Target/LanguageTest.php"><error line="" message="Class PHPUnit\Framework\TestCase not found and could not be autoloaded." severity="error"/><error line="12" message="Class PHPUnit\Framework\TestCase not found and could not be autoloaded." severity="error"/></file><file name="modules/contrib/feeds/tests/src/Kernel/Feeds/Target/TimestampTest.php"><error line="" message="Class PHPUnit\Framework\TestCase not found and could not be autoloaded." severity="error"/><error line="12" message="Class PHPUnit\Framework\TestCase not found and could not be autoloaded." severity="error"/></file><file name="modules/contrib/feeds/tests/src/Kernel/FeedsEventsTest.php"><error line="" message="Class PHPUnit\Framework\TestCase not found and could not be autoloaded." severity="error"/><error line="13" message="Class PHPUnit\Framework\TestCase not found and could not be autoloaded." severity="error"/></file><file name="modules/contrib/feeds/tests/src/Kernel/FeedsItemTest.php"><error line="" message="Class PHPUnit\Framework\TestCase not found and could not be autoloaded." severity="error"/><error line="12" message="Class PHPUnit\Framework\TestCase not found and could not be autoloaded." severity="error"/></file><file name="modules/contrib/feeds/tests/src/Kernel/FeedsKernelTestBase.php"><error line="" message="Class PHPUnit\Framework\TestCase not found and could not be autoloaded." severity="error"/><error line="13" message="Class PHPUnit\Framework\TestCase not found and could not be autoloaded." severity="error"/></file><file name="modules/contrib/feeds/tests/src/Kernel/HashTest.php"><error line="" message="Class PHPUnit\Framework\TestCase not found and could not be autoloaded." severity="error"/><error line="13" message="Class PHPUnit\Framework\TestCase not found and could not be autoloaded." severity="error"/></file><file name="modules/contrib/feeds/tests/src/Kernel/Plugin/Derivative/GenericContentEntityProcessorTest.php"><error line="" message="Class PHPUnit\Framework\TestCase not found and could not be autoloaded." severity="error"/><error line="15" message="Class PHPUnit\Framework\TestCase not found and could not be autoloaded." severity="error"/></file><file name="modules/contrib/feeds/tests/src/Kernel/SourcePluginsTest.php"><error line="" message="Class PHPUnit\Framework\TestCase not found and could not be autoloaded." severity="error"/><error line="13" message="Class PHPUnit\Framework\TestCase not found and could not be autoloaded." severity="error"/></file><file name="modules/contrib/feeds/tests/src/Kernel/UpdateExistingTest.php"><error line="" message="Class PHPUnit\Framework\TestCase not found and could not be autoloaded." severity="error"/><error line="12" message="Class PHPUnit\Framework\TestCase not found and could not be autoloaded." severity="error"/></file><file name="modules/contrib/feeds/tests/src/Kernel/UpdateNonExistentTest.php"><error line="" message="Class PHPUnit\Framework\TestCase not found and could not be autoloaded." severity="error"/><error line="13" message="Class PHPUnit\Framework\TestCase not found and could not be autoloaded." severity="error"/></file><file name="modules/contrib/feeds/tests/src/Unit/Component/CsvParserTest.php"><error line="" message="Class PHPUnit\Framework\TestCase not found and could not be autoloaded." severity="error"/><error line="12" message="Class PHPUnit\Framework\TestCase not found and could not be autoloaded." severity="error"/></file><file name="modules/contrib/feeds/tests/src/Unit/Component/GenericOpmlParserTest.php"><error line="" message="Class PHPUnit\Framework\TestCase not found and could not be autoloaded." severity="error"/><error line="12" message="Class PHPUnit\Framework\TestCase not found and could not be autoloaded." severity="error"/></file><file name="modules/contrib/feeds/tests/src/Unit/Component/HttpHelpersTest.php"><error line="" message="Class PHPUnit\Framework\TestCase not found and could not be autoloaded." severity="error"/><error line="12" message="Class PHPUnit\Framework\TestCase not found and could not be autoloaded." severity="error"/></file><file name="modules/contrib/feeds/tests/src/Unit/Component/XmlParserTraitTest.php"><error line="" message="Class PHPUnit\Framework\TestCase not found and could not be autoloaded." severity="error"/><error line="11" message="Class PHPUnit\Framework\TestCase not found and could not be autoloaded." severity="error"/></file><file name="modules/contrib/feeds/tests/src/Unit/Controller/SubscriptionControllerTest.php"><error line="" message="Class PHPUnit\Framework\TestCase not found and could not be autoloaded." severity="error"/><error line="15" message="Class PHPUnit\Framework\TestCase not found and could not be autoloaded." severity="error"/></file><file name="modules/contrib/feeds/tests/src/Unit/Element/UriTest.php"><error line="" message="Class PHPUnit\Framework\TestCase not found and could not be autoloaded." severity="error"/><error line="13" message="Class PHPUnit\Framework\TestCase not found and could not be autoloaded." severity="error"/></file><file name="modules/contrib/feeds/tests/src/Unit/Entity/FeedTypeTest.php"><error line="" message="Class PHPUnit\Framework\TestCase not found and could not be autoloaded." severity="error"/><error line="14" message="Class PHPUnit\Framework\TestCase not found and could not be autoloaded." severity="error"/></file><file name="modules/contrib/feeds/tests/src/Unit/Event/DeleteFeedsEventTest.php"><error line="" message="Class PHPUnit\Framework\TestCase not found and could not be autoloaded." severity="error"/><error line="12" message="Class PHPUnit\Framework\TestCase not found and could not be autoloaded." severity="error"/></file><file name="modules/contrib/feeds/tests/src/Unit/Event/EventBaseTest.php"><error line="" message="Class PHPUnit\Framework\TestCase not found and could not be autoloaded." severity="error"/><error line="11" message="Class PHPUnit\Framework\TestCase not found and could not be autoloaded." severity="error"/></file><file name="modules/contrib/feeds/tests/src/Unit/Event/EventDispatcherTraitTest.php"><error line="" message="Class PHPUnit\Framework\TestCase not found and could not be autoloaded." severity="error"/><error line="13" message="Class PHPUnit\Framework\TestCase not found and could not be autoloaded." severity="error"/></file><file name="modules/contrib/feeds/tests/src/Unit/Event/FetchEventTest.php"><error line="" message="Class PHPUnit\Framework\TestCase not found and could not be autoloaded." severity="error"/><error line="12" message="Class PHPUnit\Framework\TestCase not found and could not be autoloaded." severity="error"/></file><file name="modules/contrib/feeds/tests/src/Unit/Event/ParseEventTest.php"><error line="" message="Class PHPUnit\Framework\TestCase not found and could not be autoloaded." severity="error"/><error line="12" message="Class PHPUnit\Framework\TestCase not found and could not be autoloaded." severity="error"/></file><file name="modules/contrib/feeds/tests/src/Unit/Event/ProcessEventTest.php"><error line="" message="Class PHPUnit\Framework\TestCase not found and could not be autoloaded." severity="error"/><error line="14" message="Class PHPUnit\Framework\TestCase not found and could not be autoloaded." severity="error"/></file><file name="modules/contrib/feeds/tests/src/Unit/EventSubscriber/AfterParseBaseTest.php"><error line="" message="Class PHPUnit\Framework\TestCase not found and could not be autoloaded." severity="error"/><error line="19" message="Class PHPUnit\Framework\TestCase not found and could not be autoloaded." severity="error"/></file><file name="modules/contrib/feeds/tests/src/Unit/EventSubscriber/LazySubscriberTest.php"><error line="" message="Class PHPUnit\Framework\TestCase not found and could not be autoloaded." severity="error"/><error line="22" message="Class PHPUnit\Framework\TestCase not found and could not be autoloaded." severity="error"/></file><file name="modules/contrib/feeds/tests/src/Unit/FeedAccessControlHandlerTest.php"><error line="" message="Class PHPUnit\Framework\TestCase not found and could not be autoloaded." severity="error"/><error line="12" message="Class PHPUnit\Framework\TestCase not found and could not be autoloaded." severity="error"/></file><file name="modules/contrib/feeds/tests/src/Unit/FeedClearHandlerTest.php"><error line="" message="Class PHPUnit\Framework\TestCase not found and could not be autoloaded." severity="error"/><error line="15" message="Class PHPUnit\Framework\TestCase not found and could not be autoloaded." severity="error"/></file><file name="modules/contrib/feeds/tests/src/Unit/FeedExpireHandlerTest.php"><error line="" message="Class PHPUnit\Framework\TestCase not found and could not be autoloaded." severity="error"/><error line="17" message="Class PHPUnit\Framework\TestCase not found and could not be autoloaded." severity="error"/></file><file name="modules/contrib/feeds/tests/src/Unit/FeedHandlerBaseTest.php"><error line="" message="Class PHPUnit\Framework\TestCase not found and could not be autoloaded." severity="error"/><error line="14" message="Class PHPUnit\Framework\TestCase not found and could not be autoloaded." severity="error"/></file><file name="modules/contrib/feeds/tests/src/Unit/FeedImportHandlerTest.php"><error line="" message="Class PHPUnit\Framework\TestCase not found and could not be autoloaded." severity="error"/><error line="20" message="Class PHPUnit\Framework\TestCase not found and could not be autoloaded." severity="error"/></file><file name="modules/contrib/feeds/tests/src/Unit/FeedTypeAccessControlHandlerTest.php"><error line="" message="Class PHPUnit\Framework\TestCase not found and could not be autoloaded." severity="error"/><error line="16" message="Class PHPUnit\Framework\TestCase not found and could not be autoloaded." severity="error"/></file><file name="modules/contrib/feeds/tests/src/Unit/Feeds/Fetcher/DirectoryFetcherTest.php"><error line="" message="Class PHPUnit\Framework\TestCase not found and could not be autoloaded." severity="error"/><error line="14" message="Class PHPUnit\Framework\TestCase not found and could not be autoloaded." severity="error"/></file><file name="modules/contrib/feeds/tests/src/Unit/Feeds/Fetcher/Form/DirectoryFetcherFeedFormTest.php"><error line="" message="Class PHPUnit\Framework\TestCase not found and could not be autoloaded." severity="error"/><error line="15" message="Class PHPUnit\Framework\TestCase not found and could not be autoloaded." severity="error"/></file><file name="modules/contrib/feeds/tests/src/Unit/Feeds/Fetcher/Form/DirectoryFetcherFormTest.php"><error line="" message="Class PHPUnit\Framework\TestCase not found and could not be autoloaded." severity="error"/><error line="15" message="Class PHPUnit\Framework\TestCase not found and could not be autoloaded." severity="error"/></file><file name="modules/contrib/feeds/tests/src/Unit/Feeds/Fetcher/Form/HttpFetcherFormTest.php"><error line="" message="Class PHPUnit\Framework\TestCase not found and could not be autoloaded." severity="error"/><error line="14" message="Class PHPUnit\Framework\TestCase not found and could not be autoloaded." severity="error"/></file><file name="modules/contrib/feeds/tests/src/Unit/Feeds/Fetcher/Form/UploadFetcherFeedFormTest.php"><error line="" message="Class PHPUnit\Framework\TestCase not found and could not be autoloaded." severity="error"/><error line="21" message="Class PHPUnit\Framework\TestCase not found and could not be autoloaded." severity="error"/></file><file name="modules/contrib/feeds/tests/src/Unit/Feeds/Fetcher/Form/UploadFetcherFormTest.php"><error line="" message="Class PHPUnit\Framework\TestCase not found and could not be autoloaded." severity="error"/><error line="17" message="Class PHPUnit\Framework\TestCase not found and could not be autoloaded." severity="error"/></file><file name="modules/contrib/feeds/tests/src/Unit/Feeds/Fetcher/HttpFetcherTest.php"><error line="" message="Class PHPUnit\Framework\TestCase not found and could not be autoloaded." severity="error"/><error line="24" message="Class PHPUnit\Framework\TestCase not found and could not be autoloaded." severity="error"/></file><file name="modules/contrib/feeds/tests/src/Unit/Feeds/Fetcher/UploadFetcherTest.php"><error line="" message="Class PHPUnit\Framework\TestCase not found and could not be autoloaded." severity="error"/><error line="18" message="Class PHPUnit\Framework\TestCase not found and could not be autoloaded." severity="error"/></file><file name="modules/contrib/feeds/tests/src/Unit/Feeds/Item/BaseItemTest.php"><error line="" message="Class PHPUnit\Framework\TestCase not found and could not be autoloaded." severity="error"/><error line="11" message="Class PHPUnit\Framework\TestCase not found and could not be autoloaded." severity="error"/></file><file name="modules/contrib/feeds/tests/src/Unit/Feeds/Item/DynamicItemTest.php"><error line="" message="Class PHPUnit\Framework\TestCase not found and could not be autoloaded." severity="error"/><error line="11" message="Class PHPUnit\Framework\TestCase not found and could not be autoloaded." severity="error"/></file><file name="modules/contrib/feeds/tests/src/Unit/Feeds/Item/ItemTestBase.php"><error line="" message="Class PHPUnit\Framework\TestCase not found and could not be autoloaded." severity="error"/><error line="11" message="Class PHPUnit\Framework\TestCase not found and could not be autoloaded." severity="error"/></file><file name="modules/contrib/feeds/tests/src/Unit/Feeds/Parser/CsvParserTest.php"><error line="" message="Class PHPUnit\Framework\TestCase not found and could not be autoloaded." severity="error"/><error line="17" message="Class PHPUnit\Framework\TestCase not found and could not be autoloaded." severity="error"/></file><file name="modules/contrib/feeds/tests/src/Unit/Feeds/Parser/Form/CsvParserFeedFormTest.php"><error line="" message="Class PHPUnit\Framework\TestCase not found and could not be autoloaded." severity="error"/><error line="15" message="Class PHPUnit\Framework\TestCase not found and could not be autoloaded." severity="error"/></file><file name="modules/contrib/feeds/tests/src/Unit/Feeds/Parser/Form/CsvParserFormTest.php"><error line="" message="Class PHPUnit\Framework\TestCase not found and could not be autoloaded." severity="error"/><error line="14" message="Class PHPUnit\Framework\TestCase not found and could not be autoloaded." severity="error"/></file><file name="modules/contrib/feeds/tests/src/Unit/Feeds/Parser/OpmlParserTest.php"><error line="" message="Class PHPUnit\Framework\TestCase not found and could not be autoloaded." severity="error"/><error line="13" message="Class PHPUnit\Framework\TestCase not found and could not be autoloaded." severity="error"/></file><file name="modules/contrib/feeds/tests/src/Unit/Feeds/Parser/SitemapParserTest.php"><error line="" message="Class PHPUnit\Framework\TestCase not found and could not be autoloaded." severity="error"/><error line="14" message="Class PHPUnit\Framework\TestCase not found and could not be autoloaded." severity="error"/></file><file name="modules/contrib/feeds/tests/src/Unit/Feeds/Parser/SyndicationParserTest.php"><error line="" message="Class PHPUnit\Framework\TestCase not found and could not be autoloaded." severity="error"/><error line="17" message="Class PHPUnit\Framework\TestCase not found and could not be autoloaded." severity="error"/></file><file name="modules/contrib/feeds/tests/src/Unit/Feeds/Target/BooleanTest.php"><error line="" message="Class PHPUnit\Framework\TestCase not found and could not be autoloaded." severity="error"/><error line="12" message="Class PHPUnit\Framework\TestCase not found and could not be autoloaded." severity="error"/></file><file name="modules/contrib/feeds/tests/src/Unit/Feeds/Target/DateRangeTest.php"><error line="" message="Class PHPUnit\Framework\TestCase not found and could not be autoloaded." severity="error"/><error line="12" message="Class PHPUnit\Framework\TestCase not found and could not be autoloaded." severity="error"/></file><file name="modules/contrib/feeds/tests/src/Unit/Feeds/Target/DateTimeTest.php"><error line="" message="Class PHPUnit\Framework\TestCase not found and could not be autoloaded." severity="error"/><error line="13" message="Class PHPUnit\Framework\TestCase not found and could not be autoloaded." severity="error"/></file><file name="modules/contrib/feeds/tests/src/Unit/Feeds/Target/EmailTest.php"><error line="" message="Class PHPUnit\Framework\TestCase not found and could not be autoloaded." severity="error"/><error line="11" message="Class PHPUnit\Framework\TestCase not found and could not be autoloaded." severity="error"/></file><file name="modules/contrib/feeds/tests/src/Unit/Feeds/Target/EntityReferenceTest.php"><error line="" message="Class PHPUnit\Framework\TestCase not found and could not be autoloaded." severity="error"/><error line="21" message="Class PHPUnit\Framework\TestCase not found and could not be autoloaded." severity="error"/></file><file name="modules/contrib/feeds/tests/src/Unit/Feeds/Target/FeedsItemTest.php"><error line="" message="Class PHPUnit\Framework\TestCase not found and could not be autoloaded." severity="error"/><error line="11" message="Class PHPUnit\Framework\TestCase not found and could not be autoloaded." severity="error"/></file><file name="modules/contrib/feeds/tests/src/Unit/Feeds/Target/FieldTargetTestBase.php"><error line="" message="Class PHPUnit\Framework\TestCase not found and could not be autoloaded." severity="error"/><error line="11" message="Class PHPUnit\Framework\TestCase not found and could not be autoloaded." severity="error"/></file><file name="modules/contrib/feeds/tests/src/Unit/Feeds/Target/FieldTargetWithContainerTestBase.php"><error line="" message="Class PHPUnit\Framework\TestCase not found and could not be autoloaded." severity="error"/><error line="12" message="Class PHPUnit\Framework\TestCase not found and could not be autoloaded." severity="error"/></file><file name="modules/contrib/feeds/tests/src/Unit/Feeds/Target/FileTest.php"><error line="" message="Class PHPUnit\Framework\TestCase not found and could not be autoloaded." severity="error"/><error line="19" message="Class PHPUnit\Framework\TestCase not found and could not be autoloaded." severity="error"/></file><file name="modules/contrib/feeds/tests/src/Unit/Feeds/Target/ImageTest.php"><error line="" message="Class PHPUnit\Framework\TestCase not found and could not be autoloaded." severity="error"/><error line="11" message="Class PHPUnit\Framework\TestCase not found and could not be autoloaded." severity="error"/></file><file name="modules/contrib/feeds/tests/src/Unit/Feeds/Target/IntegerTest.php"><error line="" message="Class PHPUnit\Framework\TestCase not found and could not be autoloaded." severity="error"/><error line="11" message="Class PHPUnit\Framework\TestCase not found and could not be autoloaded." severity="error"/></file><file name="modules/contrib/feeds/tests/src/Unit/Feeds/Target/LinkTest.php"><error line="" message="Class PHPUnit\Framework\TestCase not found and could not be autoloaded." severity="error"/><error line="11" message="Class PHPUnit\Framework\TestCase not found and could not be autoloaded." severity="error"/></file><file name="modules/contrib/feeds/tests/src/Unit/Feeds/Target/NumberTest.php"><error line="" message="Class PHPUnit\Framework\TestCase not found and could not be autoloaded." severity="error"/><error line="11" message="Class PHPUnit\Framework\TestCase not found and could not be autoloaded." severity="error"/></file><file name="modules/contrib/feeds/tests/src/Unit/Feeds/Target/PathTest.php"><error line="" message="Class PHPUnit\Framework\TestCase not found and could not be autoloaded." severity="error"/><error line="11" message="Class PHPUnit\Framework\TestCase not found and could not be autoloaded." severity="error"/></file><file name="modules/contrib/feeds/tests/src/Unit/Feeds/Target/StringTargetTest.php"><error line="" message="Class PHPUnit\Framework\TestCase not found and could not be autoloaded." severity="error"/><error line="11" message="Class PHPUnit\Framework\TestCase not found and could not be autoloaded." severity="error"/></file><file name="modules/contrib/feeds/tests/src/Unit/Feeds/Target/TelephoneTest.php"><error line="" message="Class PHPUnit\Framework\TestCase not found and could not be autoloaded." severity="error"/><error line="11" message="Class PHPUnit\Framework\TestCase not found and could not be autoloaded." severity="error"/></file><file name="modules/contrib/feeds/tests/src/Unit/Feeds/Target/TextTest.php"><error line="" message="Class PHPUnit\Framework\TestCase not found and could not be autoloaded." severity="error"/><error line="13" message="Class PHPUnit\Framework\TestCase not found and could not be autoloaded." severity="error"/></file><file name="modules/contrib/feeds/tests/src/Unit/Feeds/Target/TimestampTest.php"><error line="" message="Class PHPUnit\Framework\TestCase not found and could not be autoloaded." severity="error"/><error line="11" message="Class PHPUnit\Framework\TestCase not found and could not be autoloaded." severity="error"/></file><file name="modules/contrib/feeds/tests/src/Unit/Feeds/Target/UriTest.php"><error line="" message="Class PHPUnit\Framework\TestCase not found and could not be autoloaded." severity="error"/><error line="11" message="Class PHPUnit\Framework\TestCase not found and could not be autoloaded." severity="error"/></file><file name="modules/contrib/feeds/tests/src/Unit/FeedsUnitTestCase.php"><error line="" message="Class PHPUnit\Framework\TestCase not found and could not be autoloaded." severity="error"/><error line="14" message="Class PHPUnit\Framework\TestCase not found and could not be autoloaded." severity="error"/></file><file name="modules/contrib/feeds/tests/src/Unit/Plugin/QueueWorker/FeedQueueWorkerBaseTest.php"><error line="" message="Class PHPUnit\Framework\TestCase not found and could not be autoloaded." severity="error"/><error line="15" message="Class PHPUnit\Framework\TestCase not found and could not be autoloaded." severity="error"/></file><file name="modules/contrib/feeds/tests/src/Unit/Plugin/QueueWorker/FeedRefreshTest.php"><error line="" message="Class PHPUnit\Framework\TestCase not found and could not be autoloaded." severity="error"/><error line="23" message="Class PHPUnit\Framework\TestCase not found and could not be autoloaded." severity="error"/></file><file name="modules/contrib/feeds/tests/src/Unit/Result/FetcherResultTest.php"><error line="" message="Class PHPUnit\Framework\TestCase not found and could not be autoloaded." severity="error"/><error line="12" message="Class PHPUnit\Framework\TestCase not found and could not be autoloaded." severity="error"/></file><file name="modules/contrib/feeds/tests/src/Unit/Result/ParserResultTest.php"><error line="" message="Class PHPUnit\Framework\TestCase not found and could not be autoloaded." severity="error"/><error line="13" message="Class PHPUnit\Framework\TestCase not found and could not be autoloaded." severity="error"/></file><file name="modules/contrib/feeds/tests/src/Unit/Result/RawFetcherResultTest.php"><error line="" message="Class PHPUnit\Framework\TestCase not found and could not be autoloaded." severity="error"/><error line="12" message="Class PHPUnit\Framework\TestCase not found and could not be autoloaded." severity="error"/></file><file name="modules/contrib/feeds/tests/src/Unit/StateTest.php"><error line="" message="Class PHPUnit\Framework\TestCase not found and could not be autoloaded." severity="error"/><error line="12" message="Class PHPUnit\Framework\TestCase not found and could not be autoloaded." severity="error"/></file><file name="modules/contrib/feeds/tests/src/Unit/TargetDefinitionTest.php"><error line="" message="Class PHPUnit\Framework\TestCase not found and could not be autoloaded." severity="error"/><error line="11" message="Class PHPUnit\Framework\TestCase not found and could not be autoloaded." severity="error"/></file><file name="modules/contrib/feeds/tests/src/Unit/Zend/Extension/Georss/EntryTest.php"><error line="" message="Class PHPUnit\Framework\TestCase not found and could not be autoloaded." severity="error"/><error line="12" message="Class PHPUnit\Framework\TestCase not found and could not be autoloaded." severity="error"/></file><file name="modules/contrib/feeds/feeds.info.yml"><error line="0" message="Add &lt;code&gt;core_version_requirement: ^8 || ^9&lt;/code&gt; to feeds.info.yml to designate that the module is compatible with Drupal 9. See https://www.drupal.org/node/3070687." severity="error"/></file></checkstyle>

