<?xml version="1.0"?>
<checkstyle><file name="modules/contrib/field_permissions/src/Controller/FieldPermissionsController.php"><error line="98" message="Call to deprecated method getList() of class Drupal\field_permissions\FieldPermissionsServiceInterface:&#10;This function will be removed before 8.x-1.0" severity="error"/><error line="148" message="Call to deprecated method getPermissionsByRole() of class Drupal\field_permissions\FieldPermissionsServiceInterface:&#10;This function will be removed before 8.x-1.0" severity="error"/></file><file name="modules/contrib/field_permissions/src/Plugin/FieldPermissionType/CustomAccess.php"><error line="106" message="Call to deprecated method getList() of class Drupal\field_permissions\FieldPermissionsService:&#10;This function will be removed before 8.x-1.0" severity="error"/></file><file name="modules/contrib/field_permissions/tests/src/Functional/FieldPermissionsCommentTest.php"><error line="" message="Class PHPUnit\Framework\TestCase not found and could not be autoloaded." severity="error"/><error line="13" message="Class PHPUnit\Framework\TestCase not found and could not be autoloaded." severity="error"/></file><file name="modules/contrib/field_permissions/tests/src/Functional/FieldPermissionsNodeTest.php"><error line="" message="Class PHPUnit\Framework\TestCase not found and could not be autoloaded." severity="error"/><error line="13" message="Class PHPUnit\Framework\TestCase not found and could not be autoloaded." severity="error"/></file><file name="modules/contrib/field_permissions/tests/src/Functional/FieldPermissionsTestBase.php"><error line="" message="Class PHPUnit\Framework\TestCase not found and could not be autoloaded." severity="error"/><error line="11" message="Class PHPUnit\Framework\TestCase not found and could not be autoloaded." severity="error"/></file><file name="modules/contrib/field_permissions/tests/src/Functional/FieldPermissionsUserTest.php"><error line="" message="Class PHPUnit\Framework\TestCase not found and could not be autoloaded." severity="error"/><error line="16" message="Class PHPUnit\Framework\TestCase not found and could not be autoloaded." severity="error"/></file><file name="modules/contrib/field_permissions/tests/src/Functional/FieldReportTest.php"><error line="" message="Class PHPUnit\Framework\TestCase not found and could not be autoloaded." severity="error"/><error line="17" message="Class PHPUnit\Framework\TestCase not found and could not be autoloaded." severity="error"/></file><file name="modules/contrib/field_permissions/tests/src/Kernel/Plugin/FieldPermissionType/ManagerTest.php"><error line="" message="Class PHPUnit\Framework\TestCase not found and could not be autoloaded." severity="error"/><error line="17" message="Class PHPUnit\Framework\TestCase not found and could not be autoloaded." severity="error"/></file><file name="modules/contrib/field_permissions/tests/src/Kernel/ViewsFieldAccessTest.php"><error line="" message="Class PHPUnit\Framework\TestCase not found and could not be autoloaded." severity="error"/><error line="26" message="Class PHPUnit\Framework\TestCase not found and could not be autoloaded." severity="error"/></file><file name="modules/contrib/field_permissions/tests/src/Unit/FieldPermissionsServiceTest.php"><error line="" message="Class PHPUnit\Framework\TestCase not found and could not be autoloaded." severity="error"/><error line="25" message="Class PHPUnit\Framework\TestCase not found and could not be autoloaded." severity="error"/></file><file name="modules/contrib/field_permissions/tests/src/Unit/Plugin/FieldPermissionType/CustomAccessTest.php"><error line="" message="Class PHPUnit\Framework\TestCase not found and could not be autoloaded." severity="error"/><error line="20" message="Class PHPUnit\Framework\TestCase not found and could not be autoloaded." severity="error"/></file><file name="modules/contrib/field_permissions/tests/src/Unit/Plugin/FieldPermissionType/PrivateAccessTest.php"><error line="" message="Class PHPUnit\Framework\TestCase not found and could not be autoloaded." severity="error"/><error line="20" message="Class PHPUnit\Framework\TestCase not found and could not be autoloaded." severity="error"/></file><file name="modules/contrib/field_permissions/field_permissions.info.yml"><error line="0" message="Add &lt;code&gt;core_version_requirement: ^8 || ^9&lt;/code&gt; to field_permissions.info.yml to designate that the module is compatible with Drupal 9. See https://www.drupal.org/node/3070687." severity="error"/></file></checkstyle>

