<?xml version="1.0"?>
<checkstyle><file name="modules/contrib/gopay/src/Controller/GoPayController.php"><error line="133" message="Call to deprecated function drupal_set_message(). Deprecated in drupal:8.5.0 and is removed from drupal:9.0.0.&#10;Use \Drupal\Core\Messenger\MessengerInterface::addMessage() instead." severity="error"/><error line="138" message="Call to deprecated function drupal_set_message(). Deprecated in drupal:8.5.0 and is removed from drupal:9.0.0.&#10;Use \Drupal\Core\Messenger\MessengerInterface::addMessage() instead." severity="error"/></file><file name="modules/contrib/gopay/tests/src/Unit/Item/ItemTest.php"><error line="82" message="Call to deprecated method setExpectedException() of class Drupal\Tests\UnitTestCase. Deprecated in drupal:8.8.0 and is removed from drupal:9.0.0.&#10;Backward compatibility for PHPUnit 4 will no longer be supported." severity="error"/><error line="92" message="Call to deprecated method setExpectedException() of class Drupal\Tests\UnitTestCase. Deprecated in drupal:8.8.0 and is removed from drupal:9.0.0.&#10;Backward compatibility for PHPUnit 4 will no longer be supported." severity="error"/></file><file name="modules/contrib/gopay/tests/src/Unit/Payment/StandardPaymentTest.php"><error line="210" message="Call to deprecated method setExpectedException() of class Drupal\Tests\UnitTestCase. Deprecated in drupal:8.8.0 and is removed from drupal:9.0.0.&#10;Backward compatibility for PHPUnit 4 will no longer be supported." severity="error"/><error line="220" message="Call to deprecated method setExpectedException() of class Drupal\Tests\UnitTestCase. Deprecated in drupal:8.8.0 and is removed from drupal:9.0.0.&#10;Backward compatibility for PHPUnit 4 will no longer be supported." severity="error"/></file><file name="modules/contrib/gopay/gopay.info.yml"><error line="0" message="Add &lt;code&gt;core_version_requirement: ^8 || ^9&lt;/code&gt; to gopay.info.yml to designate that the module is compatible with Drupal 9. See https://www.drupal.org/node/3070687." severity="error"/></file><file name="modules/contrib/gopay/composer.json"><error line="0" message="A drupal/core requirement is not present in composer.json. Having a composer.json is not a requirement for Drupal 9 compatibility but if there is one, it should include a drupal/core requirement." severity="error"/></file></checkstyle>

