<?xml version="1.0"?>
<checkstyle><file name="modules/contrib/ldap_sso/tests/src/Functional/LdapSsoBrowserTests.php"><error line="" message="Class Drupal\Tests\ldap_sso\Browser\LdapSsoBrowserTests was not found while trying to analyse it - autoloading is probably not configured properly." severity="error"/></file><file name="modules/contrib/ldap_sso/ldap_sso.info.yml"><error line="0" message="Add &lt;code&gt;core_version_requirement: ^8 || ^9&lt;/code&gt; to ldap_sso.info.yml to designate that the module is compatible with Drupal 9. See https://www.drupal.org/node/3070687." severity="error"/></file><file name="modules/contrib/ldap_sso/composer.json"><error line="0" message="A drupal/core requirement is not present in composer.json. Having a composer.json is not a requirement for Drupal 9 compatibility but if there is one, it should include a drupal/core requirement." severity="error"/></file></checkstyle>

