<?xml version="1.0"?>
<checkstyle><file name="modules/contrib/lightning_core/modules/acquia_telemetry/tests/src/Kernel/HooksTest.php"><error line="" message="Class PHPUnit\Framework\TestCase not found and could not be autoloaded." severity="error"/><error line="13" message="Class PHPUnit\Framework\TestCase not found and could not be autoloaded." severity="error"/></file><file name="modules/contrib/lightning_core/modules/acquia_telemetry/tests/src/Kernel/TelemetryTest.php"><error line="" message="Class PHPUnit\Framework\TestCase not found and could not be autoloaded." severity="error"/><error line="18" message="Class PHPUnit\Framework\TestCase not found and could not be autoloaded." severity="error"/></file><file name="modules/contrib/lightning_core/modules/lightning_contact_form/tests/src/Functional/InstallTest.php"><error line="" message="Class PHPUnit\Framework\TestCase not found and could not be autoloaded." severity="error"/><error line="12" message="Class PHPUnit\Framework\TestCase not found and could not be autoloaded." severity="error"/></file><file name="modules/contrib/lightning_core/modules/lightning_page/tests/src/Functional/PathautoPatternTest.php"><error line="" message="Class PHPUnit\Framework\TestCase not found and could not be autoloaded." severity="error"/><error line="14" message="Class PHPUnit\Framework\TestCase not found and could not be autoloaded." severity="error"/></file><file name="modules/contrib/lightning_core/modules/lightning_page/tests/src/Kernel/InstallTest.php"><error line="" message="Class PHPUnit\Framework\TestCase not found and could not be autoloaded." severity="error"/><error line="15" message="Class PHPUnit\Framework\TestCase not found and could not be autoloaded." severity="error"/></file><file name="modules/contrib/lightning_core/modules/lightning_roles/src/ContentRoleManager.php"><error line="35" message="Parameter $entity_query of method Drupal\lightning_roles\ContentRoleManager::__construct() has typehint with deprecated class Drupal\Core\Entity\Query\QueryFactory. Deprecated in drupal:8.3.0 and is removed from drupal:9.0.0. Use&#10;\Drupal\Core\Entity\EntityStorageInterface::getQuery() or&#10;\Drupal\Core\Entity\EntityStorageInterface::getAggregateQuery() instead." severity="error"/></file><file name="modules/contrib/lightning_core/modules/lightning_roles/tests/src/Functional/ContentOverviewTest.php"><error line="" message="Class PHPUnit\Framework\TestCase not found and could not be autoloaded." severity="error"/><error line="13" message="Class PHPUnit\Framework\TestCase not found and could not be autoloaded." severity="error"/></file><file name="modules/contrib/lightning_core/modules/lightning_roles/tests/src/Functional/ContentRoleFormTest.php"><error line="" message="Class PHPUnit\Framework\TestCase not found and could not be autoloaded." severity="error"/><error line="13" message="Class PHPUnit\Framework\TestCase not found and could not be autoloaded." severity="error"/></file><file name="modules/contrib/lightning_core/modules/lightning_roles/tests/src/Kernel/ContentRoleTest.php"><error line="" message="Class PHPUnit\Framework\TestCase not found and could not be autoloaded." severity="error"/><error line="14" message="Class PHPUnit\Framework\TestCase not found and could not be autoloaded." severity="error"/></file><file name="modules/contrib/lightning_core/modules/lightning_search/tests/src/Functional/SearchTest.php"><error line="" message="Class PHPUnit\Framework\TestCase not found and could not be autoloaded." severity="error"/><error line="15" message="Class PHPUnit\Framework\TestCase not found and could not be autoloaded." severity="error"/></file><file name="modules/contrib/lightning_core/src/Command/UpdateCommand.php"><error line="" message="Class Drupal\Console\Core\Command\Command not found and could not be autoloaded." severity="error"/><error line="14" message="Class Drupal\Console\Core\Command\Command not found and could not be autoloaded." severity="error"/></file><file name="modules/contrib/lightning_core/tests/src/Functional/ConfigEntityDescriptionTest.php"><error line="" message="Class PHPUnit\Framework\TestCase not found and could not be autoloaded." severity="error"/><error line="10" message="Class PHPUnit\Framework\TestCase not found and could not be autoloaded." severity="error"/></file><file name="modules/contrib/lightning_core/tests/src/Functional/RevisionUiTest.php"><error line="" message="Class PHPUnit\Framework\TestCase not found and could not be autoloaded." severity="error"/><error line="11" message="Class PHPUnit\Framework\TestCase not found and could not be autoloaded." severity="error"/></file><file name="modules/contrib/lightning_core/tests/src/Functional/Update/Update8006Test.php"><error line="" message="Class PHPUnit\Framework\TestCase not found and could not be autoloaded." severity="error"/><error line="11" message="Class PHPUnit\Framework\TestCase not found and could not be autoloaded." severity="error"/></file><file name="modules/contrib/lightning_core/tests/src/Kernel/Access/AdministrativeRoleCheckTest.php"><error line="" message="Class PHPUnit\Framework\TestCase not found and could not be autoloaded." severity="error"/><error line="17" message="Class PHPUnit\Framework\TestCase not found and could not be autoloaded." severity="error"/></file><file name="modules/contrib/lightning_core/tests/src/Kernel/EntityDescriptionTest.php"><error line="" message="Class PHPUnit\Framework\TestCase not found and could not be autoloaded." severity="error"/><error line="13" message="Class PHPUnit\Framework\TestCase not found and could not be autoloaded." severity="error"/></file><file name="modules/contrib/lightning_core/tests/src/Kernel/HooksTest.php"><error line="" message="Class PHPUnit\Framework\TestCase not found and could not be autoloaded." severity="error"/><error line="12" message="Class PHPUnit\Framework\TestCase not found and could not be autoloaded." severity="error"/></file><file name="modules/contrib/lightning_core/tests/src/Kernel/Update/Update360Test.php"><error line="" message="Class PHPUnit\Framework\TestCase not found and could not be autoloaded." severity="error"/><error line="16" message="Class PHPUnit\Framework\TestCase not found and could not be autoloaded." severity="error"/></file><file name="modules/contrib/lightning_core/tests/src/Kernel/Update/Update8006Test.php"><error line="" message="Class PHPUnit\Framework\TestCase not found and could not be autoloaded." severity="error"/><error line="11" message="Class PHPUnit\Framework\TestCase not found and could not be autoloaded." severity="error"/></file><file name="modules/contrib/lightning_core/tests/src/Kernel/Update/Update8007Test.php"><error line="" message="Class PHPUnit\Framework\TestCase not found and could not be autoloaded." severity="error"/><error line="10" message="Class PHPUnit\Framework\TestCase not found and could not be autoloaded." severity="error"/></file><file name="modules/contrib/lightning_core/tests/src/Kernel/UpdateManagerTest.php"><error line="" message="Class PHPUnit\Framework\TestCase not found and could not be autoloaded." severity="error"/><error line="15" message="Class PHPUnit\Framework\TestCase not found and could not be autoloaded." severity="error"/></file><file name="modules/contrib/lightning_core/lightning_core.info.yml"><error line="0" message="Add &lt;code&gt;core_version_requirement: ^8 || ^9&lt;/code&gt; to lightning_core.info.yml to designate that the module is compatible with Drupal 9. See https://www.drupal.org/node/3070687." severity="error"/></file></checkstyle>

