<?xml version="1.0"?>
<checkstyle><file name="modules/contrib/m4032404/src/Tests/M4032404TestCaseTest.php"><error line="12" message="Class Drupal\m4032404\Tests\M4032404TestCaseTest extends deprecated class Drupal\simpletest\WebTestBase. Deprecated in drupal:8.8.0 and is removed from drupal:9.0.0. Instead,&#10;use \Drupal\Tests\BrowserTestBase. See https://www.drupal.org/node/3030340. Replacement available from drupal:8.6.0." severity="error"/><error line="30" message="Call to method setUp() of deprecated class Drupal\simpletest\WebTestBase. Deprecated in drupal:8.8.0 and is removed from drupal:9.0.0. Instead,&#10;use \Drupal\Tests\BrowserTestBase. See https://www.drupal.org/node/3030340. Replacement available from drupal:8.6.0." severity="error"/></file><file name="modules/contrib/m4032404/tests/src/Unit/EventSubscriber/M4032404EventSubscriberTest.php"><error line="63" message="Call to deprecated method getMock() of class Drupal\Tests\UnitTestCase. Deprecated in drupal:8.5.0 and is removed from drupal:9.0.0.&#10;Use \Drupal\Tests\PhpunitCompatibilityTrait::createMock() instead." severity="error"/></file><file name="modules/contrib/m4032404/m4032404.info.yml"><error line="0" message="Add &lt;code&gt;core_version_requirement: ^8 || ^9&lt;/code&gt; to m4032404.info.yml to designate that the module is compatible with Drupal 9. See https://www.drupal.org/node/3070687." severity="error"/></file><file name="modules/contrib/m4032404/composer.json"><error line="0" message="A drupal/core requirement is not present in composer.json. Having a composer.json is not a requirement for Drupal 9 compatibility but if there is one, it should include a drupal/core requirement." severity="error"/></file></checkstyle>

