<?xml version="1.0"?>
<checkstyle><file name="modules/contrib/php/src/Tests/PhpFilterTest.php"><error line="17" message="Call to deprecated function entity_load(). Deprecated in drupal:8.0.0 and is removed from drupal:9.0.0. Use the&#10;entity type storage's load() method." severity="error"/><error line="38" message="Call to deprecated method link() of class Drupal\Core\Entity\EntityInterface. Deprecated in drupal:8.0.0 and is removed from drupal:9.0.0.&#10;Use \Drupal\Core\EntityInterface::toLink()-&gt;toString() instead." severity="error"/></file><file name="modules/contrib/php/src/Tests/PhpTestBase.php"><error line="13" message="Class Drupal\php\Tests\PhpTestBase extends deprecated class Drupal\simpletest\WebTestBase. Deprecated in drupal:8.8.0 and is removed from drupal:9.0.0. Instead,&#10;use \Drupal\Tests\BrowserTestBase. See https://www.drupal.org/node/3030340. Replacement available from drupal:8.6.0." severity="error"/><error line="28" message="Call to method setUp() of deprecated class Drupal\simpletest\WebTestBase. Deprecated in drupal:8.8.0 and is removed from drupal:9.0.0. Instead,&#10;use \Drupal\Tests\BrowserTestBase. See https://www.drupal.org/node/3030340. Replacement available from drupal:8.6.0." severity="error"/></file><file name="modules/contrib/php/src/Tests/PhpUninstallTest.php"><error line="12" message="Class Drupal\php\Tests\PhpUninstallTest extends deprecated class Drupal\simpletest\WebTestBase. Deprecated in drupal:8.8.0 and is removed from drupal:9.0.0. Instead,&#10;use \Drupal\Tests\BrowserTestBase. See https://www.drupal.org/node/3030340. Replacement available from drupal:8.6.0." severity="error"/><error line="25" message="Call to method setUp() of deprecated class Drupal\simpletest\WebTestBase. Deprecated in drupal:8.8.0 and is removed from drupal:9.0.0. Instead,&#10;use \Drupal\Tests\BrowserTestBase. See https://www.drupal.org/node/3030340. Replacement available from drupal:8.6.0." severity="error"/></file><file name="modules/contrib/php/src/Tests/Plugin/views/PhpArgumentValidatorTest.php"><error line="16" message="Class Drupal\php\Tests\Plugin\views\PhpArgumentValidatorTest extends deprecated class Drupal\views\Tests\ViewKernelTestBase. Deprecated in drupal:8.0.0 and is removed from drupal:9.0.0. Use&#10;\Drupal\Tests\views\Kernel\ViewsKernelTestBase instead." severity="error"/><error line="36" message="Call to method setUp() of deprecated class Drupal\views\Tests\ViewKernelTestBase. Deprecated in drupal:8.0.0 and is removed from drupal:9.0.0. Use&#10;\Drupal\Tests\views\Kernel\ViewsKernelTestBase instead." severity="error"/></file><file name="modules/contrib/php/php.info.yml"><error line="0" message="Add &lt;code&gt;core_version_requirement: ^8 || ^9&lt;/code&gt; to php.info.yml to designate that the module is compatible with Drupal 9. See https://www.drupal.org/node/3070687." severity="error"/></file><file name="modules/contrib/php/composer.json"><error line="0" message="The drupal/core requirement is not Drupal 9 compatible. Having a composer.json is not a requirement for Drupal 9 compatibility but if there is one, it should include a drupal/core requirement compatible with Drupal 9." severity="error"/></file></checkstyle>

