<?xml version="1.0"?>
<checkstyle><file name="modules/contrib/rate/src/RateBotDetector.php"><error line="170" message="Call to deprecated function drupal_set_message(). Deprecated in drupal:8.5.0 and is removed from drupal:9.0.0.&#10;Use \Drupal\Core\Messenger\MessengerInterface::addMessage() instead." severity="error"/></file><file name="modules/contrib/rate/tests/src/Functional/NodeFivestarWidgetTest.php"><error line="" message="Class Behat\Mink\WebAssert not found and could not be autoloaded." severity="error"/><error line="22" message="Class Behat\Mink\WebAssert not found and could not be autoloaded." severity="error"/></file><file name="modules/contrib/rate/tests/src/Functional/NodeMultipleWidgetTest.php"><error line="" message="Class Behat\Mink\WebAssert not found and could not be autoloaded." severity="error"/><error line="21" message="Class Behat\Mink\WebAssert not found and could not be autoloaded." severity="error"/></file><file name="modules/contrib/rate/tests/src/Functional/NodeNumberUpDownWidgetTest.php"><error line="" message="Class Behat\Mink\WebAssert not found and could not be autoloaded." severity="error"/><error line="36" message="Class Behat\Mink\WebAssert not found and could not be autoloaded." severity="error"/></file><file name="modules/contrib/rate/tests/src/Functional/NodeThumbsUpDownWidgetTest.php"><error line="" message="Class Behat\Mink\WebAssert not found and could not be autoloaded." severity="error"/><error line="36" message="Class Behat\Mink\WebAssert not found and could not be autoloaded." severity="error"/></file><file name="modules/contrib/rate/tests/src/Functional/NodeThumbsUpWidgetTest.php"><error line="" message="Class Behat\Mink\WebAssert not found and could not be autoloaded." severity="error"/><error line="32" message="Class Behat\Mink\WebAssert not found and could not be autoloaded." severity="error"/></file><file name="modules/contrib/rate/tests/src/Functional/NodeYesNoWidgetTest.php"><error line="" message="Class Behat\Mink\WebAssert not found and could not be autoloaded." severity="error"/><error line="36" message="Class Behat\Mink\WebAssert not found and could not be autoloaded." severity="error"/></file><file name="modules/contrib/rate/tests/src/Functional/RateMultilingualTest.php"><error line="" message="Class Behat\Mink\WebAssert not found and could not be autoloaded." severity="error"/><error line="22" message="Class Behat\Mink\WebAssert not found and could not be autoloaded." severity="error"/></file><file name="modules/contrib/rate/tests/src/Functional/RateNodeWidgetTestBase.php"><error line="" message="Class Behat\Mink\WebAssert not found and could not be autoloaded." severity="error"/><error line="21" message="Class Behat\Mink\WebAssert not found and could not be autoloaded." severity="error"/></file><file name="modules/contrib/rate/tests/src/Functional/RateWidgetTest.php"><error line="" message="Class Behat\Mink\WebAssert not found and could not be autoloaded." severity="error"/><error line="51" message="Call to deprecated function entity_get_display(). Deprecated in drupal:8.8.0 and is removed from drupal:9.0.0. Use&#10;EntityDisplayRepositoryInterface::getViewDisplay() instead." severity="warning"/><error line="86" message="Class Behat\Mink\WebAssert not found and could not be autoloaded." severity="error"/></file><file name="modules/contrib/rate/tests/src/Functional/ViewsFilterTest.php"><error line="" message="Class Behat\Mink\WebAssert not found and could not be autoloaded." severity="error"/><error line="22" message="Class Behat\Mink\WebAssert not found and could not be autoloaded." severity="error"/></file><file name="modules/contrib/rate/tests/src/FunctionalJavascript/NodeFivestarWidgetTest.php"><error line="" message="Class Behat\Mink\WebAssert not found and could not be autoloaded." severity="error"/><error line="22" message="Class Behat\Mink\WebAssert not found and could not be autoloaded." severity="error"/></file><file name="modules/contrib/rate/tests/src/FunctionalJavascript/NodeMultipleWidgetTest.php"><error line="" message="Class Behat\Mink\WebAssert not found and could not be autoloaded." severity="error"/><error line="21" message="Class Behat\Mink\WebAssert not found and could not be autoloaded." severity="error"/></file><file name="modules/contrib/rate/tests/src/FunctionalJavascript/NodeNumberUpDownWidgetTest.php"><error line="" message="Class Behat\Mink\WebAssert not found and could not be autoloaded." severity="error"/><error line="35" message="Class Behat\Mink\WebAssert not found and could not be autoloaded." severity="error"/></file><file name="modules/contrib/rate/tests/src/FunctionalJavascript/NodeThumbsUpDownWidgetTest.php"><error line="" message="Class Behat\Mink\WebAssert not found and could not be autoloaded." severity="error"/><error line="35" message="Class Behat\Mink\WebAssert not found and could not be autoloaded." severity="error"/></file><file name="modules/contrib/rate/tests/src/FunctionalJavascript/NodeThumbsUpWidgetTest.php"><error line="" message="Class Behat\Mink\WebAssert not found and could not be autoloaded." severity="error"/><error line="32" message="Class Behat\Mink\WebAssert not found and could not be autoloaded." severity="error"/></file><file name="modules/contrib/rate/tests/src/FunctionalJavascript/NodeYesNoWidgetTest.php"><error line="" message="Class Behat\Mink\WebAssert not found and could not be autoloaded." severity="error"/><error line="35" message="Class Behat\Mink\WebAssert not found and could not be autoloaded." severity="error"/></file><file name="modules/contrib/rate/tests/src/FunctionalJavascript/RateJavascriptNodeWidgetTestBase.php"><error line="" message="Class Behat\Mink\WebAssert not found and could not be autoloaded." severity="error"/><error line="21" message="Class Behat\Mink\WebAssert not found and could not be autoloaded." severity="error"/></file><file name="modules/contrib/rate/tests/src/FunctionalJavascript/ViewsFivestarWidgetTest.php"><error line="" message="Class Behat\Mink\WebAssert not found and could not be autoloaded." severity="error"/><error line="22" message="Class Behat\Mink\WebAssert not found and could not be autoloaded." severity="error"/></file><file name="modules/contrib/rate/rate.info.yml"><error line="0" message="Add &lt;code&gt;core_version_requirement: ^8 || ^9&lt;/code&gt; to rate.info.yml to designate that the module is compatible with Drupal 9. See https://www.drupal.org/node/3070687." severity="error"/></file><file name="modules/contrib/rate/composer.json"><error line="0" message="A drupal/core requirement is not present in composer.json. Having a composer.json is not a requirement for Drupal 9 compatibility but if there is one, it should include a drupal/core requirement." severity="error"/></file></checkstyle>

