<?xml version="1.0"?>
<checkstyle><file name="modules/contrib/recurly/modules/recurly_hosted/src/Plugin/Derivative/RecurlyHostedLocalTask.php"><error line="44" message="Parameter $entity_manager of method Drupal\recurly_hosted\Plugin\Derivative\RecurlyHostedLocalTask::__construct() has typehint with deprecated interface Drupal\Core\Entity\EntityManagerInterface. Deprecated in drupal:8.0.0 and is removed from drupal:9.0.0." severity="error"/></file><file name="modules/contrib/recurly/modules/recurly_hosted/src/Tests/RecurlyHostedWebTest.php"><error line="12" message="Class Drupal\recurly_hosted\Tests\RecurlyHostedWebTest extends deprecated class Drupal\simpletest\WebTestBase. Deprecated in drupal:8.8.0 and is removed from drupal:9.0.0. Instead,&#10;use \Drupal\Tests\BrowserTestBase. See https://www.drupal.org/node/3030340. Replacement available from drupal:8.6.0." severity="error"/></file><file name="modules/contrib/recurly/modules/recurlyjs/src/Plugin/Derivative/RecurlyJsLocalTask.php"><error line="48" message="Parameter $entity_manager of method Drupal\recurlyjs\Plugin\Derivative\RecurlyJsLocalTask::__construct() has typehint with deprecated interface Drupal\Core\Entity\EntityManagerInterface. Deprecated in drupal:8.0.0 and is removed from drupal:9.0.0." severity="error"/></file><file name="modules/contrib/recurly/modules/recurlyjs/src/Routing/RecurlyJsRouteSubscriber.php"><error line="29" message="Parameter $entity_manager of method Drupal\recurlyjs\Routing\RecurlyJsRouteSubscriber::__construct() has typehint with deprecated interface Drupal\Core\Entity\EntityManagerInterface. Deprecated in drupal:8.0.0 and is removed from drupal:9.0.0." severity="error"/></file><file name="modules/contrib/recurly/modules/recurlyjs/src/Tests/RecurlyJsSettingsFormWebTest.php"><error line="12" message="Class Drupal\recurlyjs\Tests\RecurlyJsSettingsFormWebTest extends deprecated class Drupal\simpletest\WebTestBase. Deprecated in drupal:8.8.0 and is removed from drupal:9.0.0. Instead,&#10;use \Drupal\Tests\BrowserTestBase. See https://www.drupal.org/node/3030340. Replacement available from drupal:8.6.0." severity="error"/><error line="32" message="Call to method setUp() of deprecated class Drupal\simpletest\WebTestBase. Deprecated in drupal:8.8.0 and is removed from drupal:9.0.0. Instead,&#10;use \Drupal\Tests\BrowserTestBase. See https://www.drupal.org/node/3030340. Replacement available from drupal:8.6.0." severity="error"/></file><file name="modules/contrib/recurly/src/RecurlyPagerManager.php"><error line="44" message="Call to deprecated function pager_default_initialize(). Deprecated in drupal:8.8.0 and is removed from drupal:9.0.0. Use&#10;\Drupal\Core\Pager\PagerManagerInterface-&gt;defaultInitialize() instead." severity="warning"/></file><file name="modules/contrib/recurly/src/Routing/RecurlyRouteSubscriber.php"><error line="60" message="Parameter $entity_manager of method Drupal\recurly\Routing\RecurlyRouteSubscriber::__construct() has typehint with deprecated interface Drupal\Core\Entity\EntityManagerInterface. Deprecated in drupal:8.0.0 and is removed from drupal:9.0.0." severity="error"/></file><file name="modules/contrib/recurly/src/Tests/RecurlySettingsFormWebTest.php"><error line="12" message="Class Drupal\recurly\Tests\RecurlySettingsFormWebTest extends deprecated class Drupal\simpletest\WebTestBase. Deprecated in drupal:8.8.0 and is removed from drupal:9.0.0. Instead,&#10;use \Drupal\Tests\BrowserTestBase. See https://www.drupal.org/node/3030340. Replacement available from drupal:8.6.0." severity="error"/><error line="32" message="Call to method setUp() of deprecated class Drupal\simpletest\WebTestBase. Deprecated in drupal:8.8.0 and is removed from drupal:9.0.0. Instead,&#10;use \Drupal\Tests\BrowserTestBase. See https://www.drupal.org/node/3030340. Replacement available from drupal:8.6.0." severity="error"/></file><file name="modules/contrib/recurly/src/Tests/RecurlySubscriptionPlansFormWebTest.php"><error line="13" message="Class Drupal\recurly\Tests\RecurlySubscriptionPlansFormWebTest extends deprecated class Drupal\simpletest\WebTestBase. Deprecated in drupal:8.8.0 and is removed from drupal:9.0.0. Instead,&#10;use \Drupal\Tests\BrowserTestBase. See https://www.drupal.org/node/3030340. Replacement available from drupal:8.6.0." severity="error"/><error line="33" message="Call to method setUp() of deprecated class Drupal\simpletest\WebTestBase. Deprecated in drupal:8.8.0 and is removed from drupal:9.0.0. Instead,&#10;use \Drupal\Tests\BrowserTestBase. See https://www.drupal.org/node/3030340. Replacement available from drupal:8.6.0." severity="error"/></file><file name="modules/contrib/recurly/src/Tests/RecurlySubscriptionSelectPlanControllerWebTest.php"><error line="12" message="Class Drupal\recurly\Tests\RecurlySubscriptionSelectPlanControllerWebTest extends deprecated class Drupal\simpletest\WebTestBase. Deprecated in drupal:8.8.0 and is removed from drupal:9.0.0. Instead,&#10;use \Drupal\Tests\BrowserTestBase. See https://www.drupal.org/node/3030340. Replacement available from drupal:8.6.0." severity="error"/></file><file name="modules/contrib/recurly/src/Tests/RecurlyUserCreateTest.php"><error line="12" message="Class Drupal\recurly\Tests\RecurlyUserCreateTest extends deprecated class Drupal\simpletest\WebTestBase. Deprecated in drupal:8.8.0 and is removed from drupal:9.0.0. Instead,&#10;use \Drupal\Tests\BrowserTestBase. See https://www.drupal.org/node/3030340. Replacement available from drupal:8.6.0." severity="error"/><error line="25" message="Call to method setUp() of deprecated class Drupal\simpletest\WebTestBase. Deprecated in drupal:8.8.0 and is removed from drupal:9.0.0. Instead,&#10;use \Drupal\Tests\BrowserTestBase. See https://www.drupal.org/node/3030340. Replacement available from drupal:8.6.0." severity="error"/></file><file name="modules/contrib/recurly/recurly.info.yml"><error line="0" message="Add &lt;code&gt;core_version_requirement: ^8 || ^9&lt;/code&gt; to recurly.info.yml to designate that the module is compatible with Drupal 9. See https://www.drupal.org/node/3070687." severity="error"/></file><file name="modules/contrib/recurly/composer.json"><error line="0" message="A drupal/core requirement is not present in composer.json. Having a composer.json is not a requirement for Drupal 9 compatibility but if there is one, it should include a drupal/core requirement." severity="error"/></file></checkstyle>

