<?xml version="1.0"?>
<checkstyle><file name="modules/contrib/reroute_email/reroute_email.module"><error line="234" message="Call to deprecated method strtolower() of class Drupal\Component\Utility\Unicode. Deprecated in drupal:8.6.0 and is removed from drupal:9.0.0. Use&#10;mb_strtolower() instead." severity="error"/><error line="252" message="Call to deprecated method strtolower() of class Drupal\Component\Utility\Unicode. Deprecated in drupal:8.6.0 and is removed from drupal:9.0.0. Use&#10;mb_strtolower() instead." severity="error"/></file><file name="modules/contrib/reroute_email/tests/src/Functional/ContactTest.php"><error line="" message="Class PHPUnit\Framework\TestCase not found and could not be autoloaded." severity="error"/><error line="14" message="Class PHPUnit\Framework\TestCase not found and could not be autoloaded." severity="error"/></file><file name="modules/contrib/reroute_email/tests/src/Functional/DefaultAddressesTest.php"><error line="" message="Class PHPUnit\Framework\TestCase not found and could not be autoloaded." severity="error"/><error line="17" message="Class PHPUnit\Framework\TestCase not found and could not be autoloaded." severity="error"/></file><file name="modules/contrib/reroute_email/tests/src/Functional/DomainWhitelistedTest.php"><error line="" message="Class PHPUnit\Framework\TestCase not found and could not be autoloaded." severity="error"/><error line="14" message="Class PHPUnit\Framework\TestCase not found and could not be autoloaded." severity="error"/></file><file name="modules/contrib/reroute_email/tests/src/Functional/MailKeysTest.php"><error line="" message="Class PHPUnit\Framework\TestCase not found and could not be autoloaded." severity="error"/><error line="14" message="Class PHPUnit\Framework\TestCase not found and could not be autoloaded." severity="error"/></file><file name="modules/contrib/reroute_email/tests/src/Functional/MultipleRecipientsTest.php"><error line="" message="Class PHPUnit\Framework\TestCase not found and could not be autoloaded." severity="error"/><error line="14" message="Class PHPUnit\Framework\TestCase not found and could not be autoloaded." severity="error"/></file><file name="modules/contrib/reroute_email/tests/src/Functional/RerouteEmailTestBase.php"><error line="" message="Class PHPUnit\Framework\TestCase not found and could not be autoloaded." severity="error"/><error line="21" message="Class PHPUnit\Framework\TestCase not found and could not be autoloaded." severity="error"/></file><file name="modules/contrib/reroute_email/tests/src/Functional/TestEmailFormTest.php"><error line="" message="Class PHPUnit\Framework\TestCase not found and could not be autoloaded." severity="error"/><error line="14" message="Class PHPUnit\Framework\TestCase not found and could not be autoloaded." severity="error"/></file><file name="modules/contrib/reroute_email/tests/src/Functional/UnusualMessageFieldsTest.php"><error line="" message="Class PHPUnit\Framework\TestCase not found and could not be autoloaded." severity="error"/><error line="17" message="Class PHPUnit\Framework\TestCase not found and could not be autoloaded." severity="error"/></file><file name="modules/contrib/reroute_email/reroute_email.info.yml"><error line="0" message="Add &lt;code&gt;core_version_requirement: ^8 || ^9&lt;/code&gt; to reroute_email.info.yml to designate that the module is compatible with Drupal 9. See https://www.drupal.org/node/3070687." severity="error"/></file></checkstyle>

