<?xml version="1.0"?>
<checkstyle><file name="modules/contrib/rules/rules.drush.inc"><error line="230" message="Call to deprecated function drush_log()." severity="error"/><error line="233" message="Call to deprecated function drush_log()." severity="error"/><error line="253" message="Call to deprecated function drush_log()." severity="error"/><error line="256" message="Call to deprecated function drush_log()." severity="error"/><error line="278" message="Call to deprecated function drush_log()." severity="error"/><error line="300" message="Call to deprecated function drush_log()." severity="error"/></file><file name="modules/contrib/rules/rules_ban/tests/src/Unit/Integration/Action/BanIpTest.php"><error line="" message="Class PHPUnit\Framework\TestCase not found and could not be autoloaded." severity="error"/><error line="14" message="Class PHPUnit\Framework\TestCase not found and could not be autoloaded." severity="error"/></file><file name="modules/contrib/rules/rules_ban/tests/src/Unit/Integration/Action/UnBanIpTest.php"><error line="" message="Class PHPUnit\Framework\TestCase not found and could not be autoloaded." severity="error"/><error line="14" message="Class PHPUnit\Framework\TestCase not found and could not be autoloaded." severity="error"/></file><file name="modules/contrib/rules/rules_ban/tests/src/Unit/Integration/Condition/IpIsBannedTest.php"><error line="" message="Class PHPUnit\Framework\TestCase not found and could not be autoloaded." severity="error"/><error line="15" message="Class PHPUnit\Framework\TestCase not found and could not be autoloaded." severity="error"/></file><file name="modules/contrib/rules/src/Controller/RulesComponentListBuilder.php"><error line="37" message="Call to deprecated method getLabel() of class Drupal\Core\Entity\EntityListBuilder. Deprecated in drupal:8.0.0 and is removed from drupal:9.0.0.&#10;Use $entity-&gt;label() instead. This method used to escape the entity&#10;label. The render system's autoescape is now relied upon." severity="error"/></file><file name="modules/contrib/rules/src/Controller/RulesReactionListBuilder.php"><error line="37" message="Call to deprecated method getLabel() of class Drupal\Core\Entity\EntityListBuilder. Deprecated in drupal:8.0.0 and is removed from drupal:9.0.0.&#10;Use $entity-&gt;label() instead. This method used to escape the entity&#10;label. The render system's autoescape is now relied upon." severity="error"/></file><file name="modules/contrib/rules/src/Core/RulesConfigurableEventHandlerInterface.php"><error line="27" message="Interface Drupal\rules\Core\RulesConfigurableEventHandlerInterface extends deprecated interface Drupal\Component\Plugin\ConfigurablePluginInterface:&#10;Drupal\Component\Plugin\ConfigurablePluginInterface is deprecated&#10;in Drupal 8.7.0 and will be removed before Drupal 9.0.0. You should implement&#10;ConfigurableInterface and/or DependentPluginInterface directly as needed. If&#10;you implement ConfigurableInterface you may choose to implement&#10;ConfigurablePluginInterface in Drupal 8 as well for maximum compatibility,&#10;however this must be removed prior to Drupal 9." severity="error"/></file><file name="modules/contrib/rules/src/Engine/ExpressionInterface.php"><error line="14" message="Interface Drupal\rules\Engine\ExpressionInterface extends deprecated interface Drupal\Component\Plugin\ConfigurablePluginInterface:&#10;Drupal\Component\Plugin\ConfigurablePluginInterface is deprecated&#10;in Drupal 8.7.0 and will be removed before Drupal 9.0.0. You should implement&#10;ConfigurableInterface and/or DependentPluginInterface directly as needed. If&#10;you implement ConfigurableInterface you may choose to implement&#10;ConfigurablePluginInterface in Drupal 8 as well for maximum compatibility,&#10;however this must be removed prior to Drupal 9." severity="error"/></file><file name="modules/contrib/rules/src/Plugin/Condition/PathAliasExists.php"><error line="55" message="Parameter $alias_manager of method Drupal\rules\Plugin\Condition\PathAliasExists::__construct() has typehint with deprecated interface Drupal\Core\Path\AliasManagerInterface. Deprecated in drupal:8.8.0 and is removed from drupal:9.0.0.&#10;Use \Drupal\path_alias\AliasManagerInterface." severity="warning"/></file><file name="modules/contrib/rules/src/Plugin/Condition/PathHasAlias.php"><error line="55" message="Parameter $alias_manager of method Drupal\rules\Plugin\Condition\PathHasAlias::__construct() has typehint with deprecated interface Drupal\Core\Path\AliasManagerInterface. Deprecated in drupal:8.8.0 and is removed from drupal:9.0.0.&#10;Use \Drupal\path_alias\AliasManagerInterface." severity="warning"/></file><file name="modules/contrib/rules/src/Plugin/RulesAction/EntityPathAliasCreate.php"><error line="49" message="Parameter $alias_storage of method Drupal\rules\Plugin\RulesAction\EntityPathAliasCreate::__construct() has typehint with deprecated interface Drupal\Core\Path\AliasStorageInterface:&#10;\Drupal\Core\Path\AliasStorage is deprecated in drupal:8.8.0 and&#10;is removed from drupal:9.0.0. Use the &quot;path_alias.repository&quot; service&#10;instead, or the entity storage handler for the &quot;path_alias&quot; entity type&#10;for CRUD methods." severity="error"/></file><file name="modules/contrib/rules/src/Plugin/RulesAction/PathAliasCreate.php"><error line="59" message="Parameter $alias_storage of method Drupal\rules\Plugin\RulesAction\PathAliasCreate::__construct() has typehint with deprecated interface Drupal\Core\Path\AliasStorageInterface:&#10;\Drupal\Core\Path\AliasStorage is deprecated in drupal:8.8.0 and&#10;is removed from drupal:9.0.0. Use the &quot;path_alias.repository&quot; service&#10;instead, or the entity storage handler for the &quot;path_alias&quot; entity type&#10;for CRUD methods." severity="error"/></file><file name="modules/contrib/rules/src/Plugin/RulesAction/PathAliasDeleteByAlias.php"><error line="48" message="Parameter $alias_storage of method Drupal\rules\Plugin\RulesAction\PathAliasDeleteByAlias::__construct() has typehint with deprecated interface Drupal\Core\Path\AliasStorageInterface:&#10;\Drupal\Core\Path\AliasStorage is deprecated in drupal:8.8.0 and&#10;is removed from drupal:9.0.0. Use the &quot;path_alias.repository&quot; service&#10;instead, or the entity storage handler for the &quot;path_alias&quot; entity type&#10;for CRUD methods." severity="error"/></file><file name="modules/contrib/rules/src/Plugin/RulesAction/PathAliasDeleteByPath.php"><error line="48" message="Parameter $alias_storage of method Drupal\rules\Plugin\RulesAction\PathAliasDeleteByPath::__construct() has typehint with deprecated interface Drupal\Core\Path\AliasStorageInterface:&#10;\Drupal\Core\Path\AliasStorage is deprecated in drupal:8.8.0 and&#10;is removed from drupal:9.0.0. Use the &quot;path_alias.repository&quot; service&#10;instead, or the entity storage handler for the &quot;path_alias&quot; entity type&#10;for CRUD methods." severity="error"/></file><file name="modules/contrib/rules/src/Ui/TempStoreTrait.php (in context of class Drupal\rules\Ui\RulesUiConfigHandler)"><error line="75" message="Return type of method Drupal\rules\Ui\RulesUiConfigHandler::getTempStoreFactory() has typehint with deprecated class Drupal\user\SharedTempStoreFactory. Deprecated in drupal:8.5.0 and is removed from drupal:9.0.0.&#10;Use \Drupal\Core\TempStore\SharedTempStoreFactory instead." severity="error"/><error line="88" message="Parameter $temp_store_factory of method Drupal\rules\Ui\RulesUiConfigHandler::setTempStoreFactory() has typehint with deprecated class Drupal\user\SharedTempStoreFactory. Deprecated in drupal:8.5.0 and is removed from drupal:9.0.0.&#10;Use \Drupal\Core\TempStore\SharedTempStoreFactory instead." severity="error"/><error line="196" message="Return type of method Drupal\rules\Ui\RulesUiConfigHandler::getTempStore() has typehint with deprecated class Drupal\user\SharedTempStore. Deprecated in drupal:8.5.0 and is removed from drupal:9.0.0.&#10;Use \Drupal\Core\TempStore\SharedTempStore instead." severity="error"/></file><file name="modules/contrib/rules/tests/src/Functional/ConfigureAndExecuteTest.php"><error line="" message="Class PHPUnit\Framework\TestCase not found and could not be autoloaded." severity="error"/><error line="10" message="Class PHPUnit\Framework\TestCase not found and could not be autoloaded." severity="error"/></file><file name="modules/contrib/rules/tests/src/Functional/RulesBrowserTestBase.php"><error line="" message="Class PHPUnit\Framework\TestCase not found and could not be autoloaded." severity="error"/><error line="10" message="Class PHPUnit\Framework\TestCase not found and could not be autoloaded." severity="error"/></file><file name="modules/contrib/rules/tests/src/Functional/RulesUiEmbedTest.php"><error line="" message="Class PHPUnit\Framework\TestCase not found and could not be autoloaded." severity="error"/><error line="10" message="Class PHPUnit\Framework\TestCase not found and could not be autoloaded." severity="error"/></file><file name="modules/contrib/rules/tests/src/Functional/TempStorageTest.php"><error line="" message="Class PHPUnit\Framework\TestCase not found and could not be autoloaded." severity="error"/><error line="10" message="Class PHPUnit\Framework\TestCase not found and could not be autoloaded." severity="error"/></file><file name="modules/contrib/rules/tests/src/Functional/UiPageTest.php"><error line="" message="Class PHPUnit\Framework\TestCase not found and could not be autoloaded." severity="error"/><error line="10" message="Class PHPUnit\Framework\TestCase not found and could not be autoloaded." severity="error"/></file><file name="modules/contrib/rules/tests/src/Kernel/ConfigEntityDefaultsTest.php"><error line="" message="Class PHPUnit\Framework\TestCase not found and could not be autoloaded." severity="error"/><error line="10" message="Class PHPUnit\Framework\TestCase not found and could not be autoloaded." severity="error"/></file><file name="modules/contrib/rules/tests/src/Kernel/ConfigEntityTest.php"><error line="" message="Class PHPUnit\Framework\TestCase not found and could not be autoloaded." severity="error"/><error line="14" message="Class PHPUnit\Framework\TestCase not found and could not be autoloaded." severity="error"/></file><file name="modules/contrib/rules/tests/src/Kernel/ConfigSchemaTest.php"><error line="" message="Class PHPUnit\Framework\TestCase not found and could not be autoloaded." severity="error"/><error line="12" message="Class PHPUnit\Framework\TestCase not found and could not be autoloaded." severity="error"/></file><file name="modules/contrib/rules/tests/src/Kernel/ConfigurableEventHandlerTest.php"><error line="" message="Class PHPUnit\Framework\TestCase not found and could not be autoloaded." severity="error"/><error line="16" message="Class PHPUnit\Framework\TestCase not found and could not be autoloaded." severity="error"/></file><file name="modules/contrib/rules/tests/src/Kernel/ContextIntegrationTest.php"><error line="" message="Class PHPUnit\Framework\TestCase not found and could not be autoloaded." severity="error"/><error line="15" message="Class PHPUnit\Framework\TestCase not found and could not be autoloaded." severity="error"/></file><file name="modules/contrib/rules/tests/src/Kernel/CoreIntegrationTest.php"><error line="" message="Class PHPUnit\Framework\TestCase not found and could not be autoloaded." severity="error"/><error line="18" message="Class PHPUnit\Framework\TestCase not found and could not be autoloaded." severity="error"/></file><file name="modules/contrib/rules/tests/src/Kernel/DataProcessorTest.php"><error line="" message="Class PHPUnit\Framework\TestCase not found and could not be autoloaded." severity="error"/><error line="15" message="Class PHPUnit\Framework\TestCase not found and could not be autoloaded." severity="error"/></file><file name="modules/contrib/rules/tests/src/Kernel/Engine/AutocompleteTest.php"><error line="" message="Class PHPUnit\Framework\TestCase not found and could not be autoloaded." severity="error"/><error line="17" message="Class PHPUnit\Framework\TestCase not found and could not be autoloaded." severity="error"/></file><file name="modules/contrib/rules/tests/src/Kernel/Engine/MetadataAssertionTest.php"><error line="" message="Class PHPUnit\Framework\TestCase not found and could not be autoloaded." severity="error"/><error line="17" message="Class PHPUnit\Framework\TestCase not found and could not be autoloaded." severity="error"/></file><file name="modules/contrib/rules/tests/src/Kernel/EntityViewTest.php"><error line="" message="Class PHPUnit\Framework\TestCase not found and could not be autoloaded." severity="error"/><error line="10" message="Class PHPUnit\Framework\TestCase not found and could not be autoloaded." severity="error"/></file><file name="modules/contrib/rules/tests/src/Kernel/EventIntegrationTest.php"><error line="" message="Class PHPUnit\Framework\TestCase not found and could not be autoloaded." severity="error"/><error line="14" message="Class PHPUnit\Framework\TestCase not found and could not be autoloaded." severity="error"/></file><file name="modules/contrib/rules/tests/src/Kernel/RedirectEventSubscriberTest.php"><error line="" message="Class PHPUnit\Framework\TestCase not found and could not be autoloaded." severity="error"/><error line="15" message="Class PHPUnit\Framework\TestCase not found and could not be autoloaded." severity="error"/></file><file name="modules/contrib/rules/tests/src/Kernel/RulesEngineTest.php"><error line="" message="Class PHPUnit\Framework\TestCase not found and could not be autoloaded." severity="error"/><error line="16" message="Class PHPUnit\Framework\TestCase not found and could not be autoloaded." severity="error"/></file><file name="modules/contrib/rules/tests/src/Kernel/RulesKernelTestBase.php"><error line="" message="Class PHPUnit\Framework\TestCase not found and could not be autoloaded." severity="error"/><error line="10" message="Class PHPUnit\Framework\TestCase not found and could not be autoloaded." severity="error"/></file><file name="modules/contrib/rules/tests/src/Kernel/RulesMailTest.php"><error line="" message="Class PHPUnit\Framework\TestCase not found and could not be autoloaded." severity="error"/><error line="10" message="Class PHPUnit\Framework\TestCase not found and could not be autoloaded." severity="error"/></file><file name="modules/contrib/rules/tests/src/Kernel/RulesUiEmbedTest.php"><error line="" message="Class PHPUnit\Framework\TestCase not found and could not be autoloaded." severity="error"/><error line="13" message="Class PHPUnit\Framework\TestCase not found and could not be autoloaded." severity="error"/></file><file name="modules/contrib/rules/tests/src/Kernel/TokenIntegrationTest.php"><error line="" message="Class PHPUnit\Framework\TestCase not found and could not be autoloaded." severity="error"/><error line="15" message="Class PHPUnit\Framework\TestCase not found and could not be autoloaded." severity="error"/></file><file name="modules/contrib/rules/tests/src/Unit/ActionSetExpressionTest.php"><error line="" message="Class PHPUnit\Framework\TestCase not found and could not be autoloaded." severity="error"/><error line="15" message="Class PHPUnit\Framework\TestCase not found and could not be autoloaded." severity="error"/></file><file name="modules/contrib/rules/tests/src/Unit/AndExpressionTest.php"><error line="" message="Class PHPUnit\Framework\TestCase not found and could not be autoloaded." severity="error"/><error line="14" message="Class PHPUnit\Framework\TestCase not found and could not be autoloaded." severity="error"/></file><file name="modules/contrib/rules/tests/src/Unit/ConditionExpressionTest.php"><error line="" message="Class PHPUnit\Framework\TestCase not found and could not be autoloaded." severity="error"/><error line="20" message="Class PHPUnit\Framework\TestCase not found and could not be autoloaded." severity="error"/></file><file name="modules/contrib/rules/tests/src/Unit/ContextHandlerTraitTest.php"><error line="" message="Class PHPUnit\Framework\TestCase not found and could not be autoloaded." severity="error"/><error line="15" message="Class PHPUnit\Framework\TestCase not found and could not be autoloaded." severity="error"/></file><file name="modules/contrib/rules/tests/src/Unit/Integration/Action/DataCalculateValueTest.php"><error line="" message="Class PHPUnit\Framework\TestCase not found and could not be autoloaded." severity="error"/><error line="11" message="Class PHPUnit\Framework\TestCase not found and could not be autoloaded." severity="error"/></file><file name="modules/contrib/rules/tests/src/Unit/Integration/Action/DataConvertTest.php"><error line="" message="Class PHPUnit\Framework\TestCase not found and could not be autoloaded." severity="error"/><error line="11" message="Class PHPUnit\Framework\TestCase not found and could not be autoloaded." severity="error"/></file><file name="modules/contrib/rules/tests/src/Unit/Integration/Action/DataListItemAddTest.php"><error line="" message="Class PHPUnit\Framework\TestCase not found and could not be autoloaded." severity="error"/><error line="11" message="Class PHPUnit\Framework\TestCase not found and could not be autoloaded." severity="error"/></file><file name="modules/contrib/rules/tests/src/Unit/Integration/Action/DataListItemRemoveTest.php"><error line="" message="Class PHPUnit\Framework\TestCase not found and could not be autoloaded." severity="error"/><error line="11" message="Class PHPUnit\Framework\TestCase not found and could not be autoloaded." severity="error"/></file><file name="modules/contrib/rules/tests/src/Unit/Integration/Action/DataSetTest.php"><error line="" message="Class PHPUnit\Framework\TestCase not found and could not be autoloaded." severity="error"/><error line="11" message="Class PHPUnit\Framework\TestCase not found and could not be autoloaded." severity="error"/></file><file name="modules/contrib/rules/tests/src/Unit/Integration/Action/EntityCreateTest.php"><error line="" message="Class PHPUnit\Framework\TestCase not found and could not be autoloaded." severity="error"/><error line="17" message="Class PHPUnit\Framework\TestCase not found and could not be autoloaded." severity="error"/></file><file name="modules/contrib/rules/tests/src/Unit/Integration/Action/EntityDeleteTest.php"><error line="" message="Class PHPUnit\Framework\TestCase not found and could not be autoloaded." severity="error"/><error line="12" message="Class PHPUnit\Framework\TestCase not found and could not be autoloaded." severity="error"/></file><file name="modules/contrib/rules/tests/src/Unit/Integration/Action/EntityFetchByFieldTest.php"><error line="" message="Class PHPUnit\Framework\TestCase not found and could not be autoloaded." severity="error"/><error line="14" message="Class PHPUnit\Framework\TestCase not found and could not be autoloaded." severity="error"/></file><file name="modules/contrib/rules/tests/src/Unit/Integration/Action/EntityFetchByIdTest.php"><error line="" message="Class PHPUnit\Framework\TestCase not found and could not be autoloaded." severity="error"/><error line="13" message="Class PHPUnit\Framework\TestCase not found and could not be autoloaded." severity="error"/></file><file name="modules/contrib/rules/tests/src/Unit/Integration/Action/EntityPathAliasCreateTest.php"><error line="" message="Class PHPUnit\Framework\TestCase not found and could not be autoloaded." severity="error"/><error line="15" message="Class PHPUnit\Framework\TestCase not found and could not be autoloaded." severity="error"/></file><file name="modules/contrib/rules/tests/src/Unit/Integration/Action/EntitySaveTest.php"><error line="" message="Class PHPUnit\Framework\TestCase not found and could not be autoloaded." severity="error"/><error line="12" message="Class PHPUnit\Framework\TestCase not found and could not be autoloaded." severity="error"/></file><file name="modules/contrib/rules/tests/src/Unit/Integration/Action/PathAliasCreateTest.php"><error line="" message="Class PHPUnit\Framework\TestCase not found and could not be autoloaded." severity="error"/><error line="13" message="Class PHPUnit\Framework\TestCase not found and could not be autoloaded." severity="error"/></file><file name="modules/contrib/rules/tests/src/Unit/Integration/Action/PathAliasDeleteByAliasTest.php"><error line="" message="Class PHPUnit\Framework\TestCase not found and could not be autoloaded." severity="error"/><error line="12" message="Class PHPUnit\Framework\TestCase not found and could not be autoloaded." severity="error"/></file><file name="modules/contrib/rules/tests/src/Unit/Integration/Action/PathAliasDeleteByPathTest.php"><error line="" message="Class PHPUnit\Framework\TestCase not found and could not be autoloaded." severity="error"/><error line="12" message="Class PHPUnit\Framework\TestCase not found and could not be autoloaded." severity="error"/></file><file name="modules/contrib/rules/tests/src/Unit/Integration/Action/RulesActionAccessTest.php"><error line="" message="Class PHPUnit\Framework\TestCase not found and could not be autoloaded." severity="error"/><error line="14" message="Class PHPUnit\Framework\TestCase not found and could not be autoloaded." severity="error"/></file><file name="modules/contrib/rules/tests/src/Unit/Integration/Action/RulesComponentActionTest.php"><error line="" message="Class PHPUnit\Framework\TestCase not found and could not be autoloaded." severity="error"/><error line="18" message="Class PHPUnit\Framework\TestCase not found and could not be autoloaded." severity="error"/></file><file name="modules/contrib/rules/tests/src/Unit/Integration/Action/SendAccountEmailTest.php"><error line="" message="Class PHPUnit\Framework\TestCase not found and could not be autoloaded." severity="error"/><error line="12" message="Class PHPUnit\Framework\TestCase not found and could not be autoloaded." severity="error"/></file><file name="modules/contrib/rules/tests/src/Unit/Integration/Action/SystemMailToUsersOfRoleTest.php"><error line="" message="Class PHPUnit\Framework\TestCase not found and could not be autoloaded." severity="error"/><error line="19" message="Class PHPUnit\Framework\TestCase not found and could not be autoloaded." severity="error"/></file><file name="modules/contrib/rules/tests/src/Unit/Integration/Action/SystemMessageTest.php"><error line="" message="Class PHPUnit\Framework\TestCase not found and could not be autoloaded." severity="error"/><error line="12" message="Class PHPUnit\Framework\TestCase not found and could not be autoloaded." severity="error"/></file><file name="modules/contrib/rules/tests/src/Unit/Integration/Action/SystemPageRedirectTest.php"><error line="" message="Class PHPUnit\Framework\TestCase not found and could not be autoloaded." severity="error"/><error line="17" message="Class PHPUnit\Framework\TestCase not found and could not be autoloaded." severity="error"/></file><file name="modules/contrib/rules/tests/src/Unit/Integration/Action/SystemSendEmailTest.php"><error line="" message="Class PHPUnit\Framework\TestCase not found and could not be autoloaded." severity="error"/><error line="16" message="Class PHPUnit\Framework\TestCase not found and could not be autoloaded." severity="error"/></file><file name="modules/contrib/rules/tests/src/Unit/Integration/Action/UserBlockTest.php"><error line="" message="Class PHPUnit\Framework\TestCase not found and could not be autoloaded." severity="error"/><error line="13" message="Class PHPUnit\Framework\TestCase not found and could not be autoloaded." severity="error"/></file><file name="modules/contrib/rules/tests/src/Unit/Integration/Action/UserRoleAddTest.php"><error line="" message="Class PHPUnit\Framework\TestCase not found and could not be autoloaded." severity="error"/><error line="14" message="Class PHPUnit\Framework\TestCase not found and could not be autoloaded." severity="error"/></file><file name="modules/contrib/rules/tests/src/Unit/Integration/Action/UserRoleRemoveTest.php"><error line="" message="Class PHPUnit\Framework\TestCase not found and could not be autoloaded." severity="error"/><error line="13" message="Class PHPUnit\Framework\TestCase not found and could not be autoloaded." severity="error"/></file><file name="modules/contrib/rules/tests/src/Unit/Integration/Action/UserUnblockTest.php"><error line="" message="Class PHPUnit\Framework\TestCase not found and could not be autoloaded." severity="error"/><error line="12" message="Class PHPUnit\Framework\TestCase not found and could not be autoloaded." severity="error"/></file><file name="modules/contrib/rules/tests/src/Unit/Integration/Action/VariableAddTest.php"><error line="" message="Class PHPUnit\Framework\TestCase not found and could not be autoloaded." severity="error"/><error line="11" message="Class PHPUnit\Framework\TestCase not found and could not be autoloaded." severity="error"/></file><file name="modules/contrib/rules/tests/src/Unit/Integration/Condition/ConditionAccessTest.php"><error line="" message="Class PHPUnit\Framework\TestCase not found and could not be autoloaded." severity="error"/><error line="14" message="Class PHPUnit\Framework\TestCase not found and could not be autoloaded." severity="error"/></file><file name="modules/contrib/rules/tests/src/Unit/Integration/Condition/ConditionManagerTest.php"><error line="" message="Class PHPUnit\Framework\TestCase not found and could not be autoloaded." severity="error"/><error line="14" message="Class PHPUnit\Framework\TestCase not found and could not be autoloaded." severity="error"/></file><file name="modules/contrib/rules/tests/src/Unit/Integration/Condition/DataComparisonTest.php"><error line="" message="Class PHPUnit\Framework\TestCase not found and could not be autoloaded." severity="error"/><error line="12" message="Class PHPUnit\Framework\TestCase not found and could not be autoloaded." severity="error"/></file><file name="modules/contrib/rules/tests/src/Unit/Integration/Condition/DataIsEmptyTest.php"><error line="" message="Class PHPUnit\Framework\TestCase not found and could not be autoloaded." severity="error"/><error line="13" message="Class PHPUnit\Framework\TestCase not found and could not be autoloaded." severity="error"/></file><file name="modules/contrib/rules/tests/src/Unit/Integration/Condition/EntityHasFieldTest.php"><error line="" message="Class PHPUnit\Framework\TestCase not found and could not be autoloaded." severity="error"/><error line="12" message="Class PHPUnit\Framework\TestCase not found and could not be autoloaded." severity="error"/></file><file name="modules/contrib/rules/tests/src/Unit/Integration/Condition/EntityIsNewTest.php"><error line="" message="Class PHPUnit\Framework\TestCase not found and could not be autoloaded." severity="error"/><error line="12" message="Class PHPUnit\Framework\TestCase not found and could not be autoloaded." severity="error"/></file><file name="modules/contrib/rules/tests/src/Unit/Integration/Condition/EntityIsOfBundleTest.php"><error line="" message="Class PHPUnit\Framework\TestCase not found and could not be autoloaded." severity="error"/><error line="12" message="Class PHPUnit\Framework\TestCase not found and could not be autoloaded." severity="error"/></file><file name="modules/contrib/rules/tests/src/Unit/Integration/Condition/EntityIsOfTypeTest.php"><error line="" message="Class PHPUnit\Framework\TestCase not found and could not be autoloaded." severity="error"/><error line="12" message="Class PHPUnit\Framework\TestCase not found and could not be autoloaded." severity="error"/></file><file name="modules/contrib/rules/tests/src/Unit/Integration/Condition/ListContainsTest.php"><error line="" message="Class PHPUnit\Framework\TestCase not found and could not be autoloaded." severity="error"/><error line="12" message="Class PHPUnit\Framework\TestCase not found and could not be autoloaded." severity="error"/></file><file name="modules/contrib/rules/tests/src/Unit/Integration/Condition/ListCountIsTest.php"><error line="" message="Class PHPUnit\Framework\TestCase not found and could not be autoloaded." severity="error"/><error line="11" message="Class PHPUnit\Framework\TestCase not found and could not be autoloaded." severity="error"/></file><file name="modules/contrib/rules/tests/src/Unit/Integration/Condition/NodeIsOfTypeTest.php"><error line="" message="Class PHPUnit\Framework\TestCase not found and could not be autoloaded." severity="error"/><error line="12" message="Class PHPUnit\Framework\TestCase not found and could not be autoloaded." severity="error"/></file><file name="modules/contrib/rules/tests/src/Unit/Integration/Condition/NodeIsPromotedTest.php"><error line="" message="Class PHPUnit\Framework\TestCase not found and could not be autoloaded." severity="error"/><error line="12" message="Class PHPUnit\Framework\TestCase not found and could not be autoloaded." severity="error"/></file><file name="modules/contrib/rules/tests/src/Unit/Integration/Condition/NodeIsPublishedTest.php"><error line="" message="Class PHPUnit\Framework\TestCase not found and could not be autoloaded." severity="error"/><error line="12" message="Class PHPUnit\Framework\TestCase not found and could not be autoloaded." severity="error"/></file><file name="modules/contrib/rules/tests/src/Unit/Integration/Condition/NodeIsStickyTest.php"><error line="" message="Class PHPUnit\Framework\TestCase not found and could not be autoloaded." severity="error"/><error line="12" message="Class PHPUnit\Framework\TestCase not found and could not be autoloaded." severity="error"/></file><file name="modules/contrib/rules/tests/src/Unit/Integration/Condition/PathAliasExistsTest.php"><error line="" message="Class PHPUnit\Framework\TestCase not found and could not be autoloaded." severity="error"/><error line="12" message="Class PHPUnit\Framework\TestCase not found and could not be autoloaded." severity="error"/></file><file name="modules/contrib/rules/tests/src/Unit/Integration/Condition/PathHasAliasTest.php"><error line="" message="Class PHPUnit\Framework\TestCase not found and could not be autoloaded." severity="error"/><error line="12" message="Class PHPUnit\Framework\TestCase not found and could not be autoloaded." severity="error"/></file><file name="modules/contrib/rules/tests/src/Unit/Integration/Condition/TextComparisonTest.php"><error line="" message="Class PHPUnit\Framework\TestCase not found and could not be autoloaded." severity="error"/><error line="11" message="Class PHPUnit\Framework\TestCase not found and could not be autoloaded." severity="error"/></file><file name="modules/contrib/rules/tests/src/Unit/Integration/Condition/UserHasEntityFieldAccessTest.php"><error line="" message="Class PHPUnit\Framework\TestCase not found and could not be autoloaded." severity="error"/><error line="15" message="Class PHPUnit\Framework\TestCase not found and could not be autoloaded." severity="error"/></file><file name="modules/contrib/rules/tests/src/Unit/Integration/Condition/UserHasRoleTest.php"><error line="" message="Class PHPUnit\Framework\TestCase not found and could not be autoloaded." severity="error"/><error line="13" message="Class PHPUnit\Framework\TestCase not found and could not be autoloaded." severity="error"/></file><file name="modules/contrib/rules/tests/src/Unit/Integration/Condition/UserIsBlockedTest.php"><error line="" message="Class PHPUnit\Framework\TestCase not found and could not be autoloaded." severity="error"/><error line="12" message="Class PHPUnit\Framework\TestCase not found and could not be autoloaded." severity="error"/></file><file name="modules/contrib/rules/tests/src/Unit/Integration/ContributedPluginDiscoveryTest.php"><error line="" message="Class PHPUnit\Framework\TestCase not found and could not be autoloaded." severity="error"/><error line="14" message="Class PHPUnit\Framework\TestCase not found and could not be autoloaded." severity="error"/></file><file name="modules/contrib/rules/tests/src/Unit/Integration/Engine/AnnotationProcessingTest.php"><error line="" message="Class PHPUnit\Framework\TestCase not found and could not be autoloaded." severity="error"/><error line="14" message="Class PHPUnit\Framework\TestCase not found and could not be autoloaded." severity="error"/></file><file name="modules/contrib/rules/tests/src/Unit/Integration/Engine/AutoSaveTest.php"><error line="" message="Class PHPUnit\Framework\TestCase not found and could not be autoloaded." severity="error"/><error line="16" message="Class PHPUnit\Framework\TestCase not found and could not be autoloaded." severity="error"/></file><file name="modules/contrib/rules/tests/src/Unit/Integration/Engine/ExpressionSerializationTest.php"><error line="" message="Class PHPUnit\Framework\TestCase not found and could not be autoloaded." severity="error"/><error line="14" message="Class PHPUnit\Framework\TestCase not found and could not be autoloaded." severity="error"/></file><file name="modules/contrib/rules/tests/src/Unit/Integration/Engine/IntegrityCheckTest.php"><error line="" message="Class PHPUnit\Framework\TestCase not found and could not be autoloaded." severity="error"/><error line="16" message="Class PHPUnit\Framework\TestCase not found and could not be autoloaded." severity="error"/></file><file name="modules/contrib/rules/tests/src/Unit/Integration/Engine/LoopTest.php"><error line="" message="Class PHPUnit\Framework\TestCase not found and could not be autoloaded." severity="error"/><error line="18" message="Class PHPUnit\Framework\TestCase not found and could not be autoloaded." severity="error"/></file><file name="modules/contrib/rules/tests/src/Unit/Integration/Engine/PrepareExecutionMetadataStateTest.php"><error line="" message="Class PHPUnit\Framework\TestCase not found and could not be autoloaded." severity="error"/><error line="16" message="Class PHPUnit\Framework\TestCase not found and could not be autoloaded." severity="error"/></file><file name="modules/contrib/rules/tests/src/Unit/Integration/Engine/RulesComponentTest.php"><error line="" message="Class PHPUnit\Framework\TestCase not found and could not be autoloaded." severity="error"/><error line="17" message="Class PHPUnit\Framework\TestCase not found and could not be autoloaded." severity="error"/></file><file name="modules/contrib/rules/tests/src/Unit/Integration/Event/EntityDeleteTest.php"><error line="" message="Class PHPUnit\Framework\TestCase not found and could not be autoloaded." severity="error"/><error line="12" message="Class PHPUnit\Framework\TestCase not found and could not be autoloaded." severity="error"/></file><file name="modules/contrib/rules/tests/src/Unit/Integration/Event/EntityInsertTest.php"><error line="" message="Class PHPUnit\Framework\TestCase not found and could not be autoloaded." severity="error"/><error line="12" message="Class PHPUnit\Framework\TestCase not found and could not be autoloaded." severity="error"/></file><file name="modules/contrib/rules/tests/src/Unit/Integration/Event/EntityPresaveTest.php"><error line="" message="Class PHPUnit\Framework\TestCase not found and could not be autoloaded." severity="error"/><error line="12" message="Class PHPUnit\Framework\TestCase not found and could not be autoloaded." severity="error"/></file><file name="modules/contrib/rules/tests/src/Unit/Integration/Event/EntityUpdateTest.php"><error line="" message="Class PHPUnit\Framework\TestCase not found and could not be autoloaded." severity="error"/><error line="12" message="Class PHPUnit\Framework\TestCase not found and could not be autoloaded." severity="error"/></file><file name="modules/contrib/rules/tests/src/Unit/Integration/Event/EntityViewTest.php"><error line="" message="Class PHPUnit\Framework\TestCase not found and could not be autoloaded." severity="error"/><error line="12" message="Class PHPUnit\Framework\TestCase not found and could not be autoloaded." severity="error"/></file><file name="modules/contrib/rules/tests/src/Unit/Integration/Event/EventTestBase.php"><error line="" message="Class PHPUnit\Framework\TestCase not found and could not be autoloaded." severity="error"/><error line="13" message="Class PHPUnit\Framework\TestCase not found and could not be autoloaded." severity="error"/></file><file name="modules/contrib/rules/tests/src/Unit/Integration/Event/SystemLoggerEventTest.php"><error line="" message="Class PHPUnit\Framework\TestCase not found and could not be autoloaded." severity="error"/><error line="10" message="Class PHPUnit\Framework\TestCase not found and could not be autoloaded." severity="error"/></file><file name="modules/contrib/rules/tests/src/Unit/Integration/Event/UserLoginTest.php"><error line="" message="Class PHPUnit\Framework\TestCase not found and could not be autoloaded." severity="error"/><error line="10" message="Class PHPUnit\Framework\TestCase not found and could not be autoloaded." severity="error"/></file><file name="modules/contrib/rules/tests/src/Unit/Integration/Event/UserLogoutTest.php"><error line="" message="Class PHPUnit\Framework\TestCase not found and could not be autoloaded." severity="error"/><error line="10" message="Class PHPUnit\Framework\TestCase not found and could not be autoloaded." severity="error"/></file><file name="modules/contrib/rules/tests/src/Unit/Integration/RulesAction/RulesActionManagerTest.php"><error line="" message="Class PHPUnit\Framework\TestCase not found and could not be autoloaded." severity="error"/><error line="14" message="Class PHPUnit\Framework\TestCase not found and could not be autoloaded." severity="error"/></file><file name="modules/contrib/rules/tests/src/Unit/Integration/RulesAction/RulesAdminAccessTest.php"><error line="" message="Class PHPUnit\Framework\TestCase not found and could not be autoloaded." severity="error"/><error line="15" message="Class PHPUnit\Framework\TestCase not found and could not be autoloaded." severity="error"/></file><file name="modules/contrib/rules/tests/src/Unit/Integration/RulesEntityIntegrationTestBase.php"><error line="" message="Class PHPUnit\Framework\TestCase not found and could not be autoloaded." severity="error"/><error line="23" message="Class PHPUnit\Framework\TestCase not found and could not be autoloaded." severity="error"/></file><file name="modules/contrib/rules/tests/src/Unit/Integration/RulesIntegrationTestBase.php"><error line="" message="Class PHPUnit\Framework\TestCase not found and could not be autoloaded." severity="error"/><error line="38" message="Class PHPUnit\Framework\TestCase not found and could not be autoloaded." severity="error"/></file><file name="modules/contrib/rules/tests/src/Unit/OrExpressionTest.php"><error line="" message="Class PHPUnit\Framework\TestCase not found and could not be autoloaded." severity="error"/><error line="14" message="Class PHPUnit\Framework\TestCase not found and could not be autoloaded." severity="error"/></file><file name="modules/contrib/rules/tests/src/Unit/RuleExpressionTest.php"><error line="" message="Class PHPUnit\Framework\TestCase not found and could not be autoloaded." severity="error"/><error line="19" message="Class PHPUnit\Framework\TestCase not found and could not be autoloaded." severity="error"/></file><file name="modules/contrib/rules/tests/src/Unit/RulesActionBaseTest.php"><error line="" message="Class PHPUnit\Framework\TestCase not found and could not be autoloaded." severity="error"/><error line="12" message="Class PHPUnit\Framework\TestCase not found and could not be autoloaded." severity="error"/></file><file name="modules/contrib/rules/tests/src/Unit/RulesConditionContainerTest.php"><error line="" message="Class PHPUnit\Framework\TestCase not found and could not be autoloaded." severity="error"/><error line="13" message="Class PHPUnit\Framework\TestCase not found and could not be autoloaded." severity="error"/></file><file name="modules/contrib/rules/tests/src/Unit/RulesLoggerChannelTest.php"><error line="" message="Class PHPUnit\Framework\TestCase not found and could not be autoloaded." severity="error"/><error line="17" message="Class PHPUnit\Framework\TestCase not found and could not be autoloaded." severity="error"/></file><file name="modules/contrib/rules/tests/src/Unit/RulesUnitTestBase.php"><error line="" message="Class PHPUnit\Framework\TestCase not found and could not be autoloaded." severity="error"/><error line="15" message="Class PHPUnit\Framework\TestCase not found and could not be autoloaded." severity="error"/></file><file name="modules/contrib/rules/rules.info.yml"><error line="0" message="Add &lt;code&gt;core_version_requirement: ^8 || ^9&lt;/code&gt; to rules.info.yml to designate that the module is compatible with Drupal 9. See https://www.drupal.org/node/3070687." severity="error"/></file></checkstyle>

