<?xml version="1.0"?>
<checkstyle><file name="modules/contrib/salesforce/modules/salesforce_example/salesforce_example-apex_endpoint.php"><error line="23" message="Syntax error, unexpected ']' on line 23" severity="error"/></file><file name="modules/contrib/salesforce/modules/salesforce_jwt/tests/src/FunctionalJavascript/SalesforceJwtTest.php"><error line="" message="Class PHPUnit\Framework\TestCase not found and could not be autoloaded." severity="error"/><error line="14" message="Class PHPUnit\Framework\TestCase not found and could not be autoloaded." severity="error"/></file><file name="modules/contrib/salesforce/modules/salesforce_mapping/salesforce_mapping.drush.inc"><error line="62" message="Call to deprecated function drush_log()." severity="error"/><error line="80" message="Call to deprecated function drush_log()." severity="error"/><error line="83" message="Call to deprecated function drush_log()." severity="error"/><error line="92" message="Call to deprecated function drush_log()." severity="error"/><error line="124" message="Call to deprecated function drush_log()." severity="error"/><error line="142" message="Call to deprecated function drush_log()." severity="error"/><error line="185" message="Call to deprecated function drush_log()." severity="error"/><error line="214" message="Call to deprecated function drush_log()." severity="error"/><error line="243" message="Call to deprecated function drush_log()." severity="error"/></file><file name="modules/contrib/salesforce/modules/salesforce_mapping/src/SalesforceMappingFieldPluginManager.php"><error line="26" message="salesforce_mapping_plugins cache tag might be unclear and does not contain the cache key in it." severity="error"/></file><file name="modules/contrib/salesforce/modules/salesforce_mapping/tests/src/Functional/PushParamsTest.php"><error line="" message="Class PHPUnit\Framework\TestCase not found and could not be autoloaded." severity="error"/><error line="19" message="Class PHPUnit\Framework\TestCase not found and could not be autoloaded." severity="error"/></file><file name="modules/contrib/salesforce/modules/salesforce_mapping/tests/src/Unit/MappedObjectTest.php"><error line="" message="Class PHPUnit\Framework\TestCase not found and could not be autoloaded." severity="error"/><error line="25" message="Class PHPUnit\Framework\TestCase not found and could not be autoloaded." severity="error"/></file><file name="modules/contrib/salesforce/modules/salesforce_mapping/tests/src/Unit/SalesforceMappingStorageTest.php"><error line="" message="Class PHPUnit\Framework\TestCase not found and could not be autoloaded." severity="error"/><error line="19" message="Class PHPUnit\Framework\TestCase not found and could not be autoloaded." severity="error"/></file><file name="modules/contrib/salesforce/modules/salesforce_mapping/tests/src/Unit/SalesforceMappingTest.php"><error line="" message="Class PHPUnit\Framework\TestCase not found and could not be autoloaded." severity="error"/><error line="22" message="Class PHPUnit\Framework\TestCase not found and could not be autoloaded." severity="error"/></file><file name="modules/contrib/salesforce/modules/salesforce_mapping_ui/src/Tests/SalesforceMappingCrudFormTest.php"><error line="" message="Class PHPUnit\Framework\TestCase not found and could not be autoloaded." severity="error"/><error line="12" message="Class PHPUnit\Framework\TestCase not found and could not be autoloaded." severity="error"/></file><file name="modules/contrib/salesforce/modules/salesforce_oauth/tests/src/FunctionalJavascript/SalesforceOAuthTest.php"><error line="" message="Class PHPUnit\Framework\TestCase not found and could not be autoloaded." severity="error"/><error line="12" message="Class PHPUnit\Framework\TestCase not found and could not be autoloaded." severity="error"/></file><file name="modules/contrib/salesforce/modules/salesforce_pull/salesforce_pull.drush.inc"><error line="119" message="Call to deprecated function drush_log()." severity="error"/><error line="132" message="Call to deprecated function drush_log()." severity="error"/><error line="136" message="Call to deprecated function drush_log()." severity="error"/><error line="144" message="Call to deprecated function drush_log()." severity="error"/><error line="159" message="Call to deprecated function drush_log()." severity="error"/><error line="160" message="Call to deprecated function drush_log()." severity="error"/><error line="164" message="Call to deprecated function drush_log()." severity="error"/><error line="175" message="Call to deprecated function drush_log()." severity="error"/><error line="199" message="Call to deprecated function drush_log()." severity="error"/><error line="212" message="Call to deprecated function drush_log()." severity="error"/><error line="225" message="Call to deprecated function drush_log()." severity="error"/><error line="238" message="Call to deprecated function drush_log()." severity="error"/></file><file name="modules/contrib/salesforce/modules/salesforce_pull/tests/src/Functional/PullQueueTest.php"><error line="" message="Class PHPUnit\Framework\TestCase not found and could not be autoloaded." severity="error"/><error line="15" message="Class PHPUnit\Framework\TestCase not found and could not be autoloaded." severity="error"/></file><file name="modules/contrib/salesforce/modules/salesforce_pull/tests/src/Unit/DeleteHandlerTest.php"><error line="" message="Class PHPUnit\Framework\TestCase not found and could not be autoloaded." severity="error"/><error line="25" message="Class PHPUnit\Framework\TestCase not found and could not be autoloaded." severity="error"/></file><file name="modules/contrib/salesforce/modules/salesforce_pull/tests/src/Unit/PullBaseTest.php"><error line="" message="Class PHPUnit\Framework\TestCase not found and could not be autoloaded." severity="error"/><error line="31" message="Class PHPUnit\Framework\TestCase not found and could not be autoloaded." severity="error"/></file><file name="modules/contrib/salesforce/modules/salesforce_pull/tests/src/Unit/PullQueueItemTest.php"><error line="" message="Class PHPUnit\Framework\TestCase not found and could not be autoloaded." severity="error"/><error line="15" message="Class PHPUnit\Framework\TestCase not found and could not be autoloaded." severity="error"/></file><file name="modules/contrib/salesforce/modules/salesforce_pull/tests/src/Unit/QueueHandlerTest.php"><error line="" message="Class PHPUnit\Framework\TestCase not found and could not be autoloaded." severity="error"/><error line="27" message="Class PHPUnit\Framework\TestCase not found and could not be autoloaded." severity="error"/></file><file name="modules/contrib/salesforce/modules/salesforce_push/tests/src/Functional/PushQueueTest.php"><error line="" message="Class PHPUnit\Framework\TestCase not found and could not be autoloaded." severity="error"/><error line="14" message="Class PHPUnit\Framework\TestCase not found and could not be autoloaded." severity="error"/></file><file name="modules/contrib/salesforce/modules/salesforce_push/tests/src/Unit/PushQueueTest.php"><error line="" message="Class PHPUnit\Framework\TestCase not found and could not be autoloaded." severity="error"/><error line="33" message="Class PHPUnit\Framework\TestCase not found and could not be autoloaded." severity="error"/></file><file name="modules/contrib/salesforce/modules/salesforce_push/tests/src/Unit/SalesforcePushQueueProcessorRestTest.php"><error line="" message="Class PHPUnit\Framework\TestCase not found and could not be autoloaded." severity="error"/><error line="29" message="Class PHPUnit\Framework\TestCase not found and could not be autoloaded." severity="error"/></file><file name="modules/contrib/salesforce/modules/salesforce_soap/src/Soap/SoapClient.php"><error line="" message="Class SforcePartnerClient not found and could not be autoloaded." severity="error"/><error line="11" message="Class SforcePartnerClient not found and could not be autoloaded." severity="error"/></file><file name="modules/contrib/salesforce/salesforce.drush.inc"><error line="164" message="Call to deprecated function drush_log()." severity="error"/><error line="182" message="Call to deprecated function drush_log()." severity="error"/><error line="190" message="Call to deprecated function drush_log()." severity="error"/><error line="210" message="Call to deprecated function drush_log()." severity="error"/><error line="218" message="Call to deprecated function drush_log()." severity="error"/><error line="229" message="Call to deprecated function drush_log()." severity="error"/><error line="300" message="Call to deprecated function drush_log()." severity="error"/><error line="327" message="Call to deprecated function drush_log()." severity="error"/><error line="357" message="Call to deprecated function drush_log()." severity="error"/><error line="367" message="Call to deprecated function drush_log()." severity="error"/><error line="411" message="Call to deprecated function drush_log()." severity="error"/><error line="440" message="Call to deprecated function drush_log()." severity="error"/><error line="449" message="Call to deprecated function drush_log()." severity="error"/><error line="470" message="Call to deprecated function drush_log()." severity="error"/><error line="482" message="Call to deprecated function drush_log()." severity="error"/></file><file name="modules/contrib/salesforce/tests/src/Functional/StatusPageTest.php"><error line="" message="Class PHPUnit\Framework\TestCase not found and could not be autoloaded." severity="error"/><error line="13" message="Class PHPUnit\Framework\TestCase not found and could not be autoloaded." severity="error"/></file><file name="modules/contrib/salesforce/tests/src/Unit/RestClientTest.php"><error line="" message="Class PHPUnit\Framework\TestCase not found and could not be autoloaded." severity="error"/><error line="32" message="Class PHPUnit\Framework\TestCase not found and could not be autoloaded." severity="error"/></file><file name="modules/contrib/salesforce/tests/src/Unit/SFIDTest.php"><error line="" message="Class PHPUnit\Framework\TestCase not found and could not be autoloaded." severity="error"/><error line="13" message="Class PHPUnit\Framework\TestCase not found and could not be autoloaded." severity="error"/></file><file name="modules/contrib/salesforce/tests/src/Unit/SObjectTest.php"><error line="" message="Class PHPUnit\Framework\TestCase not found and could not be autoloaded." severity="error"/><error line="13" message="Class PHPUnit\Framework\TestCase not found and could not be autoloaded." severity="error"/></file><file name="modules/contrib/salesforce/tests/src/Unit/SelectQueryResultTest.php"><error line="" message="Class PHPUnit\Framework\TestCase not found and could not be autoloaded." severity="error"/><error line="14" message="Class PHPUnit\Framework\TestCase not found and could not be autoloaded." severity="error"/></file><file name="modules/contrib/salesforce/salesforce.info.yml"><error line="0" message="Add &lt;code&gt;core_version_requirement: ^8 || ^9&lt;/code&gt; to salesforce.info.yml to designate that the module is compatible with Drupal 9. See https://www.drupal.org/node/3070687." severity="error"/></file></checkstyle>

