<?xml version="1.0"?>
<checkstyle><file name="modules/contrib/search_api_autocomplete/src/Form/IndexOverviewForm.php"><error line="279" message="Call to deprecated function drupal_set_message(). Deprecated in drupal:8.5.0 and is removed from drupal:9.0.0.&#10;Use \Drupal\Core\Messenger\MessengerInterface::addMessage() instead." severity="error"/></file><file name="modules/contrib/search_api_autocomplete/src/Form/SearchEditForm.php"><error line="99" message="Call to deprecated function drupal_set_message(). Deprecated in drupal:8.5.0 and is removed from drupal:9.0.0.&#10;Use \Drupal\Core\Messenger\MessengerInterface::addMessage() instead." severity="error"/><error line="356" message="Call to deprecated function drupal_set_message(). Deprecated in drupal:8.5.0 and is removed from drupal:9.0.0.&#10;Use \Drupal\Core\Messenger\MessengerInterface::addMessage() instead." severity="error"/></file><file name="modules/contrib/search_api_autocomplete/src/Plugin/search_api_autocomplete/suggester/LiveResults.php"><error line="224" message="Call to deprecated method checkAccess() of class Drupal\search_api\Item\ItemInterface. Deprecated in search_api:8.x-1.14 and is removed from search_api:9.x-1.0.&#10;Use getAccessResult() instead." severity="error"/></file><file name="modules/contrib/search_api_autocomplete/tests/search_api_autocomplete_test_hooks/search_api_autocomplete_test_hooks.search_api_autocomplete.inc"><error line="40" message="Call to deprecated function drupal_set_message(). Deprecated in drupal:8.5.0 and is removed from drupal:9.0.0.&#10;Use \Drupal\Core\Messenger\MessengerInterface::addMessage() instead." severity="error"/></file><file name="modules/contrib/search_api_autocomplete/tests/src/Functional/CacheInvalidationTest.php"><error line="" message="Class PHPUnit\Framework\TestCase not found and could not be autoloaded." severity="error"/><error line="14" message="Class PHPUnit\Framework\TestCase not found and could not be autoloaded." severity="error"/></file><file name="modules/contrib/search_api_autocomplete/tests/src/FunctionalJavascript/IntegrationTest.php"><error line="" message="Class PHPUnit\Framework\TestCase not found and could not be autoloaded." severity="error"/><error line="18" message="Class PHPUnit\Framework\TestCase not found and could not be autoloaded." severity="error"/></file><file name="modules/contrib/search_api_autocomplete/tests/src/FunctionalJavascript/IntegrationTestBase.php"><error line="" message="Class PHPUnit\Framework\TestCase not found and could not be autoloaded." severity="error"/><error line="13" message="Class PHPUnit\Framework\TestCase not found and could not be autoloaded." severity="error"/></file><file name="modules/contrib/search_api_autocomplete/tests/src/FunctionalJavascript/PagesIntegrationTest.php"><error line="" message="Class PHPUnit\Framework\TestCase not found and could not be autoloaded." severity="error"/><error line="15" message="Class PHPUnit\Framework\TestCase not found and could not be autoloaded." severity="error"/></file><file name="modules/contrib/search_api_autocomplete/tests/src/Kernel/DependencyRemovalTest.php"><error line="" message="Class PHPUnit\Framework\TestCase not found and could not be autoloaded." severity="error"/><error line="17" message="Class PHPUnit\Framework\TestCase not found and could not be autoloaded." severity="error"/></file><file name="modules/contrib/search_api_autocomplete/tests/src/Kernel/SearchCrudTest.php"><error line="" message="Class PHPUnit\Framework\TestCase not found and could not be autoloaded." severity="error"/><error line="17" message="Class PHPUnit\Framework\TestCase not found and could not be autoloaded." severity="error"/></file><file name="modules/contrib/search_api_autocomplete/tests/src/Kernel/ViewsTest.php"><error line="" message="Class PHPUnit\Framework\TestCase not found and could not be autoloaded." severity="error"/><error line="17" message="Class PHPUnit\Framework\TestCase not found and could not be autoloaded." severity="error"/></file><file name="modules/contrib/search_api_autocomplete/tests/src/Unit/AccessTest.php"><error line="" message="Class PHPUnit\Framework\TestCase not found and could not be autoloaded." severity="error"/><error line="22" message="Class PHPUnit\Framework\TestCase not found and could not be autoloaded." severity="error"/></file><file name="modules/contrib/search_api_autocomplete/tests/src/Unit/AutocompleteFormUtilityTest.php"><error line="" message="Class Drupal\Tests\search_api_autocomplete\Unit\AutocompleteHelperTest was not found while trying to analyse it - autoloading is probably not configured properly." severity="error"/></file><file name="modules/contrib/search_api_autocomplete/tests/src/Unit/SuggestionFactoryTest.php"><error line="" message="Class PHPUnit\Framework\TestCase not found and could not be autoloaded." severity="error"/><error line="16" message="Class PHPUnit\Framework\TestCase not found and could not be autoloaded." severity="error"/></file><file name="modules/contrib/search_api_autocomplete/search_api_autocomplete.info.yml"><error line="0" message="Add &lt;code&gt;core_version_requirement: ^8 || ^9&lt;/code&gt; to search_api_autocomplete.info.yml to designate that the module is compatible with Drupal 9. See https://www.drupal.org/node/3070687." severity="error"/></file></checkstyle>

