<?xml version="1.0"?>
<checkstyle><file name="modules/contrib/sfc/modules/sfc_dev/tests/src/FunctionalJavascript/ComponentLibraryTest.php"><error line="" message="Class PHPUnit\Framework\TestCase not found and could not be autoloaded." severity="error"/><error line="15" message="Class PHPUnit\Framework\TestCase not found and could not be autoloaded." severity="error"/></file><file name="modules/contrib/sfc/modules/sfc_dev/tests/src/Kernel/ComponentDevControllerTest.php"><error line="" message="Class PHPUnit\Framework\TestCase not found and could not be autoloaded." severity="error"/><error line="19" message="Class PHPUnit\Framework\TestCase not found and could not be autoloaded." severity="error"/></file><file name="modules/contrib/sfc/modules/sfc_dev/tests/src/Kernel/ComponentPreviewFormTest.php"><error line="" message="Class PHPUnit\Framework\TestCase not found and could not be autoloaded." severity="error"/><error line="19" message="Class PHPUnit\Framework\TestCase not found and could not be autoloaded." severity="error"/></file><file name="modules/contrib/sfc/modules/sfc_dev/tests/src/Kernel/ComponentPreviewTest.php"><error line="" message="Class PHPUnit\Framework\TestCase not found and could not be autoloaded." severity="error"/><error line="15" message="Class PHPUnit\Framework\TestCase not found and could not be autoloaded." severity="error"/></file><file name="modules/contrib/sfc/modules/sfc_dev/tests/src/Kernel/ComponentTemplateTest.php"><error line="" message="Class PHPUnit\Framework\TestCase not found and could not be autoloaded." severity="error"/><error line="16" message="Class PHPUnit\Framework\TestCase not found and could not be autoloaded." severity="error"/></file><file name="modules/contrib/sfc/modules/sfc_dev/tests/src/Unit/RefreshComponentAssetsCommandTest.php"><error line="" message="Class Drupal\Tests\sfc\Unit\RefreshComponentAssetsCommandTest was not found while trying to analyse it - autoloading is probably not configured properly." severity="error"/></file><file name="modules/contrib/sfc/modules/sfc_example/tests/src/FunctionalJavascript/ExampleJsTest.php"><error line="" message="Class PHPUnit\Framework\TestCase not found and could not be autoloaded." severity="error"/><error line="16" message="Class PHPUnit\Framework\TestCase not found and could not be autoloaded." severity="error"/></file><file name="modules/contrib/sfc/modules/sfc_example/tests/src/Kernel/ExampleClassTest.php"><error line="" message="Class PHPUnit\Framework\TestCase not found and could not be autoloaded." severity="error"/><error line="18" message="Class PHPUnit\Framework\TestCase not found and could not be autoloaded." severity="error"/></file><file name="modules/contrib/sfc/modules/sfc_example/tests/src/Unit/ExampleClassUnitTest.php"><error line="" message="Class PHPUnit\Framework\TestCase not found and could not be autoloaded." severity="error"/><error line="20" message="Class PHPUnit\Framework\TestCase not found and could not be autoloaded." severity="error"/></file><file name="modules/contrib/sfc/src/Plugin/Derivative/SimpleComponentDeriver.php"><error line="62" message="Call to deprecated function file_scan_directory(). Deprecated in drupal:8.8.0 and is removed from drupal:9.0.0.&#10;Use \Drupal\Core\File\FileSystemInterface::scanDirectory() instead." severity="warning"/></file><file name="modules/contrib/sfc/src/TwigComponentLoader.php"><error line="13" message="Class Drupal\sfc\TwigComponentLoader implements deprecated interface Twig\Loader\ExistsLoaderInterface:&#10;since 1.12 (to be removed in 3.0)" severity="error"/></file><file name="modules/contrib/sfc/tests/modules/sfc_test/src/Plugin/Block/InvalidBlock.php"><error line="" message="Class Drupal\sfc\Plugin\Block\InvalidBlock was not found while trying to analyse it - autoloading is probably not configured properly." severity="error"/></file><file name="modules/contrib/sfc/tests/src/Functional/ComponentControllerTest.php"><error line="" message="Class PHPUnit\Framework\TestCase not found and could not be autoloaded." severity="error"/><error line="13" message="Class PHPUnit\Framework\TestCase not found and could not be autoloaded." severity="error"/></file><file name="modules/contrib/sfc/tests/src/Functional/ComponentTest.php"><error line="" message="Class PHPUnit\Framework\TestCase not found and could not be autoloaded." severity="error"/><error line="13" message="Class PHPUnit\Framework\TestCase not found and could not be autoloaded." severity="error"/></file><file name="modules/contrib/sfc/sfc.info.yml"><error line="0" message="Add &lt;code&gt;core_version_requirement: ^8 || ^9&lt;/code&gt; to sfc.info.yml to designate that the module is compatible with Drupal 9. See https://www.drupal.org/node/3070687." severity="error"/></file></checkstyle>

