<?xml version="1.0"?>
<checkstyle><file name="modules/contrib/simple_oauth/src/Entities/AccessTokenEntity.php"><error line="30" message="Call to deprecated method set() of class Lcobucci\JWT\Builder:&#10;This method will be removed on v4" severity="error"/><error line="30" message="Call to deprecated method setAudience() of class Lcobucci\JWT\Builder:&#10;This method will be removed on v4" severity="error"/><error line="30" message="Call to deprecated method setExpiration() of class Lcobucci\JWT\Builder:&#10;This method will be removed on v4" severity="error"/><error line="30" message="Call to deprecated method setId() of class Lcobucci\JWT\Builder:&#10;This method will be removed on v4" severity="error"/><error line="30" message="Call to deprecated method setIssuedAt() of class Lcobucci\JWT\Builder:&#10;This method will be removed on v4" severity="error"/><error line="30" message="Call to deprecated method setNotBefore() of class Lcobucci\JWT\Builder:&#10;This method will be removed on v4" severity="error"/><error line="30" message="Call to deprecated method setSubject() of class Lcobucci\JWT\Builder:&#10;This method will be removed on v4" severity="error"/><error line="40" message="Call to deprecated method set() of class Lcobucci\JWT\Builder:&#10;This method will be removed on v4" severity="error"/><error line="44" message="Call to deprecated method sign() of class Lcobucci\JWT\Builder:&#10;This method will be removed on v4" severity="error"/></file><file name="modules/contrib/simple_oauth/tests/src/Functional/AuthCodeFunctionalTest.php"><error line="" message="Class PHPUnit\Framework\TestCase not found and could not be autoloaded." severity="error"/><error line="14" message="Class PHPUnit\Framework\TestCase not found and could not be autoloaded." severity="error"/></file><file name="modules/contrib/simple_oauth/tests/src/Functional/ClientCredentialsFunctionalTest.php"><error line="" message="Class PHPUnit\Framework\TestCase not found and could not be autoloaded." severity="error"/><error line="12" message="Class PHPUnit\Framework\TestCase not found and could not be autoloaded." severity="error"/></file><file name="modules/contrib/simple_oauth/tests/src/Functional/ImplicitFunctionalTest.php"><error line="" message="Class PHPUnit\Framework\TestCase not found and could not be autoloaded." severity="error"/><error line="14" message="Class PHPUnit\Framework\TestCase not found and could not be autoloaded." severity="error"/></file><file name="modules/contrib/simple_oauth/tests/src/Functional/PasswordFunctionalTest.php"><error line="" message="Class PHPUnit\Framework\TestCase not found and could not be autoloaded." severity="error"/><error line="10" message="Class PHPUnit\Framework\TestCase not found and could not be autoloaded." severity="error"/></file><file name="modules/contrib/simple_oauth/tests/src/Functional/RefreshFunctionalTest.php"><error line="" message="Class PHPUnit\Framework\TestCase not found and could not be autoloaded." severity="error"/><error line="13" message="Class PHPUnit\Framework\TestCase not found and could not be autoloaded." severity="error"/></file><file name="modules/contrib/simple_oauth/tests/src/Functional/RolesNegotiationFunctionalTest.php"><error line="" message="Class PHPUnit\Framework\TestCase not found and could not be autoloaded." severity="error"/><error line="17" message="Class PHPUnit\Framework\TestCase not found and could not be autoloaded." severity="error"/></file><file name="modules/contrib/simple_oauth/tests/src/Functional/TokenBearerFunctionalTestBase.php"><error line="" message="Class PHPUnit\Framework\TestCase not found and could not be autoloaded." severity="error"/><error line="20" message="Class PHPUnit\Framework\TestCase not found and could not be autoloaded." severity="error"/></file><file name="modules/contrib/simple_oauth/tests/src/Unit/Authentication/Provider/SimpleOauthAuthenticationTest.php"><error line="" message="Class PHPUnit\Framework\TestCase not found and could not be autoloaded." severity="error"/><error line="17" message="Class PHPUnit\Framework\TestCase not found and could not be autoloaded." severity="error"/></file><file name="modules/contrib/simple_oauth/tests/src/Unit/EntityCollectorTest.php"><error line="" message="Class PHPUnit\Framework\TestCase not found and could not be autoloaded." severity="error"/><error line="19" message="Class PHPUnit\Framework\TestCase not found and could not be autoloaded." severity="error"/></file></checkstyle>

