<?xml version="1.0"?>
<checkstyle><file name="modules/contrib/simple_analytics/modules/simple_analytics_event/src/SimpleAnalyticsTracker.php"><error line="22" message="Call to deprecated function drupal_set_message(). Deprecated in drupal:8.5.0 and is removed from drupal:9.0.0.&#10;Use \Drupal\Core\Messenger\MessengerInterface::addMessage() instead." severity="error"/></file><file name="modules/contrib/simple_analytics/src/Plugin/Block/SimpleAnalyticsLive.php"><error line="44" message="Call to deprecated function drupal_set_message(). Deprecated in drupal:8.5.0 and is removed from drupal:9.0.0.&#10;Use \Drupal\Core\Messenger\MessengerInterface::addMessage() instead." severity="error"/></file><file name="modules/contrib/simple_analytics/src/Tests/SimpleAnalyticsTestBase.php"><error line="13" message="Class Drupal\simple_analytics\Tests\SimpleAnalyticsTestBase extends deprecated class Drupal\simpletest\WebTestBase. Deprecated in drupal:8.8.0 and is removed from drupal:9.0.0. Instead,&#10;use \Drupal\Tests\BrowserTestBase. See https://www.drupal.org/node/3030340. Replacement available from drupal:8.6.0." severity="error"/><error line="45" message="Call to method setUp() of deprecated class Drupal\simpletest\WebTestBase. Deprecated in drupal:8.8.0 and is removed from drupal:9.0.0. Instead,&#10;use \Drupal\Tests\BrowserTestBase. See https://www.drupal.org/node/3030340. Replacement available from drupal:8.6.0." severity="error"/></file><file name="modules/contrib/simple_analytics/src/Tests/SimpleAnalyticsUninstallTest.php"><error line="12" message="Class Drupal\simple_analytics\Tests\SimpleAnalyticsUninstallTest extends deprecated class Drupal\simpletest\WebTestBase. Deprecated in drupal:8.8.0 and is removed from drupal:9.0.0. Instead,&#10;use \Drupal\Tests\BrowserTestBase. See https://www.drupal.org/node/3030340. Replacement available from drupal:8.6.0." severity="error"/><error line="25" message="Call to method setUp() of deprecated class Drupal\simpletest\WebTestBase. Deprecated in drupal:8.8.0 and is removed from drupal:9.0.0. Instead,&#10;use \Drupal\Tests\BrowserTestBase. See https://www.drupal.org/node/3030340. Replacement available from drupal:8.6.0." severity="error"/></file><file name="modules/contrib/simple_analytics/simple_analytics.info.yml"><error line="0" message="Add &lt;code&gt;core_version_requirement: ^8 || ^9&lt;/code&gt; to simple_analytics.info.yml to designate that the module is compatible with Drupal 9. See https://www.drupal.org/node/3070687." severity="error"/></file><file name="modules/contrib/simple_analytics/composer.json"><error line="0" message="A drupal/core requirement is not present in composer.json. Having a composer.json is not a requirement for Drupal 9 compatibility but if there is one, it should include a drupal/core requirement." severity="error"/></file></checkstyle>

