<?xml version="1.0"?>
<checkstyle><file name="modules/contrib/social_auth_paypal/src/Controller/PayPalAuthController.php"><error line="" message="Class Drupal\social_auth\Controller\OAuth2ControllerBase not found and could not be autoloaded." severity="error"/><error line="18" message="Class Drupal\social_auth\Controller\OAuth2ControllerBase not found and could not be autoloaded." severity="error"/></file><file name="modules/contrib/social_auth_paypal/src/Plugin/Network/PayPalAuth.php"><error line="" message="Class Drupal\social_auth\Plugin\Network\NetworkBase not found and could not be autoloaded." severity="error"/><error line="28" message="Class Drupal\social_auth\Plugin\Network\NetworkBase not found and could not be autoloaded." severity="error"/></file><file name="modules/contrib/social_auth_paypal/src/Plugin/Network/PayPalAuthInterface.php"><error line="10" message="Class Drupal\social_auth\Plugin\Network\NetworkInterface not found and could not be autoloaded." severity="error"/></file><file name="modules/contrib/social_auth_paypal/tests/src/Functional/SocialAuthPayPalLoginBlockTest.php"><error line="" message="Class Drupal\Tests\social_auth\Functional\SocialAuthTestBase not found and could not be autoloaded." severity="error"/><error line="14" message="Class Drupal\Tests\social_auth\Functional\SocialAuthTestBase not found and could not be autoloaded." severity="error"/></file><file name="modules/contrib/social_auth_paypal/tests/src/Functional/SocialAuthPayPalSettingsFormTest.php"><error line="" message="Class Drupal\Tests\social_auth\Functional\SocialAuthTestBase not found and could not be autoloaded." severity="error"/><error line="14" message="Class Drupal\Tests\social_auth\Functional\SocialAuthTestBase not found and could not be autoloaded." severity="error"/></file><file name="modules/contrib/social_auth_paypal/social_auth_paypal.info.yml"><error line="0" message="Add &lt;code&gt;core_version_requirement: ^8 || ^9&lt;/code&gt; to social_auth_paypal.info.yml to designate that the module is compatible with Drupal 9. See https://www.drupal.org/node/3070687." severity="error"/></file></checkstyle>

