<?xml version="1.0"?>
<checkstyle><file name="modules/contrib/taarikh/tests/src/Functional/LoadTest.php"><error line="" message="Class Drupal\tests\Functional\taarikh\LoadTest was not found while trying to analyse it - autoloading is probably not configured properly." severity="error"/></file><file name="modules/contrib/taarikh/composer.json"><error line="0" message="A drupal/core requirement is not present in composer.json. Having a composer.json is not a requirement for Drupal 9 compatibility but if there is one, it should include a drupal/core requirement." severity="error"/></file></checkstyle>

