<?xml version="1.0"?>
<checkstyle><file name="modules/contrib/tamper/src/TamperInterface.php"><error line="12" message="Interface Drupal\tamper\TamperInterface extends deprecated interface Drupal\Component\Plugin\ConfigurablePluginInterface:&#10;Drupal\Component\Plugin\ConfigurablePluginInterface is deprecated&#10;in Drupal 8.7.0 and will be removed before Drupal 9.0.0. You should implement&#10;ConfigurableInterface and/or DependentPluginInterface directly as needed. If&#10;you implement ConfigurableInterface you may choose to implement&#10;ConfigurablePluginInterface in Drupal 8 as well for maximum compatibility,&#10;however this must be removed prior to Drupal 9." severity="error"/></file><file name="modules/contrib/tamper/tests/src/Kernel/ChainedTamperTest.php"><error line="46" message="Call to deprecated method getMock() of class Drupal\KernelTests\KernelTestBase. Deprecated in drupal:8.5.0 and is removed from drupal:9.0.0.&#10;Use \Drupal\Tests\PhpunitCompatibilityTrait::createMock() instead." severity="error"/><error line="50" message="Call to deprecated method setExpectedException() of class Drupal\KernelTests\KernelTestBase. Deprecated in drupal:8.8.0 and is removed from drupal:9.0.0.&#10;Backward compatibility for PHPUnit 4 will no longer be supported." severity="warning"/></file><file name="modules/contrib/tamper/tests/src/Unit/Adapter/TamperableComplexDataAdapterTest.php"><error line="33" message="Call to deprecated method getMock() of class Drupal\Tests\UnitTestCase. Deprecated in drupal:8.5.0 and is removed from drupal:9.0.0.&#10;Use \Drupal\Tests\PhpunitCompatibilityTrait::createMock() instead." severity="error"/></file><file name="modules/contrib/tamper/tests/src/Unit/Plugin/Tamper/ArrayFilterTest.php"><error line="27" message="Call to deprecated method setExpectedException() of class Drupal\Tests\UnitTestCase. Deprecated in drupal:8.8.0 and is removed from drupal:9.0.0.&#10;Backward compatibility for PHPUnit 4 will no longer be supported." severity="warning"/></file><file name="modules/contrib/tamper/tests/src/Unit/Plugin/Tamper/ConvertCaseTest.php"><error line="38" message="Call to deprecated method setExpectedException() of class Drupal\Tests\UnitTestCase. Deprecated in drupal:8.8.0 and is removed from drupal:9.0.0.&#10;Backward compatibility for PHPUnit 4 will no longer be supported." severity="warning"/><error line="61" message="Call to deprecated method setExpectedException() of class Drupal\Tests\UnitTestCase. Deprecated in drupal:8.8.0 and is removed from drupal:9.0.0.&#10;Backward compatibility for PHPUnit 4 will no longer be supported." severity="warning"/><error line="84" message="Call to deprecated method setExpectedException() of class Drupal\Tests\UnitTestCase. Deprecated in drupal:8.8.0 and is removed from drupal:9.0.0.&#10;Backward compatibility for PHPUnit 4 will no longer be supported." severity="warning"/><error line="107" message="Call to deprecated method setExpectedException() of class Drupal\Tests\UnitTestCase. Deprecated in drupal:8.8.0 and is removed from drupal:9.0.0.&#10;Backward compatibility for PHPUnit 4 will no longer be supported." severity="warning"/><error line="130" message="Call to deprecated method setExpectedException() of class Drupal\Tests\UnitTestCase. Deprecated in drupal:8.8.0 and is removed from drupal:9.0.0.&#10;Backward compatibility for PHPUnit 4 will no longer be supported." severity="warning"/></file><file name="modules/contrib/tamper/tests/src/Unit/Plugin/Tamper/CountryToCodeTest.php"><error line="35" message="Call to deprecated method getMock() of class Drupal\Tests\UnitTestCase. Deprecated in drupal:8.5.0 and is removed from drupal:9.0.0.&#10;Use \Drupal\Tests\PhpunitCompatibilityTrait::createMock() instead." severity="error"/></file><file name="modules/contrib/tamper/tests/src/Unit/Plugin/Tamper/ExplodeTest.php"><error line="36" message="Call to deprecated method setExpectedException() of class Drupal\Tests\UnitTestCase. Deprecated in drupal:8.8.0 and is removed from drupal:9.0.0.&#10;Backward compatibility for PHPUnit 4 will no longer be supported." severity="warning"/><error line="54" message="Call to deprecated method setExpectedException() of class Drupal\Tests\UnitTestCase. Deprecated in drupal:8.8.0 and is removed from drupal:9.0.0.&#10;Backward compatibility for PHPUnit 4 will no longer be supported." severity="warning"/></file><file name="modules/contrib/tamper/tests/src/Unit/Plugin/Tamper/FindReplaceTest.php"><error line="103" message="Call to deprecated method setExpectedException() of class Drupal\Tests\UnitTestCase. Deprecated in drupal:8.8.0 and is removed from drupal:9.0.0.&#10;Backward compatibility for PHPUnit 4 will no longer be supported." severity="warning"/></file><file name="modules/contrib/tamper/tests/src/Unit/Plugin/Tamper/HashTest.php"><error line="31" message="Call to deprecated method getMock() of class Drupal\Tests\UnitTestCase. Deprecated in drupal:8.5.0 and is removed from drupal:9.0.0.&#10;Use \Drupal\Tests\PhpunitCompatibilityTrait::createMock() instead." severity="error"/><error line="73" message="Call to deprecated method setExpectedException() of class Drupal\Tests\UnitTestCase. Deprecated in drupal:8.8.0 and is removed from drupal:9.0.0.&#10;Backward compatibility for PHPUnit 4 will no longer be supported." severity="warning"/></file><file name="modules/contrib/tamper/tests/src/Unit/Plugin/Tamper/HtmlEntityDecodeTest.php"><error line="34" message="Call to deprecated method setExpectedException() of class Drupal\Tests\UnitTestCase. Deprecated in drupal:8.8.0 and is removed from drupal:9.0.0.&#10;Backward compatibility for PHPUnit 4 will no longer be supported." severity="warning"/><error line="37" message="Call to deprecated method setExpectedException() of class Drupal\Tests\UnitTestCase. Deprecated in drupal:8.8.0 and is removed from drupal:9.0.0.&#10;Backward compatibility for PHPUnit 4 will no longer be supported." severity="warning"/><error line="40" message="Call to deprecated method setExpectedException() of class Drupal\Tests\UnitTestCase. Deprecated in drupal:8.8.0 and is removed from drupal:9.0.0.&#10;Backward compatibility for PHPUnit 4 will no longer be supported." severity="warning"/></file><file name="modules/contrib/tamper/tests/src/Unit/Plugin/Tamper/HtmlEntityEncodeTest.php"><error line="34" message="Call to deprecated method setExpectedException() of class Drupal\Tests\UnitTestCase. Deprecated in drupal:8.8.0 and is removed from drupal:9.0.0.&#10;Backward compatibility for PHPUnit 4 will no longer be supported." severity="warning"/></file><file name="modules/contrib/tamper/tests/src/Unit/Plugin/Tamper/ImplodeTest.php"><error line="30" message="Call to deprecated method setExpectedException() of class Drupal\Tests\UnitTestCase. Deprecated in drupal:8.8.0 and is removed from drupal:9.0.0.&#10;Backward compatibility for PHPUnit 4 will no longer be supported." severity="warning"/></file><file name="modules/contrib/tamper/tests/src/Unit/Plugin/Tamper/RequiredTest.php"><error line="52" message="Call to deprecated method setExpectedException() of class Drupal\Tests\UnitTestCase. Deprecated in drupal:8.8.0 and is removed from drupal:9.0.0.&#10;Backward compatibility for PHPUnit 4 will no longer be supported." severity="warning"/><error line="60" message="Call to deprecated method setExpectedException() of class Drupal\Tests\UnitTestCase. Deprecated in drupal:8.8.0 and is removed from drupal:9.0.0.&#10;Backward compatibility for PHPUnit 4 will no longer be supported." severity="warning"/><error line="87" message="Call to deprecated method setExpectedException() of class Drupal\Tests\UnitTestCase. Deprecated in drupal:8.8.0 and is removed from drupal:9.0.0.&#10;Backward compatibility for PHPUnit 4 will no longer be supported." severity="warning"/><error line="100" message="Call to deprecated method setExpectedException() of class Drupal\Tests\UnitTestCase. Deprecated in drupal:8.8.0 and is removed from drupal:9.0.0.&#10;Backward compatibility for PHPUnit 4 will no longer be supported." severity="warning"/><error line="115" message="Call to deprecated method setExpectedException() of class Drupal\Tests\UnitTestCase. Deprecated in drupal:8.8.0 and is removed from drupal:9.0.0.&#10;Backward compatibility for PHPUnit 4 will no longer be supported." severity="warning"/><error line="130" message="Call to deprecated method setExpectedException() of class Drupal\Tests\UnitTestCase. Deprecated in drupal:8.8.0 and is removed from drupal:9.0.0.&#10;Backward compatibility for PHPUnit 4 will no longer be supported." severity="warning"/></file><file name="modules/contrib/tamper/tests/src/Unit/Plugin/Tamper/RewriteTest.php"><error line="33" message="Call to deprecated method getMock() of class Drupal\Tests\UnitTestCase. Deprecated in drupal:8.5.0 and is removed from drupal:9.0.0.&#10;Use \Drupal\Tests\PhpunitCompatibilityTrait::createMock() instead." severity="error"/></file><file name="modules/contrib/tamper/tests/src/Unit/Plugin/Tamper/StrPadTest.php"><error line="75" message="Call to deprecated method setExpectedException() of class Drupal\Tests\UnitTestCase. Deprecated in drupal:8.8.0 and is removed from drupal:9.0.0.&#10;Backward compatibility for PHPUnit 4 will no longer be supported." severity="warning"/></file><file name="modules/contrib/tamper/tests/src/Unit/Plugin/Tamper/StrToTimeTest.php"><error line="38" message="Call to deprecated method setExpectedException() of class Drupal\Tests\UnitTestCase. Deprecated in drupal:8.8.0 and is removed from drupal:9.0.0.&#10;Backward compatibility for PHPUnit 4 will no longer be supported." severity="warning"/></file><file name="modules/contrib/tamper/tests/src/Unit/Plugin/Tamper/StripTagsTest.php"><error line="50" message="Call to deprecated method setExpectedException() of class Drupal\Tests\UnitTestCase. Deprecated in drupal:8.8.0 and is removed from drupal:9.0.0.&#10;Backward compatibility for PHPUnit 4 will no longer be supported." severity="warning"/></file><file name="modules/contrib/tamper/tests/src/Unit/Plugin/Tamper/TamperPluginTestBase.php"><error line="27" message="Call to deprecated method getMock() of class Drupal\Tests\UnitTestCase. Deprecated in drupal:8.5.0 and is removed from drupal:9.0.0.&#10;Use \Drupal\Tests\PhpunitCompatibilityTrait::createMock() instead." severity="error"/><error line="47" message="Call to deprecated method getMock() of class Drupal\Tests\UnitTestCase. Deprecated in drupal:8.5.0 and is removed from drupal:9.0.0.&#10;Use \Drupal\Tests\PhpunitCompatibilityTrait::createMock() instead." severity="error"/><error line="86" message="Call to deprecated method getMock() of class Drupal\Tests\UnitTestCase. Deprecated in drupal:8.5.0 and is removed from drupal:9.0.0.&#10;Use \Drupal\Tests\PhpunitCompatibilityTrait::createMock() instead." severity="error"/></file><file name="modules/contrib/tamper/tests/src/Unit/Plugin/Tamper/UniqueTest.php"><error line="27" message="Call to deprecated method setExpectedException() of class Drupal\Tests\UnitTestCase. Deprecated in drupal:8.8.0 and is removed from drupal:9.0.0.&#10;Backward compatibility for PHPUnit 4 will no longer be supported." severity="warning"/></file><file name="modules/contrib/tamper/tamper.info.yml"><error line="0" message="Add &lt;code&gt;core_version_requirement: ^8 || ^9&lt;/code&gt; to tamper.info.yml to designate that the module is compatible with Drupal 9. See https://www.drupal.org/node/3070687." severity="error"/></file><file name="modules/contrib/tamper/composer.json"><error line="0" message="A drupal/core requirement is not present in composer.json. Having a composer.json is not a requirement for Drupal 9 compatibility but if there is one, it should include a drupal/core requirement." severity="error"/></file></checkstyle>

