<?xml version="1.0"?>
<checkstyle><file name="modules/contrib/theme_by_author/tests/src/Kernel/AuthorThemeNegotiatorTest.php"><error line="" message="Class PHPUnit\Framework\TestCase not found and could not be autoloaded." severity="error"/><error line="16" message="Class PHPUnit\Framework\TestCase not found and could not be autoloaded." severity="error"/></file></checkstyle>

