<?xml version="1.0"?>
<checkstyle><file name="modules/contrib/tmgmt_google/tests/src/Functional/GoogleTranslatorTest.php"><error line="" message="Class PHPUnit\Framework\TestCase not found and could not be autoloaded." severity="error"/><error line="18" message="Class PHPUnit\Framework\TestCase not found and could not be autoloaded." severity="error"/></file></checkstyle>

