<?xml version="1.0"?>
<checkstyle><file name="modules/contrib/translation_views/tests/src/Functional/CommentFullViewFiltersFieldsTest.php"><error line="" message="Class Behat\Mink\WebAssert not found and could not be autoloaded." severity="error"/><error line="49" message="Class Behat\Mink\WebAssert not found and could not be autoloaded." severity="error"/></file><file name="modules/contrib/translation_views/tests/src/Functional/ContentFullViewFiltersFieldsTest.php"><error line="" message="Class Behat\Mink\WebAssert not found and could not be autoloaded." severity="error"/><error line="105" message="Class Behat\Mink\WebAssert not found and could not be autoloaded." severity="error"/></file><file name="modules/contrib/translation_views/tests/src/Functional/ContentModerationIntegration.php"><error line="" message="Class Behat\Mink\WebAssert not found and could not be autoloaded." severity="error"/><error line="81" message="Class Behat\Mink\WebAssert not found and could not be autoloaded." severity="error"/></file><file name="modules/contrib/translation_views/tests/src/Functional/ContentTranslationJobsViewTest.php"><error line="" message="Class Behat\Mink\WebAssert not found and could not be autoloaded." severity="error"/><error line="95" message="Class Behat\Mink\WebAssert not found and could not be autoloaded." severity="error"/></file><file name="modules/contrib/translation_views/tests/src/Functional/TranslationOperationTargetLanguageTest.php"><error line="" message="Class Behat\Mink\WebAssert not found and could not be autoloaded." severity="error"/><error line="150" message="Class Behat\Mink\WebAssert not found and could not be autoloaded." severity="error"/></file><file name="modules/contrib/translation_views/tests/src/Functional/TranslationOperationsFieldPermissionsTest.php"><error line="" message="Class Behat\Mink\WebAssert not found and could not be autoloaded." severity="error"/><error line="149" message="Class Behat\Mink\WebAssert not found and could not be autoloaded." severity="error"/></file><file name="modules/contrib/translation_views/tests/src/Functional/TranslatorsContentIntegrationTest.php"><error line="" message="Class Behat\Mink\WebAssert not found and could not be autoloaded." severity="error"/><error line="19" message="Class Drupal\Tests\translators_content\Functional\TranslatorsContentTestsTrait not found and could not be autoloaded." severity="error"/><error line="160" message="Class Behat\Mink\WebAssert not found and could not be autoloaded." severity="error"/></file></checkstyle>

