<?xml version="1.0"?>
<checkstyle><file name="modules/contrib/translators/modules/translators_content/tests/src/Functional/TranslationViewsIntegrationTest.php"><error line="" message="Class Drupal\Tests\translation_views\Functional\TranslatorsContentIntegrationTest not found and could not be autoloaded." severity="error"/><error line="15" message="Class Drupal\Tests\translation_views\Functional\TranslatorsContentIntegrationTest not found and could not be autoloaded." severity="error"/></file></checkstyle>

