<?xml version="1.0"?>
<checkstyle><file name="modules/contrib/tzfield/tests/src/Functional/TimeZoneFieldTest.php"><error line="" message="Class PHPUnit\Framework\TestCase not found and could not be autoloaded." severity="error"/><error line="12" message="Class PHPUnit\Framework\TestCase not found and could not be autoloaded." severity="error"/></file></checkstyle>

