<?xml version="1.0"?>
<checkstyle><file name="modules/contrib/user_online_status/tests/src/Functional/ServiceTest.php"><error line="" message="Class PHPUnit\Framework\TestCase not found and could not be autoloaded." severity="error"/><error line="13" message="Class PHPUnit\Framework\TestCase not found and could not be autoloaded." severity="error"/></file></checkstyle>

