<?xml version="1.0"?>
<checkstyle><file name="modules/contrib/user_hash/src/Authentication/Provider/UserHash.php"><error line="57" message="Parameter $entity_manager of method Drupal\user_hash\Authentication\Provider\UserHash::__construct() has typehint with deprecated interface Drupal\Core\Entity\EntityManagerInterface. Deprecated in drupal:8.0.0 and is removed from drupal:9.0.0." severity="error"/></file><file name="modules/contrib/user_hash/src/Services.php"><error line="60" message="Parameter $entity_manager of method Drupal\user_hash\Services::__construct() has typehint with deprecated interface Drupal\Core\Entity\EntityManagerInterface. Deprecated in drupal:8.0.0 and is removed from drupal:9.0.0." severity="error"/><error line="80" message="Call to deprecated method randomBytes() of class Drupal\Component\Utility\Crypt. Deprecated in drupal:8.8.0 and is removed from drupal:9.0.0.&#10;Use PHP's built-in random_bytes() function instead." severity="warning"/></file><file name="modules/contrib/user_hash/src/Tests/UserHashGenerationTest.php"><error line="14" message="Class Drupal\user_hash\Tests\UserHashGenerationTest extends deprecated class Drupal\simpletest\WebTestBase. Deprecated in drupal:8.8.0 and is removed from drupal:9.0.0. Instead,&#10;use \Drupal\Tests\BrowserTestBase. See https://www.drupal.org/node/3030340. Replacement available from drupal:8.6.0." severity="error"/><error line="41" message="Call to method setUp() of deprecated class Drupal\simpletest\WebTestBase. Deprecated in drupal:8.8.0 and is removed from drupal:9.0.0. Instead,&#10;use \Drupal\Tests\BrowserTestBase. See https://www.drupal.org/node/3030340. Replacement available from drupal:8.6.0." severity="error"/></file><file name="modules/contrib/user_hash/src/Tests/UserHashSettingsFormTest.php"><error line="14" message="Class Drupal\user_hash\Tests\UserHashSettingsFormTest extends deprecated class Drupal\simpletest\WebTestBase. Deprecated in drupal:8.8.0 and is removed from drupal:9.0.0. Instead,&#10;use \Drupal\Tests\BrowserTestBase. See https://www.drupal.org/node/3030340. Replacement available from drupal:8.6.0." severity="error"/><error line="34" message="Call to method setUp() of deprecated class Drupal\simpletest\WebTestBase. Deprecated in drupal:8.8.0 and is removed from drupal:9.0.0. Instead,&#10;use \Drupal\Tests\BrowserTestBase. See https://www.drupal.org/node/3030340. Replacement available from drupal:8.6.0." severity="error"/></file><file name="modules/contrib/user_hash/user_hash.info.yml"><error line="0" message="Add &lt;code&gt;core_version_requirement: ^8 || ^9&lt;/code&gt; to user_hash.info.yml to designate that the module is compatible with Drupal 9. See https://www.drupal.org/node/3070687." severity="error"/></file><file name="modules/contrib/user_hash/composer.json"><error line="0" message="A drupal/core requirement is not present in composer.json. Having a composer.json is not a requirement for Drupal 9 compatibility but if there is one, it should include a drupal/core requirement." severity="error"/></file></checkstyle>

