<?xml version="1.0"?>
<checkstyle><file name="modules/contrib/views_block_filter_block/tests/src/Functional/IntegrationTest.php"><error line="" message="Class PHPUnit\Framework\TestCase not found and could not be autoloaded." severity="error"/><error line="12" message="Class PHPUnit\Framework\TestCase not found and could not be autoloaded." severity="error"/></file></checkstyle>

