<?xml version="1.0"?>
<checkstyle><file name="modules/contrib/views_custom_cache_tag/tests/src/Functional/CustomCacheTagsTest.php"><error line="" message="Class PHPUnit\Framework\TestCase not found and could not be autoloaded." severity="error"/><error line="17" message="Class PHPUnit\Framework\TestCase not found and could not be autoloaded." severity="error"/></file></checkstyle>

